<?xml version="1.0" encoding="UTF-8"?>
<!-- Generated by org.testng.reporters.JUnitXMLReporter -->
<testsuite ignored="0" hostname="Laptop-2991" failures="1" tests="4" name="MyDriveFileUpload" time="45.496" errors="0" timestamp="2024-04-25T08:40:46 EDT">
  <testcase classname="Unifyed.Unifyed_Engage.MyDrive_Test" name="loginAdminside" time="17.368"/>
  <testcase classname="Unifyed.Unifyed_Engage.MyDrive_Test" name="myDriveFileUpload" time="9.052">
    <skipped/>
  </testcase> <!-- myDriveFileUpload -->
  <testcase classname="Unifyed.Unifyed_Engage.MyDrive_Test" name="myDriveFileUpload" time="1.114">
    <skipped/>
  </testcase> <!-- myDriveFileUpload -->
  <testcase classname="Unifyed.Unifyed_Engage.MyDrive_Test" name="myDriveFileUpload" time="1.114">
    <failure type="org.openqa.selenium.ElementClickInterceptedException" message="element click intercepted: Element &amp;lt;span class=&amp;quot;innertitle&amp;quot;&amp;gt;...&amp;lt;/span&amp;gt; is not clickable at point (134, 512). Other element would receive the click: &amp;lt;div id=&amp;quot;newFile&amp;quot; class=&amp;quot;modal fade u8PopupBg in&amp;quot; role=&amp;quot;newFile&amp;quot; style=&amp;quot;display: block;&amp;quot;&amp;gt;...&amp;lt;/div&amp;gt;
  (Session info: chrome=124.0.6367.62)
Build info: version: &amp;apos;4.11.0&amp;apos;, revision: &amp;apos;040bc5406b&amp;apos;
System info: os.name: &amp;apos;Windows 10&amp;apos;, os.arch: &amp;apos;amd64&amp;apos;, os.version: &amp;apos;10.0&amp;apos;, java.version: &amp;apos;11.0.11&amp;apos;
Driver info: org.openqa.selenium.chrome.ChromeDriver
Command: [6a443a78f26631aad638cedbef009b32, clickElement {id=f.4BA93BC712207A6F1B3E2C25368527B2.d.2D561C9F8B14424AED51D9F1139669AC.e.359}]
Capabilities {acceptInsecureCerts: false, browserName: chrome, browserVersion: 124.0.6367.62, chrome: {chromedriverVersion: 124.0.6367.78 (a087f2dd364d..., userDataDir: C:\Users\PHILIP~1\AppData\L...}, fedcm:accounts: true, goog:chromeOptions: {debuggerAddress: localhost:50656}, networkConnectionEnabled: false, pageLoadStrategy: normal, platformName: windows, proxy: Proxy(), se:cdp: ws://localhost:50656/devtoo..., se:cdpVersion: 124.0.6367.62, setWindowRect: true, strictFileInteractability: false, timeouts: {implicit: 0, pageLoad: 300000, script: 30000}, unhandledPromptBehavior: dismiss and notify, webauthn:extension:credBlob: true, webauthn:extension:largeBlob: true, webauthn:extension:minPinLength: true, webauthn:extension:prf: true, webauthn:virtualAuthenticators: true}
Element: [[ChromeDriver: chrome on windows (6a443a78f26631aad638cedbef009b32)] -&amp;gt; xpath: //a[@id=&amp;apos;d714f79a30d7e033&amp;apos;]/span]
Session ID: 6a443a78f26631aad638cedbef009b32">
      <![CDATA[org.openqa.selenium.ElementClickInterceptedException: element click intercepted: Element <span class="innertitle">...</span> is not clickable at point (134, 512). Other element would receive the click: <div id="newFile" class="modal fade u8PopupBg in" role="newFile" style="display: block;">...</div>
  (Session info: chrome=124.0.6367.62)
Build info: version: '4.11.0', revision: '040bc5406b'
System info: os.name: 'Windows 10', os.arch: 'amd64', os.version: '10.0', java.version: '11.0.11'
Driver info: org.openqa.selenium.chrome.ChromeDriver
Command: [6a443a78f26631aad638cedbef009b32, clickElement {id=f.4BA93BC712207A6F1B3E2C25368527B2.d.2D561C9F8B14424AED51D9F1139669AC.e.359}]
Capabilities {acceptInsecureCerts: false, browserName: chrome, browserVersion: 124.0.6367.62, chrome: {chromedriverVersion: 124.0.6367.78 (a087f2dd364d..., userDataDir: C:\Users\PHILIP~1\AppData\L...}, fedcm:accounts: true, goog:chromeOptions: {debuggerAddress: localhost:50656}, networkConnectionEnabled: false, pageLoadStrategy: normal, platformName: windows, proxy: Proxy(), se:cdp: ws://localhost:50656/devtoo..., se:cdpVersion: 124.0.6367.62, setWindowRect: true, strictFileInteractability: false, timeouts: {implicit: 0, pageLoad: 300000, script: 30000}, unhandledPromptBehavior: dismiss and notify, webauthn:extension:credBlob: true, webauthn:extension:largeBlob: true, webauthn:extension:minPinLength: true, webauthn:extension:prf: true, webauthn:virtualAuthenticators: true}
Element: [[ChromeDriver: chrome on windows (6a443a78f26631aad638cedbef009b32)] -> xpath: //a[@id='d714f79a30d7e033']/span]
Session ID: 6a443a78f26631aad638cedbef009b32
at org.openqa.selenium.remote.codec.w3c.W3CHttpResponseCodec.createException(W3CHttpResponseCodec.java:200)
at org.openqa.selenium.remote.codec.w3c.W3CHttpResponseCodec.decode(W3CHttpResponseCodec.java:133)
at org.openqa.selenium.remote.codec.w3c.W3CHttpResponseCodec.decode(W3CHttpResponseCodec.java:52)
at org.openqa.selenium.remote.HttpCommandExecutor.execute(HttpCommandExecutor.java:191)
at org.openqa.selenium.remote.service.DriverCommandExecutor.invokeExecute(DriverCommandExecutor.java:196)
at org.openqa.selenium.remote.service.DriverCommandExecutor.execute(DriverCommandExecutor.java:171)
at org.openqa.selenium.remote.RemoteWebDriver.execute(RemoteWebDriver.java:518)
at org.openqa.selenium.remote.RemoteWebElement.execute(RemoteWebElement.java:224)
at org.openqa.selenium.remote.RemoteWebElement.click(RemoteWebElement.java:77)
at org.openqa.selenium.support.pagefactory.internal.LocatingElementHandler.invoke(LocatingElementHandler.java:51)
at com.sun.proxy.$Proxy13.click(Unknown Source)
at Unifyed.Unifyed_Engage.AdminPages.AdminMyDriveClass.AddFile(AdminMyDriveClass.java:39)
at Unifyed.Unifyed_Engage.MyDrive_Test.myDriveFileUpload(MyDrive_Test.java:29)
at java.base/java.util.ArrayList.forEach(ArrayList.java:1541)
... Removed 35 stack frames]]>
    </failure>
  </testcase> <!-- myDriveFileUpload -->
</testsuite> <!-- MyDriveFileUpload -->
