<?xml version="1.0" encoding="UTF-8"?>
<!-- Generated by org.testng.reporters.JUnitXMLReporter -->
<testsuite ignored="0" hostname="DESKTOP-HS107DD" failures="1" tests="4" name="MyDriveFileUpload" time="89.107" errors="0" timestamp="2025-04-07T11:22:40 IST">
  <testcase classname="Unifyed.Unifyed_Engage.MyDrive_Test" name="loginAdminside" time="33.574"/>
  <testcase classname="Unifyed.Unifyed_Engage.MyDrive_Test" name="myDriveFileUpload" time="10.179">
    <skipped/>
  </testcase> <!-- myDriveFileUpload -->
  <testcase classname="Unifyed.Unifyed_Engage.MyDrive_Test" name="myDriveFileUpload" time="10.113">
    <skipped/>
  </testcase> <!-- myDriveFileUpload -->
  <testcase classname="Unifyed.Unifyed_Engage.MyDrive_Test" name="myDriveFileUpload" time="10.163">
    <failure type="org.openqa.selenium.ElementNotInteractableException" message="element not interactable
  (Session info: chrome=135.0.7049.42)
Build info: version: &amp;apos;4.11.0&amp;apos;, revision: &amp;apos;040bc5406b&amp;apos;
System info: os.name: &amp;apos;Windows 11&amp;apos;, os.arch: &amp;apos;amd64&amp;apos;, os.version: &amp;apos;10.0&amp;apos;, java.version: &amp;apos;21.0.6&amp;apos;
Driver info: org.openqa.selenium.chrome.ChromeDriver
Command: [48c3ef8b0075e0559922a0f077cf01d0, clickElement {id=f.AD6B3BDD8A1A4E021B4123C2E55983A0.d.79EF9FCA02F27FCCC7F2B5EF9E696A06.e.8395}]
Capabilities {acceptInsecureCerts: false, browserName: chrome, browserVersion: 135.0.7049.42, chrome: {chromedriverVersion: 135.0.7049.42 (0f351bbd2617..., userDataDir: C:\Users\Preeti\AppData\Loc...}, fedcm:accounts: true, goog:chromeOptions: {debuggerAddress: localhost:57307}, networkConnectionEnabled: false, pageLoadStrategy: normal, platformName: windows, proxy: Proxy(), se:cdp: ws://localhost:57307/devtoo..., se:cdpVersion: 135.0.7049.42, setWindowRect: true, strictFileInteractability: false, timeouts: {implicit: 0, pageLoad: 300000, script: 30000}, unhandledPromptBehavior: dismiss and notify, webauthn:extension:credBlob: true, webauthn:extension:largeBlob: true, webauthn:extension:minPinLength: true, webauthn:extension:prf: true, webauthn:virtualAuthenticators: true}
Element: [[ChromeDriver: chrome on windows (48c3ef8b0075e0559922a0f077cf01d0)] -&amp;gt; xpath: //a[@id=&amp;apos;d714f79a30d7e033&amp;apos;]/span]
Session ID: 48c3ef8b0075e0559922a0f077cf01d0">
      <![CDATA[org.openqa.selenium.ElementNotInteractableException: element not interactable
  (Session info: chrome=135.0.7049.42)
Build info: version: '4.11.0', revision: '040bc5406b'
System info: os.name: 'Windows 11', os.arch: 'amd64', os.version: '10.0', java.version: '21.0.6'
Driver info: org.openqa.selenium.chrome.ChromeDriver
Command: [48c3ef8b0075e0559922a0f077cf01d0, clickElement {id=f.AD6B3BDD8A1A4E021B4123C2E55983A0.d.79EF9FCA02F27FCCC7F2B5EF9E696A06.e.8395}]
Capabilities {acceptInsecureCerts: false, browserName: chrome, browserVersion: 135.0.7049.42, chrome: {chromedriverVersion: 135.0.7049.42 (0f351bbd2617..., userDataDir: C:\Users\Preeti\AppData\Loc...}, fedcm:accounts: true, goog:chromeOptions: {debuggerAddress: localhost:57307}, networkConnectionEnabled: false, pageLoadStrategy: normal, platformName: windows, proxy: Proxy(), se:cdp: ws://localhost:57307/devtoo..., se:cdpVersion: 135.0.7049.42, setWindowRect: true, strictFileInteractability: false, timeouts: {implicit: 0, pageLoad: 300000, script: 30000}, unhandledPromptBehavior: dismiss and notify, webauthn:extension:credBlob: true, webauthn:extension:largeBlob: true, webauthn:extension:minPinLength: true, webauthn:extension:prf: true, webauthn:virtualAuthenticators: true}
Element: [[ChromeDriver: chrome on windows (48c3ef8b0075e0559922a0f077cf01d0)] -> xpath: //a[@id='d714f79a30d7e033']/span]
Session ID: 48c3ef8b0075e0559922a0f077cf01d0
at org.openqa.selenium.remote.codec.w3c.W3CHttpResponseCodec.createException(W3CHttpResponseCodec.java:200)
at org.openqa.selenium.remote.codec.w3c.W3CHttpResponseCodec.decode(W3CHttpResponseCodec.java:133)
at org.openqa.selenium.remote.codec.w3c.W3CHttpResponseCodec.decode(W3CHttpResponseCodec.java:52)
at org.openqa.selenium.remote.HttpCommandExecutor.execute(HttpCommandExecutor.java:191)
at org.openqa.selenium.remote.service.DriverCommandExecutor.invokeExecute(DriverCommandExecutor.java:196)
at org.openqa.selenium.remote.service.DriverCommandExecutor.execute(DriverCommandExecutor.java:171)
at org.openqa.selenium.remote.RemoteWebDriver.execute(RemoteWebDriver.java:518)
at org.openqa.selenium.remote.RemoteWebElement.execute(RemoteWebElement.java:224)
at org.openqa.selenium.remote.RemoteWebElement.click(RemoteWebElement.java:77)
at org.openqa.selenium.support.pagefactory.internal.LocatingElementHandler.invoke(LocatingElementHandler.java:51)
at jdk.proxy2/jdk.proxy2.$Proxy13.click(Unknown Source)
at Unifyed.Unifyed_Engage.AdminPages.AdminMyDriveClass.AddFile(AdminMyDriveClass.java:39)
at Unifyed.Unifyed_Engage.MyDrive_Test.myDriveFileUpload(MyDrive_Test.java:29)
at java.base/java.util.ArrayList.forEach(ArrayList.java:1596)
... Removed 30 stack frames]]>
    </failure>
  </testcase> <!-- myDriveFileUpload -->
</testsuite> <!-- MyDriveFileUpload -->
