<?xml version="1.0" encoding="UTF-8"?>
<testsuite xmlns:xsi="http://www.w3.org/2001/XMLSchema-instance" xsi:noNamespaceSchemaLocation="https://maven.apache.org/surefire/maven-surefire-plugin/xsd/surefire-test-report.xsd" name="TestSuite" time="281.361" tests="57" errors="0" skipped="36" failures="18">
  <properties>
    <property name="sun.desktop" value="windows"/>
    <property name="awt.toolkit" value="sun.awt.windows.WToolkit"/>
    <property name="java.specification.version" value="11"/>
    <property name="sun.cpu.isalist" value="amd64"/>
    <property name="sun.jnu.encoding" value="Cp1252"/>
    <property name="java.class.path" value="E:\Projects\Unifyed_Engage\target\test-classes;E:\Projects\Unifyed_Engage\target\classes;C:\Users\philip_parker\.m2\repository\org\seleniumhq\selenium\selenium-java\4.10.0\selenium-java-4.10.0.jar;C:\Users\philip_parker\.m2\repository\org\seleniumhq\selenium\selenium-api\4.10.0\selenium-api-4.10.0.jar;C:\Users\philip_parker\.m2\repository\org\seleniumhq\selenium\selenium-chrome-driver\4.10.0\selenium-chrome-driver-4.10.0.jar;C:\Users\philip_parker\.m2\repository\com\google\auto\service\auto-service-annotations\1.0.1\auto-service-annotations-1.0.1.jar;C:\Users\philip_parker\.m2\repository\com\google\auto\service\auto-service\1.0.1\auto-service-1.0.1.jar;C:\Users\philip_parker\.m2\repository\com\google\auto\auto-common\1.2\auto-common-1.2.jar;C:\Users\philip_parker\.m2\repository\com\google\guava\guava\31.1-jre\guava-31.1-jre.jar;C:\Users\philip_parker\.m2\repository\com\google\guava\failureaccess\1.0.1\failureaccess-1.0.1.jar;C:\Users\philip_parker\.m2\repository\com\google\guava\listenablefuture\9999.0-empty-to-avoid-conflict-with-guava\listenablefuture-9999.0-empty-to-avoid-conflict-with-guava.jar;C:\Users\philip_parker\.m2\repository\com\google\code\findbugs\jsr305\3.0.2\jsr305-3.0.2.jar;C:\Users\philip_parker\.m2\repository\org\checkerframework\checker-qual\3.12.0\checker-qual-3.12.0.jar;C:\Users\philip_parker\.m2\repository\com\google\errorprone\error_prone_annotations\2.11.0\error_prone_annotations-2.11.0.jar;C:\Users\philip_parker\.m2\repository\com\google\j2objc\j2objc-annotations\1.3\j2objc-annotations-1.3.jar;C:\Users\philip_parker\.m2\repository\org\seleniumhq\selenium\selenium-chromium-driver\4.10.0\selenium-chromium-driver-4.10.0.jar;C:\Users\philip_parker\.m2\repository\org\seleniumhq\selenium\selenium-json\4.10.0\selenium-json-4.10.0.jar;C:\Users\philip_parker\.m2\repository\org\seleniumhq\selenium\selenium-manager\4.10.0\selenium-manager-4.10.0.jar;C:\Users\philip_parker\.m2\repository\org\seleniumhq\selenium\selenium-devtools-v112\4.10.0\selenium-devtools-v112-4.10.0.jar;C:\Users\philip_parker\.m2\repository\org\seleniumhq\selenium\selenium-devtools-v113\4.10.0\selenium-devtools-v113-4.10.0.jar;C:\Users\philip_parker\.m2\repository\org\seleniumhq\selenium\selenium-devtools-v114\4.10.0\selenium-devtools-v114-4.10.0.jar;C:\Users\philip_parker\.m2\repository\org\seleniumhq\selenium\selenium-devtools-v85\4.10.0\selenium-devtools-v85-4.10.0.jar;C:\Users\philip_parker\.m2\repository\org\seleniumhq\selenium\selenium-edge-driver\4.10.0\selenium-edge-driver-4.10.0.jar;C:\Users\philip_parker\.m2\repository\org\seleniumhq\selenium\selenium-firefox-driver\4.10.0\selenium-firefox-driver-4.10.0.jar;C:\Users\philip_parker\.m2\repository\org\seleniumhq\selenium\selenium-http\4.10.0\selenium-http-4.10.0.jar;C:\Users\philip_parker\.m2\repository\dev\failsafe\failsafe\3.3.1\failsafe-3.3.1.jar;C:\Users\philip_parker\.m2\repository\org\seleniumhq\selenium\selenium-ie-driver\4.10.0\selenium-ie-driver-4.10.0.jar;C:\Users\philip_parker\.m2\repository\org\seleniumhq\selenium\selenium-remote-driver\4.10.0\selenium-remote-driver-4.10.0.jar;C:\Users\philip_parker\.m2\repository\io\netty\netty-buffer\4.1.92.Final\netty-buffer-4.1.92.Final.jar;C:\Users\philip_parker\.m2\repository\io\netty\netty-codec-http\4.1.92.Final\netty-codec-http-4.1.92.Final.jar;C:\Users\philip_parker\.m2\repository\io\netty\netty-codec\4.1.92.Final\netty-codec-4.1.92.Final.jar;C:\Users\philip_parker\.m2\repository\io\netty\netty-handler\4.1.92.Final\netty-handler-4.1.92.Final.jar;C:\Users\philip_parker\.m2\repository\io\netty\netty-common\4.1.92.Final\netty-common-4.1.92.Final.jar;C:\Users\philip_parker\.m2\repository\io\netty\netty-transport-classes-epoll\4.1.92.Final\netty-transport-classes-epoll-4.1.92.Final.jar;C:\Users\philip_parker\.m2\repository\io\netty\netty-transport-classes-kqueue\4.1.92.Final\netty-transport-classes-kqueue-4.1.92.Final.jar;C:\Users\philip_parker\.m2\repository\io\netty\netty-transport-native-epoll\4.1.92.Final\netty-transport-native-epoll-4.1.92.Final.jar;C:\Users\philip_parker\.m2\repository\io\netty\netty-transport-native-kqueue\4.1.92.Final\netty-transport-native-kqueue-4.1.92.Final.jar;C:\Users\philip_parker\.m2\repository\io\netty\netty-transport-native-unix-common\4.1.92.Final\netty-transport-native-unix-common-4.1.92.Final.jar;C:\Users\philip_parker\.m2\repository\io\netty\netty-transport\4.1.92.Final\netty-transport-4.1.92.Final.jar;C:\Users\philip_parker\.m2\repository\io\netty\netty-resolver\4.1.92.Final\netty-resolver-4.1.92.Final.jar;C:\Users\philip_parker\.m2\repository\io\opentelemetry\opentelemetry-api\1.26.0\opentelemetry-api-1.26.0.jar;C:\Users\philip_parker\.m2\repository\io\opentelemetry\opentelemetry-context\1.26.0\opentelemetry-context-1.26.0.jar;C:\Users\philip_parker\.m2\repository\io\opentelemetry\opentelemetry-exporter-logging\1.26.0\opentelemetry-exporter-logging-1.26.0.jar;C:\Users\philip_parker\.m2\repository\io\opentelemetry\opentelemetry-sdk-metrics\1.26.0\opentelemetry-sdk-metrics-1.26.0.jar;C:\Users\philip_parker\.m2\repository\io\opentelemetry\opentelemetry-extension-incubator\1.26.0-alpha\opentelemetry-extension-incubator-1.26.0-alpha.jar;C:\Users\philip_parker\.m2\repository\io\opentelemetry\opentelemetry-sdk-logs\1.26.0-alpha\opentelemetry-sdk-logs-1.26.0-alpha.jar;C:\Users\philip_parker\.m2\repository\io\opentelemetry\opentelemetry-api-logs\1.26.0-alpha\opentelemetry-api-logs-1.26.0-alpha.jar;C:\Users\philip_parker\.m2\repository\io\opentelemetry\opentelemetry-api-events\1.26.0-alpha\opentelemetry-api-events-1.26.0-alpha.jar;C:\Users\philip_parker\.m2\repository\io\opentelemetry\opentelemetry-sdk-common\1.26.0\opentelemetry-sdk-common-1.26.0.jar;C:\Users\philip_parker\.m2\repository\io\opentelemetry\opentelemetry-sdk-extension-autoconfigure-spi\1.26.0\opentelemetry-sdk-extension-autoconfigure-spi-1.26.0.jar;C:\Users\philip_parker\.m2\repository\io\opentelemetry\opentelemetry-sdk-extension-autoconfigure\1.26.0-alpha\opentelemetry-sdk-extension-autoconfigure-1.26.0-alpha.jar;C:\Users\philip_parker\.m2\repository\io\opentelemetry\opentelemetry-sdk-trace\1.26.0\opentelemetry-sdk-trace-1.26.0.jar;C:\Users\philip_parker\.m2\repository\io\opentelemetry\opentelemetry-sdk\1.26.0\opentelemetry-sdk-1.26.0.jar;C:\Users\philip_parker\.m2\repository\io\opentelemetry\opentelemetry-semconv\1.26.0-alpha\opentelemetry-semconv-1.26.0-alpha.jar;C:\Users\philip_parker\.m2\repository\net\bytebuddy\byte-buddy\1.14.4\byte-buddy-1.14.4.jar;C:\Users\philip_parker\.m2\repository\org\apache\commons\commons-exec\1.3\commons-exec-1.3.jar;C:\Users\philip_parker\.m2\repository\org\asynchttpclient\async-http-client\2.12.3\async-http-client-2.12.3.jar;C:\Users\philip_parker\.m2\repository\org\asynchttpclient\async-http-client-netty-utils\2.12.3\async-http-client-netty-utils-2.12.3.jar;C:\Users\philip_parker\.m2\repository\io\netty\netty-codec-socks\4.1.60.Final\netty-codec-socks-4.1.60.Final.jar;C:\Users\philip_parker\.m2\repository\io\netty\netty-handler-proxy\4.1.60.Final\netty-handler-proxy-4.1.60.Final.jar;C:\Users\philip_parker\.m2\repository\io\netty\netty-transport-native-epoll\4.1.60.Final\netty-transport-native-epoll-4.1.60.Final-linux-x86_64.jar;C:\Users\philip_parker\.m2\repository\io\netty\netty-transport-native-kqueue\4.1.60.Final\netty-transport-native-kqueue-4.1.60.Final-osx-x86_64.jar;C:\Users\philip_parker\.m2\repository\com\typesafe\netty\netty-reactive-streams\2.0.4\netty-reactive-streams-2.0.4.jar;C:\Users\philip_parker\.m2\repository\com\sun\activation\jakarta.activation\1.2.2\jakarta.activation-1.2.2.jar;C:\Users\philip_parker\.m2\repository\org\seleniumhq\selenium\selenium-safari-driver\4.10.0\selenium-safari-driver-4.10.0.jar;C:\Users\philip_parker\.m2\repository\org\seleniumhq\selenium\selenium-support\4.10.0\selenium-support-4.10.0.jar;C:\Users\philip_parker\.m2\repository\org\apache\poi\poi-ooxml\5.2.3\poi-ooxml-5.2.3.jar;C:\Users\philip_parker\.m2\repository\org\apache\poi\poi-ooxml-lite\5.2.3\poi-ooxml-lite-5.2.3.jar;C:\Users\philip_parker\.m2\repository\org\apache\xmlbeans\xmlbeans\5.1.1\xmlbeans-5.1.1.jar;C:\Users\philip_parker\.m2\repository\org\apache\commons\commons-compress\1.21\commons-compress-1.21.jar;C:\Users\philip_parker\.m2\repository\commons-io\commons-io\2.11.0\commons-io-2.11.0.jar;C:\Users\philip_parker\.m2\repository\com\github\virtuald\curvesapi\1.07\curvesapi-1.07.jar;C:\Users\philip_parker\.m2\repository\org\apache\logging\log4j\log4j-api\2.18.0\log4j-api-2.18.0.jar;C:\Users\philip_parker\.m2\repository\org\apache\commons\commons-collections4\4.4\commons-collections4-4.4.jar;C:\Users\philip_parker\.m2\repository\org\apache\poi\poi\5.2.3\poi-5.2.3.jar;C:\Users\philip_parker\.m2\repository\commons-codec\commons-codec\1.15\commons-codec-1.15.jar;C:\Users\philip_parker\.m2\repository\org\apache\commons\commons-math3\3.6.1\commons-math3-3.6.1.jar;C:\Users\philip_parker\.m2\repository\com\zaxxer\SparseBitSet\1.2\SparseBitSet-1.2.jar;C:\Users\philip_parker\.m2\repository\org\testng\testng\7.7.1\testng-7.7.1.jar;C:\Users\philip_parker\.m2\repository\org\slf4j\slf4j-api\1.7.36\slf4j-api-1.7.36.jar;C:\Users\philip_parker\.m2\repository\com\beust\jcommander\1.82\jcommander-1.82.jar;C:\Users\philip_parker\.m2\repository\org\webjars\jquery\3.6.1\jquery-3.6.1.jar;C:\Users\philip_parker\.m2\repository\com\aventstack\extentreports\5.1.1\extentreports-5.1.1.jar;C:\Users\philip_parker\.m2\repository\io\reactivex\rxjava3\rxjava\3.1.6\rxjava-3.1.6.jar;C:\Users\philip_parker\.m2\repository\org\reactivestreams\reactive-streams\1.0.4\reactive-streams-1.0.4.jar;C:\Users\philip_parker\.m2\repository\org\freemarker\freemarker\2.3.32\freemarker-2.3.32.jar;C:\Users\philip_parker\.m2\repository\org\projectlombok\lombok\1.18.26\lombok-1.18.26.jar;C:\Users\philip_parker\.m2\repository\com\google\code\gson\gson\2.10.1\gson-2.10.1.jar;C:\Users\philip_parker\.m2\repository\com\fasterxml\jackson\core\jackson-databind\2.15.2\jackson-databind-2.15.2.jar;C:\Users\philip_parker\.m2\repository\com\fasterxml\jackson\core\jackson-annotations\2.15.2\jackson-annotations-2.15.2.jar;C:\Users\philip_parker\.m2\repository\com\fasterxml\jackson\core\jackson-core\2.15.2\jackson-core-2.15.2.jar;C:\Users\philip_parker\.m2\repository\io\github\bonigarcia\webdrivermanager\5.5.2\webdrivermanager-5.5.2.jar;C:\Users\philip_parker\.m2\repository\com\github\docker-java\docker-java\3.3.3\docker-java-3.3.3.jar;C:\Users\philip_parker\.m2\repository\com\github\docker-java\docker-java-core\3.3.3\docker-java-core-3.3.3.jar;C:\Users\philip_parker\.m2\repository\com\github\docker-java\docker-java-api\3.3.3\docker-java-api-3.3.3.jar;C:\Users\philip_parker\.m2\repository\org\bouncycastle\bcpkix-jdk18on\1.75\bcpkix-jdk18on-1.75.jar;C:\Users\philip_parker\.m2\repository\org\bouncycastle\bcprov-jdk18on\1.75\bcprov-jdk18on-1.75.jar;C:\Users\philip_parker\.m2\repository\org\bouncycastle\bcutil-jdk18on\1.75\bcutil-jdk18on-1.75.jar;C:\Users\philip_parker\.m2\repository\org\slf4j\jcl-over-slf4j\1.7.30\jcl-over-slf4j-1.7.30.jar;C:\Users\philip_parker\.m2\repository\com\github\docker-java\docker-java-transport-httpclient5\3.3.3\docker-java-transport-httpclient5-3.3.3.jar;C:\Users\philip_parker\.m2\repository\com\github\docker-java\docker-java-transport\3.3.3\docker-java-transport-3.3.3.jar;C:\Users\philip_parker\.m2\repository\net\java\dev\jna\jna\5.12.1\jna-5.12.1.jar;C:\Users\philip_parker\.m2\repository\org\brotli\dec\0.1.2\dec-0.1.2.jar;C:\Users\philip_parker\.m2\repository\org\apache\commons\commons-lang3\3.13.0\commons-lang3-3.13.0.jar;C:\Users\philip_parker\.m2\repository\org\apache\httpcomponents\client5\httpclient5\5.2.1\httpclient5-5.2.1.jar;C:\Users\philip_parker\.m2\repository\org\apache\httpcomponents\core5\httpcore5\5.2\httpcore5-5.2.jar;C:\Users\philip_parker\.m2\repository\org\apache\httpcomponents\core5\httpcore5-h2\5.2\httpcore5-h2-5.2.jar;C:\Users\philip_parker\.m2\repository\junit\junit\4.11\junit-4.11.jar;C:\Users\philip_parker\.m2\repository\org\hamcrest\hamcrest-core\1.3\hamcrest-core-1.3.jar;C:\Users\philip_parker\.m2\repository\io\cucumber\cucumber-java\7.14.0\cucumber-java-7.14.0.jar;C:\Users\philip_parker\.m2\repository\io\cucumber\cucumber-core\7.14.0\cucumber-core-7.14.0.jar;C:\Users\philip_parker\.m2\repository\io\cucumber\cucumber-gherkin\7.14.0\cucumber-gherkin-7.14.0.jar;C:\Users\philip_parker\.m2\repository\io\cucumber\cucumber-gherkin-messages\7.14.0\cucumber-gherkin-messages-7.14.0.jar;C:\Users\philip_parker\.m2\repository\io\cucumber\gherkin\26.2.0\gherkin-26.2.0.jar;C:\Users\philip_parker\.m2\repository\io\cucumber\messages\22.0.0\messages-22.0.0.jar;C:\Users\philip_parker\.m2\repository\io\cucumber\tag-expressions\5.0.6\tag-expressions-5.0.6.jar;C:\Users\philip_parker\.m2\repository\io\cucumber\cucumber-expressions\16.1.2\cucumber-expressions-16.1.2.jar;C:\Users\philip_parker\.m2\repository\io\cucumber\datatable\7.14.0\datatable-7.14.0.jar;C:\Users\philip_parker\.m2\repository\io\cucumber\cucumber-plugin\7.14.0\cucumber-plugin-7.14.0.jar;C:\Users\philip_parker\.m2\repository\io\cucumber\docstring\7.14.0\docstring-7.14.0.jar;C:\Users\philip_parker\.m2\repository\io\cucumber\html-formatter\20.4.0\html-formatter-20.4.0.jar;C:\Users\philip_parker\.m2\repository\io\cucumber\junit-xml-formatter\0.2.0\junit-xml-formatter-0.2.0.jar;C:\Users\philip_parker\.m2\repository\io\cucumber\ci-environment\9.2.0\ci-environment-9.2.0.jar;C:\Users\philip_parker\.m2\repository\org\apiguardian\apiguardian-api\1.1.2\apiguardian-api-1.1.2.jar;C:\Users\philip_parker\.m2\repository\io\cucumber\cucumber-testng\7.14.0\cucumber-testng-7.14.0.jar;C:\Users\philip_parker\.m2\repository\com\browserstack\browserstack-java-sdk\1.13.0\browserstack-java-sdk-1.13.0.jar;"/>
    <property name="java.vm.vendor" value="Oracle Corporation"/>
    <property name="cucumber.execution.parallel.config.fixed.parallelism" value="1"/>
    <property name="sun.arch.data.model" value="64"/>
    <property name="OBSERVABILITY_BUILD_HASHED_ID" value="gh37gidszmldlrg6fdvrf7jmen0ggrku8wg6gvqx"/>
    <property name="user.variant" value=""/>
    <property name="java.vendor.url" value="https://openjdk.java.net/"/>
    <property name="user.timezone" value="America/New_York"/>
    <property name="cucumber.execution.parallel.enabled" value="true"/>
    <property name="os.name" value="Windows 10"/>
    <property name="java.vm.specification.version" value="11"/>
    <property name="junit.jupiter.execution.parallel.config.fixed.max-pool-size" value="1"/>
    <property name="sun.java.launcher" value="SUN_STANDARD"/>
    <property name="user.country" value="US"/>
    <property name="sun.boot.library.path" value="C:\Program Files\Java\jdk-11.0.11\bin"/>
    <property name="OBSERVABILITY_ALLOW_SCREENSHOTS" value="true"/>
    <property name="sun.java.command" value="C:\Users\PHILIP~1\AppData\Local\Temp\surefire566884887577482424\surefirebooter15602442304454995336.jar C:\Users\philip_parker\AppData\Local\Temp\surefire566884887577482424 2024-01-11T09-55-43_832-jvmRun1 surefire2640258242978119905tmp surefire_015489304964270070150tmp"/>
    <property name="jdk.debug" value="release"/>
    <property name="surefire.test.class.path" value="E:\Projects\Unifyed_Engage\target\test-classes;E:\Projects\Unifyed_Engage\target\classes;C:\Users\philip_parker\.m2\repository\org\seleniumhq\selenium\selenium-java\4.10.0\selenium-java-4.10.0.jar;C:\Users\philip_parker\.m2\repository\org\seleniumhq\selenium\selenium-api\4.10.0\selenium-api-4.10.0.jar;C:\Users\philip_parker\.m2\repository\org\seleniumhq\selenium\selenium-chrome-driver\4.10.0\selenium-chrome-driver-4.10.0.jar;C:\Users\philip_parker\.m2\repository\com\google\auto\service\auto-service-annotations\1.0.1\auto-service-annotations-1.0.1.jar;C:\Users\philip_parker\.m2\repository\com\google\auto\service\auto-service\1.0.1\auto-service-1.0.1.jar;C:\Users\philip_parker\.m2\repository\com\google\auto\auto-common\1.2\auto-common-1.2.jar;C:\Users\philip_parker\.m2\repository\com\google\guava\guava\31.1-jre\guava-31.1-jre.jar;C:\Users\philip_parker\.m2\repository\com\google\guava\failureaccess\1.0.1\failureaccess-1.0.1.jar;C:\Users\philip_parker\.m2\repository\com\google\guava\listenablefuture\9999.0-empty-to-avoid-conflict-with-guava\listenablefuture-9999.0-empty-to-avoid-conflict-with-guava.jar;C:\Users\philip_parker\.m2\repository\com\google\code\findbugs\jsr305\3.0.2\jsr305-3.0.2.jar;C:\Users\philip_parker\.m2\repository\org\checkerframework\checker-qual\3.12.0\checker-qual-3.12.0.jar;C:\Users\philip_parker\.m2\repository\com\google\errorprone\error_prone_annotations\2.11.0\error_prone_annotations-2.11.0.jar;C:\Users\philip_parker\.m2\repository\com\google\j2objc\j2objc-annotations\1.3\j2objc-annotations-1.3.jar;C:\Users\philip_parker\.m2\repository\org\seleniumhq\selenium\selenium-chromium-driver\4.10.0\selenium-chromium-driver-4.10.0.jar;C:\Users\philip_parker\.m2\repository\org\seleniumhq\selenium\selenium-json\4.10.0\selenium-json-4.10.0.jar;C:\Users\philip_parker\.m2\repository\org\seleniumhq\selenium\selenium-manager\4.10.0\selenium-manager-4.10.0.jar;C:\Users\philip_parker\.m2\repository\org\seleniumhq\selenium\selenium-devtools-v112\4.10.0\selenium-devtools-v112-4.10.0.jar;C:\Users\philip_parker\.m2\repository\org\seleniumhq\selenium\selenium-devtools-v113\4.10.0\selenium-devtools-v113-4.10.0.jar;C:\Users\philip_parker\.m2\repository\org\seleniumhq\selenium\selenium-devtools-v114\4.10.0\selenium-devtools-v114-4.10.0.jar;C:\Users\philip_parker\.m2\repository\org\seleniumhq\selenium\selenium-devtools-v85\4.10.0\selenium-devtools-v85-4.10.0.jar;C:\Users\philip_parker\.m2\repository\org\seleniumhq\selenium\selenium-edge-driver\4.10.0\selenium-edge-driver-4.10.0.jar;C:\Users\philip_parker\.m2\repository\org\seleniumhq\selenium\selenium-firefox-driver\4.10.0\selenium-firefox-driver-4.10.0.jar;C:\Users\philip_parker\.m2\repository\org\seleniumhq\selenium\selenium-http\4.10.0\selenium-http-4.10.0.jar;C:\Users\philip_parker\.m2\repository\dev\failsafe\failsafe\3.3.1\failsafe-3.3.1.jar;C:\Users\philip_parker\.m2\repository\org\seleniumhq\selenium\selenium-ie-driver\4.10.0\selenium-ie-driver-4.10.0.jar;C:\Users\philip_parker\.m2\repository\org\seleniumhq\selenium\selenium-remote-driver\4.10.0\selenium-remote-driver-4.10.0.jar;C:\Users\philip_parker\.m2\repository\io\netty\netty-buffer\4.1.92.Final\netty-buffer-4.1.92.Final.jar;C:\Users\philip_parker\.m2\repository\io\netty\netty-codec-http\4.1.92.Final\netty-codec-http-4.1.92.Final.jar;C:\Users\philip_parker\.m2\repository\io\netty\netty-codec\4.1.92.Final\netty-codec-4.1.92.Final.jar;C:\Users\philip_parker\.m2\repository\io\netty\netty-handler\4.1.92.Final\netty-handler-4.1.92.Final.jar;C:\Users\philip_parker\.m2\repository\io\netty\netty-common\4.1.92.Final\netty-common-4.1.92.Final.jar;C:\Users\philip_parker\.m2\repository\io\netty\netty-transport-classes-epoll\4.1.92.Final\netty-transport-classes-epoll-4.1.92.Final.jar;C:\Users\philip_parker\.m2\repository\io\netty\netty-transport-classes-kqueue\4.1.92.Final\netty-transport-classes-kqueue-4.1.92.Final.jar;C:\Users\philip_parker\.m2\repository\io\netty\netty-transport-native-epoll\4.1.92.Final\netty-transport-native-epoll-4.1.92.Final.jar;C:\Users\philip_parker\.m2\repository\io\netty\netty-transport-native-kqueue\4.1.92.Final\netty-transport-native-kqueue-4.1.92.Final.jar;C:\Users\philip_parker\.m2\repository\io\netty\netty-transport-native-unix-common\4.1.92.Final\netty-transport-native-unix-common-4.1.92.Final.jar;C:\Users\philip_parker\.m2\repository\io\netty\netty-transport\4.1.92.Final\netty-transport-4.1.92.Final.jar;C:\Users\philip_parker\.m2\repository\io\netty\netty-resolver\4.1.92.Final\netty-resolver-4.1.92.Final.jar;C:\Users\philip_parker\.m2\repository\io\opentelemetry\opentelemetry-api\1.26.0\opentelemetry-api-1.26.0.jar;C:\Users\philip_parker\.m2\repository\io\opentelemetry\opentelemetry-context\1.26.0\opentelemetry-context-1.26.0.jar;C:\Users\philip_parker\.m2\repository\io\opentelemetry\opentelemetry-exporter-logging\1.26.0\opentelemetry-exporter-logging-1.26.0.jar;C:\Users\philip_parker\.m2\repository\io\opentelemetry\opentelemetry-sdk-metrics\1.26.0\opentelemetry-sdk-metrics-1.26.0.jar;C:\Users\philip_parker\.m2\repository\io\opentelemetry\opentelemetry-extension-incubator\1.26.0-alpha\opentelemetry-extension-incubator-1.26.0-alpha.jar;C:\Users\philip_parker\.m2\repository\io\opentelemetry\opentelemetry-sdk-logs\1.26.0-alpha\opentelemetry-sdk-logs-1.26.0-alpha.jar;C:\Users\philip_parker\.m2\repository\io\opentelemetry\opentelemetry-api-logs\1.26.0-alpha\opentelemetry-api-logs-1.26.0-alpha.jar;C:\Users\philip_parker\.m2\repository\io\opentelemetry\opentelemetry-api-events\1.26.0-alpha\opentelemetry-api-events-1.26.0-alpha.jar;C:\Users\philip_parker\.m2\repository\io\opentelemetry\opentelemetry-sdk-common\1.26.0\opentelemetry-sdk-common-1.26.0.jar;C:\Users\philip_parker\.m2\repository\io\opentelemetry\opentelemetry-sdk-extension-autoconfigure-spi\1.26.0\opentelemetry-sdk-extension-autoconfigure-spi-1.26.0.jar;C:\Users\philip_parker\.m2\repository\io\opentelemetry\opentelemetry-sdk-extension-autoconfigure\1.26.0-alpha\opentelemetry-sdk-extension-autoconfigure-1.26.0-alpha.jar;C:\Users\philip_parker\.m2\repository\io\opentelemetry\opentelemetry-sdk-trace\1.26.0\opentelemetry-sdk-trace-1.26.0.jar;C:\Users\philip_parker\.m2\repository\io\opentelemetry\opentelemetry-sdk\1.26.0\opentelemetry-sdk-1.26.0.jar;C:\Users\philip_parker\.m2\repository\io\opentelemetry\opentelemetry-semconv\1.26.0-alpha\opentelemetry-semconv-1.26.0-alpha.jar;C:\Users\philip_parker\.m2\repository\net\bytebuddy\byte-buddy\1.14.4\byte-buddy-1.14.4.jar;C:\Users\philip_parker\.m2\repository\org\apache\commons\commons-exec\1.3\commons-exec-1.3.jar;C:\Users\philip_parker\.m2\repository\org\asynchttpclient\async-http-client\2.12.3\async-http-client-2.12.3.jar;C:\Users\philip_parker\.m2\repository\org\asynchttpclient\async-http-client-netty-utils\2.12.3\async-http-client-netty-utils-2.12.3.jar;C:\Users\philip_parker\.m2\repository\io\netty\netty-codec-socks\4.1.60.Final\netty-codec-socks-4.1.60.Final.jar;C:\Users\philip_parker\.m2\repository\io\netty\netty-handler-proxy\4.1.60.Final\netty-handler-proxy-4.1.60.Final.jar;C:\Users\philip_parker\.m2\repository\io\netty\netty-transport-native-epoll\4.1.60.Final\netty-transport-native-epoll-4.1.60.Final-linux-x86_64.jar;C:\Users\philip_parker\.m2\repository\io\netty\netty-transport-native-kqueue\4.1.60.Final\netty-transport-native-kqueue-4.1.60.Final-osx-x86_64.jar;C:\Users\philip_parker\.m2\repository\com\typesafe\netty\netty-reactive-streams\2.0.4\netty-reactive-streams-2.0.4.jar;C:\Users\philip_parker\.m2\repository\com\sun\activation\jakarta.activation\1.2.2\jakarta.activation-1.2.2.jar;C:\Users\philip_parker\.m2\repository\org\seleniumhq\selenium\selenium-safari-driver\4.10.0\selenium-safari-driver-4.10.0.jar;C:\Users\philip_parker\.m2\repository\org\seleniumhq\selenium\selenium-support\4.10.0\selenium-support-4.10.0.jar;C:\Users\philip_parker\.m2\repository\org\apache\poi\poi-ooxml\5.2.3\poi-ooxml-5.2.3.jar;C:\Users\philip_parker\.m2\repository\org\apache\poi\poi-ooxml-lite\5.2.3\poi-ooxml-lite-5.2.3.jar;C:\Users\philip_parker\.m2\repository\org\apache\xmlbeans\xmlbeans\5.1.1\xmlbeans-5.1.1.jar;C:\Users\philip_parker\.m2\repository\org\apache\commons\commons-compress\1.21\commons-compress-1.21.jar;C:\Users\philip_parker\.m2\repository\commons-io\commons-io\2.11.0\commons-io-2.11.0.jar;C:\Users\philip_parker\.m2\repository\com\github\virtuald\curvesapi\1.07\curvesapi-1.07.jar;C:\Users\philip_parker\.m2\repository\org\apache\logging\log4j\log4j-api\2.18.0\log4j-api-2.18.0.jar;C:\Users\philip_parker\.m2\repository\org\apache\commons\commons-collections4\4.4\commons-collections4-4.4.jar;C:\Users\philip_parker\.m2\repository\org\apache\poi\poi\5.2.3\poi-5.2.3.jar;C:\Users\philip_parker\.m2\repository\commons-codec\commons-codec\1.15\commons-codec-1.15.jar;C:\Users\philip_parker\.m2\repository\org\apache\commons\commons-math3\3.6.1\commons-math3-3.6.1.jar;C:\Users\philip_parker\.m2\repository\com\zaxxer\SparseBitSet\1.2\SparseBitSet-1.2.jar;C:\Users\philip_parker\.m2\repository\org\testng\testng\7.7.1\testng-7.7.1.jar;C:\Users\philip_parker\.m2\repository\org\slf4j\slf4j-api\1.7.36\slf4j-api-1.7.36.jar;C:\Users\philip_parker\.m2\repository\com\beust\jcommander\1.82\jcommander-1.82.jar;C:\Users\philip_parker\.m2\repository\org\webjars\jquery\3.6.1\jquery-3.6.1.jar;C:\Users\philip_parker\.m2\repository\com\aventstack\extentreports\5.1.1\extentreports-5.1.1.jar;C:\Users\philip_parker\.m2\repository\io\reactivex\rxjava3\rxjava\3.1.6\rxjava-3.1.6.jar;C:\Users\philip_parker\.m2\repository\org\reactivestreams\reactive-streams\1.0.4\reactive-streams-1.0.4.jar;C:\Users\philip_parker\.m2\repository\org\freemarker\freemarker\2.3.32\freemarker-2.3.32.jar;C:\Users\philip_parker\.m2\repository\org\projectlombok\lombok\1.18.26\lombok-1.18.26.jar;C:\Users\philip_parker\.m2\repository\com\google\code\gson\gson\2.10.1\gson-2.10.1.jar;C:\Users\philip_parker\.m2\repository\com\fasterxml\jackson\core\jackson-databind\2.15.2\jackson-databind-2.15.2.jar;C:\Users\philip_parker\.m2\repository\com\fasterxml\jackson\core\jackson-annotations\2.15.2\jackson-annotations-2.15.2.jar;C:\Users\philip_parker\.m2\repository\com\fasterxml\jackson\core\jackson-core\2.15.2\jackson-core-2.15.2.jar;C:\Users\philip_parker\.m2\repository\io\github\bonigarcia\webdrivermanager\5.5.2\webdrivermanager-5.5.2.jar;C:\Users\philip_parker\.m2\repository\com\github\docker-java\docker-java\3.3.3\docker-java-3.3.3.jar;C:\Users\philip_parker\.m2\repository\com\github\docker-java\docker-java-core\3.3.3\docker-java-core-3.3.3.jar;C:\Users\philip_parker\.m2\repository\com\github\docker-java\docker-java-api\3.3.3\docker-java-api-3.3.3.jar;C:\Users\philip_parker\.m2\repository\org\bouncycastle\bcpkix-jdk18on\1.75\bcpkix-jdk18on-1.75.jar;C:\Users\philip_parker\.m2\repository\org\bouncycastle\bcprov-jdk18on\1.75\bcprov-jdk18on-1.75.jar;C:\Users\philip_parker\.m2\repository\org\bouncycastle\bcutil-jdk18on\1.75\bcutil-jdk18on-1.75.jar;C:\Users\philip_parker\.m2\repository\org\slf4j\jcl-over-slf4j\1.7.30\jcl-over-slf4j-1.7.30.jar;C:\Users\philip_parker\.m2\repository\com\github\docker-java\docker-java-transport-httpclient5\3.3.3\docker-java-transport-httpclient5-3.3.3.jar;C:\Users\philip_parker\.m2\repository\com\github\docker-java\docker-java-transport\3.3.3\docker-java-transport-3.3.3.jar;C:\Users\philip_parker\.m2\repository\net\java\dev\jna\jna\5.12.1\jna-5.12.1.jar;C:\Users\philip_parker\.m2\repository\org\brotli\dec\0.1.2\dec-0.1.2.jar;C:\Users\philip_parker\.m2\repository\org\apache\commons\commons-lang3\3.13.0\commons-lang3-3.13.0.jar;C:\Users\philip_parker\.m2\repository\org\apache\httpcomponents\client5\httpclient5\5.2.1\httpclient5-5.2.1.jar;C:\Users\philip_parker\.m2\repository\org\apache\httpcomponents\core5\httpcore5\5.2\httpcore5-5.2.jar;C:\Users\philip_parker\.m2\repository\org\apache\httpcomponents\core5\httpcore5-h2\5.2\httpcore5-h2-5.2.jar;C:\Users\philip_parker\.m2\repository\junit\junit\4.11\junit-4.11.jar;C:\Users\philip_parker\.m2\repository\org\hamcrest\hamcrest-core\1.3\hamcrest-core-1.3.jar;C:\Users\philip_parker\.m2\repository\io\cucumber\cucumber-java\7.14.0\cucumber-java-7.14.0.jar;C:\Users\philip_parker\.m2\repository\io\cucumber\cucumber-core\7.14.0\cucumber-core-7.14.0.jar;C:\Users\philip_parker\.m2\repository\io\cucumber\cucumber-gherkin\7.14.0\cucumber-gherkin-7.14.0.jar;C:\Users\philip_parker\.m2\repository\io\cucumber\cucumber-gherkin-messages\7.14.0\cucumber-gherkin-messages-7.14.0.jar;C:\Users\philip_parker\.m2\repository\io\cucumber\gherkin\26.2.0\gherkin-26.2.0.jar;C:\Users\philip_parker\.m2\repository\io\cucumber\messages\22.0.0\messages-22.0.0.jar;C:\Users\philip_parker\.m2\repository\io\cucumber\tag-expressions\5.0.6\tag-expressions-5.0.6.jar;C:\Users\philip_parker\.m2\repository\io\cucumber\cucumber-expressions\16.1.2\cucumber-expressions-16.1.2.jar;C:\Users\philip_parker\.m2\repository\io\cucumber\datatable\7.14.0\datatable-7.14.0.jar;C:\Users\philip_parker\.m2\repository\io\cucumber\cucumber-plugin\7.14.0\cucumber-plugin-7.14.0.jar;C:\Users\philip_parker\.m2\repository\io\cucumber\docstring\7.14.0\docstring-7.14.0.jar;C:\Users\philip_parker\.m2\repository\io\cucumber\html-formatter\20.4.0\html-formatter-20.4.0.jar;C:\Users\philip_parker\.m2\repository\io\cucumber\junit-xml-formatter\0.2.0\junit-xml-formatter-0.2.0.jar;C:\Users\philip_parker\.m2\repository\io\cucumber\ci-environment\9.2.0\ci-environment-9.2.0.jar;C:\Users\philip_parker\.m2\repository\org\apiguardian\apiguardian-api\1.1.2\apiguardian-api-1.1.2.jar;C:\Users\philip_parker\.m2\repository\io\cucumber\cucumber-testng\7.14.0\cucumber-testng-7.14.0.jar;C:\Users\philip_parker\.m2\repository\com\browserstack\browserstack-java-sdk\1.13.0\browserstack-java-sdk-1.13.0.jar;"/>
    <property name="sun.cpu.endian" value="little"/>
    <property name="user.home" value="C:\Users\philip_parker"/>
    <property name="user.language" value="en"/>
    <property name="java.specification.vendor" value="Oracle Corporation"/>
    <property name="java.version.date" value="2021-04-20"/>
    <property name="java.home" value="C:\Program Files\Java\jdk-11.0.11"/>
    <property name="junit.jupiter.execution.parallel.mode.default" value="same_thread"/>
    <property name="file.separator" value="\"/>
    <property name="style.color" value="always"/>
    <property name="basedir" value="E:\Projects\Unifyed_Engage"/>
    <property name="java.vm.compressedOopsMode" value="32-bit"/>
    <property name="line.separator" value="&#10;"/>
    <property name="java.specification.name" value="Java Platform API Specification"/>
    <property name="java.vm.specification.vendor" value="Oracle Corporation"/>
    <property name="java.awt.graphicsenv" value="sun.awt.Win32GraphicsEnvironment"/>
    <property name="surefire.real.class.path" value="C:\Users\PHILIP~1\AppData\Local\Temp\surefire566884887577482424\surefirebooter15602442304454995336.jar"/>
    <property name="user.script" value=""/>
    <property name="sun.management.compiler" value="HotSpot 64-Bit Tiered Compilers"/>
    <property name="java.runtime.version" value="11.0.11+9-LTS-194"/>
    <property name="user.name" value="philip_parker"/>
    <property name="path.separator" value=";"/>
    <property name="os.version" value="10.0"/>
    <property name="java.runtime.name" value="Java(TM) SE Runtime Environment"/>
    <property name="file.encoding" value="Cp1252"/>
    <property name="junit.jupiter.execution.parallel.mode.classes.default" value="concurrent"/>
    <property name="junit.jupiter.execution.parallel.config.strategy" value="fixed"/>
    <property name="java.vm.name" value="Java HotSpot(TM) 64-Bit Server VM"/>
    <property name="java.vendor.version" value="18.9"/>
    <property name="junit.jupiter.execution.parallel.enabled" value="true"/>
    <property name="localRepository" value="C:\Users\philip_parker\.m2\repository"/>
    <property name="java.vendor.url.bug" value="https://bugreport.java.com/bugreport/"/>
    <property name="java.io.tmpdir" value="C:\Users\PHILIP~1\AppData\Local\Temp\"/>
    <property name="java.version" value="11.0.11"/>
    <property name="user.dir" value="E:\Projects\Unifyed_Engage"/>
    <property name="os.arch" value="amd64"/>
    <property name="java.vm.specification.name" value="Java Virtual Machine Specification"/>
    <property name="java.awt.printerjob" value="sun.awt.windows.WPrinterJob"/>
    <property name="OBSERVABILITY_JWT" value="eyJhbGciOiJIUzI1NiJ9.eyJpc3MiOiJicm93c2Vyc3RhY2tfb2IiLCJzdWIiOiI1MTQ5MzI0IiwiZ3JvdXBfaWQiOjUwODcwMjIsInVzZXJfaWQiOjUxNDkzMjQsImJ1aWxkX2hhc2hlZF9pZCI6ImdoMzdnaWRzem1sZGxyZzZmZHZyZjdqbWVuMGdncmt1OHdnNmd2cXgiLCJwcm9qZWN0X25hbWUiOiJCcm93c2VyU3RhY2sgU2FtcGxlIiwiaG9va19hc190ZXN0IjoiMSIsImlhdCI6MTcwNDk4NDk2MiwiZXhwIjoxNzA1MzMwNTYyfQ.KzYdwczETFOj2mcD2WZI1flH9kjeCDAqsRebbkEXelU"/>
    <property name="sun.os.patch.level" value=""/>
    <property name="java.library.path" value="C:\Program Files\Java\jdk-11.0.11\bin;C:\Windows\Sun\Java\bin;C:\Windows\system32;C:\Windows;C:/Users/philip_parker/.p2/pool/plugins/org.eclipse.justj.openjdk.hotspot.jre.full.win32.x86_64_21.0.1.v20231028-0937/jre/bin/server;C:/Users/philip_parker/.p2/pool/plugins/org.eclipse.justj.openjdk.hotspot.jre.full.win32.x86_64_21.0.1.v20231028-0937/jre/bin;C:\Program Files\Common Files\Oracle\Java\javapath;C:\Windows\system32;C:\Windows;C:\Windows\System32\Wbem;C:\Windows\System32\WindowsPowerShell\v1.0\;C:\Windows\System32\OpenSSH\;C:\Program Files\PuTTY\;C:\Program Files\Java\jdk-11.0.11;C:\Program Files\Java\jdk-11.0.11\bin;C:\Users\philip_parker\eclipse-workspace\apache-maven-3.8.8\bin;C:\Users\philip_parker\AppData\Local\Microsoft\WindowsApps;C:\Users\philip_parker\AppData\Local\GitHubDesktop\bin;C:\Users\philip_parker\AppData\Local\Programs\Git\cmd;C:\Windows\system32;;."/>
    <property name="junit.jupiter.execution.parallel.config.fixed.parallelism" value="1"/>
    <property name="java.vendor" value="Oracle Corporation"/>
    <property name="java.vm.info" value="mixed mode"/>
    <property name="java.vm.version" value="11.0.11+9-LTS-194"/>
    <property name="cucumber.execution.execution-mode.feature" value="same_thread"/>
    <property name="cucumber.execution.parallel.config.strategy" value="fixed"/>
    <property name="sun.io.unicode.encoding" value="UnicodeLittle"/>
    <property name="java.class.version" value="55.0"/>
  </properties>
  <testcase name="categoryCreate" classname="Unifyed.Unifyed_Engage.Category_Test" time="0">
    <skipped message="Build info: version: &apos;4.10.0&apos;, revision: &apos;c14d967899&apos;&#10;System info: os.name: &apos;Windows 10&apos;, os.arch: &apos;amd64&apos;, os.version: &apos;10.0&apos;, java.version: &apos;11.0.11&apos;&#10;Driver info: org.openqa.selenium.chrome.ChromeDriver&#10;Command: [ab46c66fd055673dad01188e433e5811101b1a05, clickElement {id=node-484734BD-4494-439D-9C4A-3ACDEACAAEF4}]&#10;Capabilities {acceptInsecureCerts: false, browserName: Safari, browserVersion: 13.1.3, optimalHubUrl: hub-aps.browserstack.com, platformName: mac, safari:automaticInspection: false, safari:automaticProfiling: false, safari:diagnose: false, safari:platformBuildVersion: 19H15, safari:platformVersion: 10.15.7, safari:useSimulator: false, setWindowRect: true, strictFileInteractability: false, webdriver.remote.sessionid: ab46c66fd055673dad01188e433..., webkit:WebRTC: {DisableICECandidateFiltering: false, DisableInsecureMediaCapture: false}}&#10;Element: [[ChromeDriver: Safari on mac (ab46c66fd055673dad01188e433e5811101b1a05)] -&gt; xpath: //div[@id=&apos;addToggleMode&apos;]/img]&#10;Session ID: ab46c66fd055673dad01188e433e5811101b1a05"/>
    <system-out><![CDATA[09:56:25.307 [main] WARN org.testng.internal.Configuration - Detected a static method [Unifyed.Unifyed_Engage.TestComponents.BaseClass.launchAppMethod()]. Static configuration methods can cause  unexpected behavior.
09:56:25.326 [main] WARN org.testng.internal.Configuration - Detected a static method [Unifyed.Unifyed_Engage.TestComponents.BaseClass.launchAppMethod()]. Static configuration methods can cause  unexpected behavior.
09:56:25.336 [main] WARN org.testng.internal.Configuration - Detected a static method [Unifyed.Unifyed_Engage.TestComponents.BaseClass.launchAppMethod()]. Static configuration methods can cause  unexpected behavior.
09:56:25.391 [main] WARN org.testng.internal.Configuration - Detected a static method [Unifyed.Unifyed_Engage.TestComponents.BaseClass.launchAppMethod()]. Static configuration methods can cause  unexpected behavior.
09:56:25.401 [main] WARN org.testng.internal.Configuration - Detected a static method [Unifyed.Unifyed_Engage.TestComponents.BaseClass.launchAppMethod()]. Static configuration methods can cause  unexpected behavior.
09:56:25.408 [main] WARN org.testng.internal.Configuration - Detected a static method [Unifyed.Unifyed_Engage.TestComponents.BaseClass.launchAppMethod()]. Static configuration methods can cause  unexpected behavior.
09:56:25.425 [main] WARN org.testng.internal.Configuration - Detected a static method [Unifyed.Unifyed_Engage.TestComponents.BaseClass.launchAppMethod()]. Static configuration methods can cause  unexpected behavior.
09:56:25.431 [main] WARN org.testng.internal.Configuration - Detected a static method [Unifyed.Unifyed_Engage.TestComponents.BaseClass.launchAppMethod()]. Static configuration methods can cause  unexpected behavior.
09:56:25.437 [main] WARN org.testng.internal.Configuration - Detected a static method [Unifyed.Unifyed_Engage.TestComponents.BaseClass.launchAppMethod()]. Static configuration methods can cause  unexpected behavior.
09:56:29.402 [launchAppMethod@2] INFO io.github.bonigarcia.wdm.WebDriverManager - Using chromedriver 120.0.6099.109 (resolved driver for Chrome 120)
09:56:29.411 [launchAppMethod@1] INFO io.github.bonigarcia.wdm.WebDriverManager - Using chromedriver 120.0.6099.109 (resolved driver for Chrome 120)
09:56:29.419 [launchAppMethod@0] INFO io.github.bonigarcia.wdm.WebDriverManager - Using chromedriver 120.0.6099.109 (resolved driver for Chrome 120)
09:56:29.441 [launchAppMethod@2] INFO io.github.bonigarcia.wdm.WebDriverManager - Exporting webdriver.chrome.driver as C:\Users\philip_parker\.cache\selenium\chromedriver\win64\120.0.6099.109\chromedriver.exe
09:56:29.445 [launchAppMethod@1] INFO io.github.bonigarcia.wdm.WebDriverManager - Exporting webdriver.chrome.driver as C:\Users\philip_parker\.cache\selenium\chromedriver\win64\120.0.6099.109\chromedriver.exe
09:56:29.453 [launchAppMethod@0] INFO io.github.bonigarcia.wdm.WebDriverManager - Exporting webdriver.chrome.driver as C:\Users\philip_parker\.cache\selenium\chromedriver\win64\120.0.6099.109\chromedriver.exe
]]></system-out>
    <system-err><![CDATA[Jan 11, 2024 9:56:29 AM org.openqa.selenium.remote.service.DriverService$Builder getLogOutput
INFO: Driver logs no longer sent to console by default; https://www.selenium.dev/documentation/webdriver/drivers/service/#setting-log-output
Jan 11, 2024 9:56:29 AM org.openqa.selenium.remote.service.DriverService$Builder getLogOutput
INFO: Driver logs no longer sent to console by default; https://www.selenium.dev/documentation/webdriver/drivers/service/#setting-log-output
Jan 11, 2024 9:56:29 AM org.openqa.selenium.remote.service.DriverService$Builder getLogOutput
INFO: Driver logs no longer sent to console by default; https://www.selenium.dev/documentation/webdriver/drivers/service/#setting-log-output
Jan 11, 2024 9:56:39 AM org.openqa.selenium.devtools.CdpVersionFinder findNearestMatch
WARNING: Unable to find CDP implementation matching 13
Jan 11, 2024 9:56:39 AM org.openqa.selenium.chromium.ChromiumDriver lambda$new$4
WARNING: Unable to find version of CDP to use for . You may need to include a dependency on a specific version of the CDP using something similar to `org.seleniumhq.selenium:selenium-devtools-v86:4.10.0` where the version ("v86") matches the version of the chromium-based browser you're using and the version number of the artifact is the same as Selenium's.
Jan 11, 2024 9:56:48 AM org.openqa.selenium.devtools.CdpVersionFinder findNearestMatch
WARNING: Unable to find CDP implementation matching 99
Jan 11, 2024 9:56:48 AM org.openqa.selenium.chromium.ChromiumDriver lambda$new$4
WARNING: Unable to find version of CDP to use for . You may need to include a dependency on a specific version of the CDP using something similar to `org.seleniumhq.selenium:selenium-devtools-v86:4.10.0` where the version ("v86") matches the version of the chromium-based browser you're using and the version number of the artifact is the same as Selenium's.
Jan 11, 2024 9:56:49 AM org.openqa.selenium.devtools.CdpEndpointFinder getCdpEndPoint
WARNING: Unable to connect to determine websocket url: java.net.ConnectException: Connection refused: no further information: localhost/0:0:0:0:0:0:0:1:9222
Jan 11, 2024 9:56:49 AM org.openqa.selenium.devtools.CdpVersionFinder findNearestMatch
WARNING: Unable to find CDP implementation matching 103
Jan 11, 2024 9:56:49 AM org.openqa.selenium.chromium.ChromiumDriver lambda$new$4
WARNING: Unable to find version of CDP to use for . You may need to include a dependency on a specific version of the CDP using something similar to `org.seleniumhq.selenium:selenium-devtools-v86:4.10.0` where the version ("v86") matches the version of the chromium-based browser you're using and the version number of the artifact is the same as Selenium's.
]]></system-err>
  </testcase>
  <testcase name="categoryCreate" classname="Unifyed.Unifyed_Engage.Category_Test" time="0">
    <skipped message="Element &lt;img src=&quot;https://staticfiles.unifyed.com/images/menu.png&quot;&gt; could not be scrolled into view&#10;Build info: version: &apos;4.10.0&apos;, revision: &apos;c14d967899&apos;&#10;System info: os.name: &apos;Windows 10&apos;, os.arch: &apos;amd64&apos;, os.version: &apos;10.0&apos;, java.version: &apos;11.0.11&apos;&#10;Driver info: org.openqa.selenium.chrome.ChromeDriver&#10;Command: [76dbb1d1fb352a4a0bdf2b6b3a9f99ae18dd293b, clickElement {id=d322dbb7-e6b8-48de-9779-54105d64eb07}]&#10;Capabilities {acceptInsecureCerts: true, browserName: firefox, browserVersion: 99.0, moz:accessibilityChecks: false, moz:buildID: 20220330194208, moz:geckodriverVersion: 0.31.0, moz:headless: false, moz:processID: 4776, moz:profile: C:\Windows\proxy\rust_mozpr..., moz:shutdownTimeout: 60000, moz:useNonSpecCompliantPointerOrigin: false, moz:webdriverClick: true, optimalHubUrl: hub-aps.browserstack.com, pageLoadStrategy: normal, platformName: windows, platformVersion: 10.0, proxy: Proxy(), setWindowRect: true, strictFileInteractability: false, timeouts: {implicit: 0, pageLoad: 300000, script: 30000}, unhandledPromptBehavior: dismiss and notify, webdriver.remote.sessionid: 76dbb1d1fb352a4a0bdf2b6b3a9...}&#10;Element: [[ChromeDriver: firefox on windows (76dbb1d1fb352a4a0bdf2b6b3a9f99ae18dd293b)] -&gt; xpath: //div[@id=&apos;addToggleMode&apos;]/img]&#10;Session ID: 76dbb1d1fb352a4a0bdf2b6b3a9f99ae18dd293b"/>
  </testcase>
  <testcase name="categoryCreate" classname="Unifyed.Unifyed_Engage.Category_Test" time="0">
    <skipped message="Element &lt;button class=&quot;btn btn-primary&quot; type=&quot;button&quot;&gt; could not be scrolled into view&#10;Build info: version: &apos;4.10.0&apos;, revision: &apos;c14d967899&apos;&#10;System info: os.name: &apos;Windows 10&apos;, os.arch: &apos;amd64&apos;, os.version: &apos;10.0&apos;, java.version: &apos;11.0.11&apos;&#10;Driver info: org.openqa.selenium.chrome.ChromeDriver&#10;Command: [76dbb1d1fb352a4a0bdf2b6b3a9f99ae18dd293b, clickElement {id=a583563a-4c6a-43cc-b38c-6eaa7a851d01}]&#10;Capabilities {acceptInsecureCerts: true, browserName: firefox, browserVersion: 99.0, moz:accessibilityChecks: false, moz:buildID: 20220330194208, moz:geckodriverVersion: 0.31.0, moz:headless: false, moz:processID: 4776, moz:profile: C:\Windows\proxy\rust_mozpr..., moz:shutdownTimeout: 60000, moz:useNonSpecCompliantPointerOrigin: false, moz:webdriverClick: true, optimalHubUrl: hub-aps.browserstack.com, pageLoadStrategy: normal, platformName: windows, platformVersion: 10.0, proxy: Proxy(), setWindowRect: true, strictFileInteractability: false, timeouts: {implicit: 0, pageLoad: 300000, script: 30000}, unhandledPromptBehavior: dismiss and notify, webdriver.remote.sessionid: 76dbb1d1fb352a4a0bdf2b6b3a9...}&#10;Element: [[ChromeDriver: firefox on windows (76dbb1d1fb352a4a0bdf2b6b3a9f99ae18dd293b)] -&gt; xpath: //div[contains(@class, &apos;profile&apos;)]//button[@class=&apos;btn btn-primary&apos;]]&#10;Session ID: 76dbb1d1fb352a4a0bdf2b6b3a9f99ae18dd293b"/>
  </testcase>
  <testcase name="categoryCreate" classname="Unifyed.Unifyed_Engage.Category_Test" time="0">
    <skipped message="Build info: version: &apos;4.10.0&apos;, revision: &apos;c14d967899&apos;&#10;System info: os.name: &apos;Windows 10&apos;, os.arch: &apos;amd64&apos;, os.version: &apos;10.0&apos;, java.version: &apos;11.0.11&apos;&#10;Driver info: org.openqa.selenium.chrome.ChromeDriver&#10;Command: [ab46c66fd055673dad01188e433e5811101b1a05, clickElement {id=node-19B0BE4E-2E10-4CF0-9B55-5EF2313B9706}]&#10;Capabilities {acceptInsecureCerts: false, browserName: Safari, browserVersion: 13.1.3, optimalHubUrl: hub-aps.browserstack.com, platformName: mac, safari:automaticInspection: false, safari:automaticProfiling: false, safari:diagnose: false, safari:platformBuildVersion: 19H15, safari:platformVersion: 10.15.7, safari:useSimulator: false, setWindowRect: true, strictFileInteractability: false, webdriver.remote.sessionid: ab46c66fd055673dad01188e433..., webkit:WebRTC: {DisableICECandidateFiltering: false, DisableInsecureMediaCapture: false}}&#10;Element: [[ChromeDriver: Safari on mac (ab46c66fd055673dad01188e433e5811101b1a05)] -&gt; xpath: //div[contains(@class, &apos;profile&apos;)]//button[@class=&apos;btn btn-primary&apos;]]&#10;Session ID: ab46c66fd055673dad01188e433e5811101b1a05"/>
  </testcase>
  <testcase name="categoryCreate" classname="Unifyed.Unifyed_Engage.Category_Test" time="0.504">
    <failure message="Build info: version: &apos;4.10.0&apos;, revision: &apos;c14d967899&apos;&#10;System info: os.name: &apos;Windows 10&apos;, os.arch: &apos;amd64&apos;, os.version: &apos;10.0&apos;, java.version: &apos;11.0.11&apos;&#10;Driver info: org.openqa.selenium.chrome.ChromeDriver&#10;Command: [ab46c66fd055673dad01188e433e5811101b1a05, clickElement {id=node-19B0BE4E-2E10-4CF0-9B55-5EF2313B9706}]&#10;Capabilities {acceptInsecureCerts: false, browserName: Safari, browserVersion: 13.1.3, optimalHubUrl: hub-aps.browserstack.com, platformName: mac, safari:automaticInspection: false, safari:automaticProfiling: false, safari:diagnose: false, safari:platformBuildVersion: 19H15, safari:platformVersion: 10.15.7, safari:useSimulator: false, setWindowRect: true, strictFileInteractability: false, webdriver.remote.sessionid: ab46c66fd055673dad01188e433..., webkit:WebRTC: {DisableICECandidateFiltering: false, DisableInsecureMediaCapture: false}}&#10;Element: [[ChromeDriver: Safari on mac (ab46c66fd055673dad01188e433e5811101b1a05)] -&gt; xpath: //div[contains(@class, &apos;profile&apos;)]//button[@class=&apos;btn btn-primary&apos;]]&#10;Session ID: ab46c66fd055673dad01188e433e5811101b1a05" type="org.openqa.selenium.ElementNotInteractableException">org.openqa.selenium.ElementNotInteractableException: 
Build info: version: '4.10.0', revision: 'c14d967899'
System info: os.name: 'Windows 10', os.arch: 'amd64', os.version: '10.0', java.version: '11.0.11'
Driver info: org.openqa.selenium.chrome.ChromeDriver
Command: [ab46c66fd055673dad01188e433e5811101b1a05, clickElement {id=node-19B0BE4E-2E10-4CF0-9B55-5EF2313B9706}]
Capabilities {acceptInsecureCerts: false, browserName: Safari, browserVersion: 13.1.3, optimalHubUrl: hub-aps.browserstack.com, platformName: mac, safari:automaticInspection: false, safari:automaticProfiling: false, safari:diagnose: false, safari:platformBuildVersion: 19H15, safari:platformVersion: 10.15.7, safari:useSimulator: false, setWindowRect: true, strictFileInteractability: false, webdriver.remote.sessionid: ab46c66fd055673dad01188e433..., webkit:WebRTC: {DisableICECandidateFiltering: false, DisableInsecureMediaCapture: false}}
Element: [[ChromeDriver: Safari on mac (ab46c66fd055673dad01188e433e5811101b1a05)] -> xpath: //div[contains(@class, 'profile')]//button[@class='btn btn-primary']]
Session ID: ab46c66fd055673dad01188e433e5811101b1a05
	at Unifyed.Unifyed_Engage.Category_Test.categoryCreate(Category_Test.java:39)
</failure>
  </testcase>
  <testcase name="categoryCreate" classname="Unifyed.Unifyed_Engage.Category_Test" time="0.284">
    <failure message="Element &lt;button class=&quot;btn btn-primary&quot; type=&quot;button&quot;&gt; could not be scrolled into view&#10;Build info: version: &apos;4.10.0&apos;, revision: &apos;c14d967899&apos;&#10;System info: os.name: &apos;Windows 10&apos;, os.arch: &apos;amd64&apos;, os.version: &apos;10.0&apos;, java.version: &apos;11.0.11&apos;&#10;Driver info: org.openqa.selenium.chrome.ChromeDriver&#10;Command: [76dbb1d1fb352a4a0bdf2b6b3a9f99ae18dd293b, clickElement {id=a583563a-4c6a-43cc-b38c-6eaa7a851d01}]&#10;Capabilities {acceptInsecureCerts: true, browserName: firefox, browserVersion: 99.0, moz:accessibilityChecks: false, moz:buildID: 20220330194208, moz:geckodriverVersion: 0.31.0, moz:headless: false, moz:processID: 4776, moz:profile: C:\Windows\proxy\rust_mozpr..., moz:shutdownTimeout: 60000, moz:useNonSpecCompliantPointerOrigin: false, moz:webdriverClick: true, optimalHubUrl: hub-aps.browserstack.com, pageLoadStrategy: normal, platformName: windows, platformVersion: 10.0, proxy: Proxy(), setWindowRect: true, strictFileInteractability: false, timeouts: {implicit: 0, pageLoad: 300000, script: 30000}, unhandledPromptBehavior: dismiss and notify, webdriver.remote.sessionid: 76dbb1d1fb352a4a0bdf2b6b3a9...}&#10;Element: [[ChromeDriver: firefox on windows (76dbb1d1fb352a4a0bdf2b6b3a9f99ae18dd293b)] -&gt; xpath: //div[contains(@class, &apos;profile&apos;)]//button[@class=&apos;btn btn-primary&apos;]]&#10;Session ID: 76dbb1d1fb352a4a0bdf2b6b3a9f99ae18dd293b" type="org.openqa.selenium.ElementNotInteractableException"><![CDATA[org.openqa.selenium.ElementNotInteractableException: 
Element <button class="btn btn-primary" type="button"> could not be scrolled into view
Build info: version: '4.10.0', revision: 'c14d967899'
System info: os.name: 'Windows 10', os.arch: 'amd64', os.version: '10.0', java.version: '11.0.11'
Driver info: org.openqa.selenium.chrome.ChromeDriver
Command: [76dbb1d1fb352a4a0bdf2b6b3a9f99ae18dd293b, clickElement {id=a583563a-4c6a-43cc-b38c-6eaa7a851d01}]
Capabilities {acceptInsecureCerts: true, browserName: firefox, browserVersion: 99.0, moz:accessibilityChecks: false, moz:buildID: 20220330194208, moz:geckodriverVersion: 0.31.0, moz:headless: false, moz:processID: 4776, moz:profile: C:\Windows\proxy\rust_mozpr..., moz:shutdownTimeout: 60000, moz:useNonSpecCompliantPointerOrigin: false, moz:webdriverClick: true, optimalHubUrl: hub-aps.browserstack.com, pageLoadStrategy: normal, platformName: windows, platformVersion: 10.0, proxy: Proxy(), setWindowRect: true, strictFileInteractability: false, timeouts: {implicit: 0, pageLoad: 300000, script: 30000}, unhandledPromptBehavior: dismiss and notify, webdriver.remote.sessionid: 76dbb1d1fb352a4a0bdf2b6b3a9...}
Element: [[ChromeDriver: firefox on windows (76dbb1d1fb352a4a0bdf2b6b3a9f99ae18dd293b)] -> xpath: //div[contains(@class, 'profile')]//button[@class='btn btn-primary']]
Session ID: 76dbb1d1fb352a4a0bdf2b6b3a9f99ae18dd293b
	at Unifyed.Unifyed_Engage.Category_Test.categoryCreate(Category_Test.java:39)
]]></failure>
  </testcase>
  <testcase name="categoryCreate" classname="Unifyed.Unifyed_Engage.Category_Test" time="1.21"/>
  <testcase name="categoryEdit" classname="Unifyed.Unifyed_Engage.Category_Test" time="0">
    <skipped/>
  </testcase>
  <testcase name="categoryEdit" classname="Unifyed.Unifyed_Engage.Category_Test" time="0">
    <skipped/>
  </testcase>
  <testcase name="categoryEdit" classname="Unifyed.Unifyed_Engage.Category_Test" time="0.124">
    <failure type="java.lang.NullPointerException">java.lang.NullPointerException
	at Unifyed.Unifyed_Engage.Category_Test.categoryEdit(Category_Test.java:48)
</failure>
  </testcase>
  <testcase name="categoryEdit" classname="Unifyed.Unifyed_Engage.Category_Test" time="0">
    <skipped/>
  </testcase>
  <testcase name="categoryEdit" classname="Unifyed.Unifyed_Engage.Category_Test" time="0">
    <skipped/>
  </testcase>
  <testcase name="categoryEdit" classname="Unifyed.Unifyed_Engage.Category_Test" time="0.506">
    <failure type="java.lang.NullPointerException">java.lang.NullPointerException
	at Unifyed.Unifyed_Engage.Category_Test.categoryEdit(Category_Test.java:48)
</failure>
  </testcase>
  <testcase name="categoryEdit" classname="Unifyed.Unifyed_Engage.Category_Test" time="1.132"/>
  <testcase name="categoryDelete" classname="Unifyed.Unifyed_Engage.Category_Test" time="0">
    <skipped/>
  </testcase>
  <testcase name="categoryDelete" classname="Unifyed.Unifyed_Engage.Category_Test" time="0">
    <skipped/>
  </testcase>
  <testcase name="categoryDelete" classname="Unifyed.Unifyed_Engage.Category_Test" time="0.148">
    <failure type="java.lang.NullPointerException">java.lang.NullPointerException
	at Unifyed.Unifyed_Engage.Category_Test.categoryDelete(Category_Test.java:53)
</failure>
  </testcase>
  <testcase name="categoryDelete" classname="Unifyed.Unifyed_Engage.Category_Test" time="0">
    <skipped/>
  </testcase>
  <testcase name="categoryDelete" classname="Unifyed.Unifyed_Engage.Category_Test" time="0">
    <skipped/>
  </testcase>
  <testcase name="categoryDelete" classname="Unifyed.Unifyed_Engage.Category_Test" time="2.377">
    <failure type="java.lang.NullPointerException">java.lang.NullPointerException
	at Unifyed.Unifyed_Engage.Category_Test.categoryDelete(Category_Test.java:53)
</failure>
  </testcase>
  <testcase name="categoryDelete" classname="Unifyed.Unifyed_Engage.Category_Test" time="1.338"/>
  <testcase name="LoginLogoutMethod" classname="Unifyed.Unifyed_Engage.LoginLogoutTest" time="0">
    <skipped message="Build info: version: &apos;4.10.0&apos;, revision: &apos;c14d967899&apos;&#10;System info: os.name: &apos;Windows 10&apos;, os.arch: &apos;amd64&apos;, os.version: &apos;10.0&apos;, java.version: &apos;11.0.11&apos;&#10;Driver info: org.openqa.selenium.chrome.ChromeDriver&#10;Command: [ab46c66fd055673dad01188e433e5811101b1a05, clickElement {id=node-19B0BE4E-2E10-4CF0-9B55-5EF2313B9706}]&#10;Capabilities {acceptInsecureCerts: false, browserName: Safari, browserVersion: 13.1.3, optimalHubUrl: hub-aps.browserstack.com, platformName: mac, safari:automaticInspection: false, safari:automaticProfiling: false, safari:diagnose: false, safari:platformBuildVersion: 19H15, safari:platformVersion: 10.15.7, safari:useSimulator: false, setWindowRect: true, strictFileInteractability: false, webdriver.remote.sessionid: ab46c66fd055673dad01188e433..., webkit:WebRTC: {DisableICECandidateFiltering: false, DisableInsecureMediaCapture: false}}&#10;Element: [[ChromeDriver: Safari on mac (ab46c66fd055673dad01188e433e5811101b1a05)] -&gt; xpath: //div[contains(@class, &apos;profile&apos;)]//button[@class=&apos;btn btn-primary&apos;]]&#10;Session ID: ab46c66fd055673dad01188e433e5811101b1a05"/>
    <system-err><![CDATA[ERROR StatusLogger Unrecognized format specifier [d]
ERROR StatusLogger Unrecognized conversion specifier [d] starting at position 16 in conversion pattern.
ERROR StatusLogger Unrecognized format specifier [thread]
ERROR StatusLogger Unrecognized conversion specifier [thread] starting at position 25 in conversion pattern.
ERROR StatusLogger Unrecognized format specifier [level]
ERROR StatusLogger Unrecognized conversion specifier [level] starting at position 35 in conversion pattern.
ERROR StatusLogger Unrecognized format specifier [logger]
ERROR StatusLogger Unrecognized conversion specifier [logger] starting at position 47 in conversion pattern.
ERROR StatusLogger Unrecognized format specifier [msg]
ERROR StatusLogger Unrecognized conversion specifier [msg] starting at position 54 in conversion pattern.
ERROR StatusLogger Unrecognized format specifier [n]
ERROR StatusLogger Unrecognized conversion specifier [n] starting at position 56 in conversion pattern.
ERROR StatusLogger Unrecognized format specifier [d]
ERROR StatusLogger Unrecognized conversion specifier [d] starting at position 16 in conversion pattern.
ERROR StatusLogger Unrecognized format specifier [thread]
ERROR StatusLogger Unrecognized conversion specifier [thread] starting at position 25 in conversion pattern.
ERROR StatusLogger Unrecognized format specifier [level]
ERROR StatusLogger Unrecognized conversion specifier [level] starting at position 35 in conversion pattern.
ERROR StatusLogger Unrecognized format specifier [logger]
ERROR StatusLogger Unrecognized conversion specifier [logger] starting at position 47 in conversion pattern.
ERROR StatusLogger Unrecognized format specifier [msg]
ERROR StatusLogger Unrecognized conversion specifier [msg] starting at position 54 in conversion pattern.
ERROR StatusLogger Unrecognized format specifier [n]
ERROR StatusLogger Unrecognized conversion specifier [n] starting at position 56 in conversion pattern.
]]></system-err>
  </testcase>
  <testcase name="LoginLogoutMethod" classname="Unifyed.Unifyed_Engage.LoginLogoutTest" time="0">
    <skipped message="Build info: version: &apos;4.10.0&apos;, revision: &apos;c14d967899&apos;&#10;System info: os.name: &apos;Windows 10&apos;, os.arch: &apos;amd64&apos;, os.version: &apos;10.0&apos;, java.version: &apos;11.0.11&apos;&#10;Driver info: org.openqa.selenium.chrome.ChromeDriver&#10;Command: [ab46c66fd055673dad01188e433e5811101b1a05, clickElement {id=node-19B0BE4E-2E10-4CF0-9B55-5EF2313B9706}]&#10;Capabilities {acceptInsecureCerts: false, browserName: Safari, browserVersion: 13.1.3, optimalHubUrl: hub-aps.browserstack.com, platformName: mac, safari:automaticInspection: false, safari:automaticProfiling: false, safari:diagnose: false, safari:platformBuildVersion: 19H15, safari:platformVersion: 10.15.7, safari:useSimulator: false, setWindowRect: true, strictFileInteractability: false, webdriver.remote.sessionid: ab46c66fd055673dad01188e433..., webkit:WebRTC: {DisableICECandidateFiltering: false, DisableInsecureMediaCapture: false}}&#10;Element: [[ChromeDriver: Safari on mac (ab46c66fd055673dad01188e433e5811101b1a05)] -&gt; xpath: //div[contains(@class, &apos;profile&apos;)]//button[@class=&apos;btn btn-primary&apos;]]&#10;Session ID: ab46c66fd055673dad01188e433e5811101b1a05"/>
  </testcase>
  <testcase name="LoginLogoutMethod" classname="Unifyed.Unifyed_Engage.LoginLogoutTest" time="0.419">
    <failure message="Build info: version: &apos;4.10.0&apos;, revision: &apos;c14d967899&apos;&#10;System info: os.name: &apos;Windows 10&apos;, os.arch: &apos;amd64&apos;, os.version: &apos;10.0&apos;, java.version: &apos;11.0.11&apos;&#10;Driver info: org.openqa.selenium.chrome.ChromeDriver&#10;Command: [ab46c66fd055673dad01188e433e5811101b1a05, clickElement {id=node-19B0BE4E-2E10-4CF0-9B55-5EF2313B9706}]&#10;Capabilities {acceptInsecureCerts: false, browserName: Safari, browserVersion: 13.1.3, optimalHubUrl: hub-aps.browserstack.com, platformName: mac, safari:automaticInspection: false, safari:automaticProfiling: false, safari:diagnose: false, safari:platformBuildVersion: 19H15, safari:platformVersion: 10.15.7, safari:useSimulator: false, setWindowRect: true, strictFileInteractability: false, webdriver.remote.sessionid: ab46c66fd055673dad01188e433..., webkit:WebRTC: {DisableICECandidateFiltering: false, DisableInsecureMediaCapture: false}}&#10;Element: [[ChromeDriver: Safari on mac (ab46c66fd055673dad01188e433e5811101b1a05)] -&gt; xpath: //div[contains(@class, &apos;profile&apos;)]//button[@class=&apos;btn btn-primary&apos;]]&#10;Session ID: ab46c66fd055673dad01188e433e5811101b1a05" type="org.openqa.selenium.ElementNotInteractableException">org.openqa.selenium.ElementNotInteractableException: 
Build info: version: '4.10.0', revision: 'c14d967899'
System info: os.name: 'Windows 10', os.arch: 'amd64', os.version: '10.0', java.version: '11.0.11'
Driver info: org.openqa.selenium.chrome.ChromeDriver
Command: [ab46c66fd055673dad01188e433e5811101b1a05, clickElement {id=node-19B0BE4E-2E10-4CF0-9B55-5EF2313B9706}]
Capabilities {acceptInsecureCerts: false, browserName: Safari, browserVersion: 13.1.3, optimalHubUrl: hub-aps.browserstack.com, platformName: mac, safari:automaticInspection: false, safari:automaticProfiling: false, safari:diagnose: false, safari:platformBuildVersion: 19H15, safari:platformVersion: 10.15.7, safari:useSimulator: false, setWindowRect: true, strictFileInteractability: false, webdriver.remote.sessionid: ab46c66fd055673dad01188e433..., webkit:WebRTC: {DisableICECandidateFiltering: false, DisableInsecureMediaCapture: false}}
Element: [[ChromeDriver: Safari on mac (ab46c66fd055673dad01188e433e5811101b1a05)] -> xpath: //div[contains(@class, 'profile')]//button[@class='btn btn-primary']]
Session ID: ab46c66fd055673dad01188e433e5811101b1a05
	at Unifyed.Unifyed_Engage.LoginLogoutTest.LoginLogoutMethod(LoginLogoutTest.java:20)
</failure>
  </testcase>
  <testcase name="LoginLogoutMethod" classname="Unifyed.Unifyed_Engage.LoginLogoutTest" time="0">
    <skipped message="Build info: version: &apos;4.10.0&apos;, revision: &apos;c14d967899&apos;&#10;System info: os.name: &apos;Windows 10&apos;, os.arch: &apos;amd64&apos;, os.version: &apos;10.0&apos;, java.version: &apos;11.0.11&apos;&#10;Driver info: org.openqa.selenium.chrome.ChromeDriver&#10;Command: [ab46c66fd055673dad01188e433e5811101b1a05, clickElement {id=node-19B0BE4E-2E10-4CF0-9B55-5EF2313B9706}]&#10;Capabilities {acceptInsecureCerts: false, browserName: Safari, browserVersion: 13.1.3, optimalHubUrl: hub-aps.browserstack.com, platformName: mac, safari:automaticInspection: false, safari:automaticProfiling: false, safari:diagnose: false, safari:platformBuildVersion: 19H15, safari:platformVersion: 10.15.7, safari:useSimulator: false, setWindowRect: true, strictFileInteractability: false, webdriver.remote.sessionid: ab46c66fd055673dad01188e433..., webkit:WebRTC: {DisableICECandidateFiltering: false, DisableInsecureMediaCapture: false}}&#10;Element: [[ChromeDriver: Safari on mac (ab46c66fd055673dad01188e433e5811101b1a05)] -&gt; xpath: //div[contains(@class, &apos;profile&apos;)]//button[@class=&apos;btn btn-primary&apos;]]&#10;Session ID: ab46c66fd055673dad01188e433e5811101b1a05"/>
  </testcase>
  <testcase name="LoginLogoutMethod" classname="Unifyed.Unifyed_Engage.LoginLogoutTest" time="0">
    <skipped message="Build info: version: &apos;4.10.0&apos;, revision: &apos;c14d967899&apos;&#10;System info: os.name: &apos;Windows 10&apos;, os.arch: &apos;amd64&apos;, os.version: &apos;10.0&apos;, java.version: &apos;11.0.11&apos;&#10;Driver info: org.openqa.selenium.chrome.ChromeDriver&#10;Command: [ab46c66fd055673dad01188e433e5811101b1a05, clickElement {id=node-19B0BE4E-2E10-4CF0-9B55-5EF2313B9706}]&#10;Capabilities {acceptInsecureCerts: false, browserName: Safari, browserVersion: 13.1.3, optimalHubUrl: hub-aps.browserstack.com, platformName: mac, safari:automaticInspection: false, safari:automaticProfiling: false, safari:diagnose: false, safari:platformBuildVersion: 19H15, safari:platformVersion: 10.15.7, safari:useSimulator: false, setWindowRect: true, strictFileInteractability: false, webdriver.remote.sessionid: ab46c66fd055673dad01188e433..., webkit:WebRTC: {DisableICECandidateFiltering: false, DisableInsecureMediaCapture: false}}&#10;Element: [[ChromeDriver: Safari on mac (ab46c66fd055673dad01188e433e5811101b1a05)] -&gt; xpath: //div[contains(@class, &apos;profile&apos;)]//button[@class=&apos;btn btn-primary&apos;]]&#10;Session ID: ab46c66fd055673dad01188e433e5811101b1a05"/>
  </testcase>
  <testcase name="LoginLogoutMethod" classname="Unifyed.Unifyed_Engage.LoginLogoutTest" time="0.379">
    <failure message="Build info: version: &apos;4.10.0&apos;, revision: &apos;c14d967899&apos;&#10;System info: os.name: &apos;Windows 10&apos;, os.arch: &apos;amd64&apos;, os.version: &apos;10.0&apos;, java.version: &apos;11.0.11&apos;&#10;Driver info: org.openqa.selenium.chrome.ChromeDriver&#10;Command: [ab46c66fd055673dad01188e433e5811101b1a05, clickElement {id=node-19B0BE4E-2E10-4CF0-9B55-5EF2313B9706}]&#10;Capabilities {acceptInsecureCerts: false, browserName: Safari, browserVersion: 13.1.3, optimalHubUrl: hub-aps.browserstack.com, platformName: mac, safari:automaticInspection: false, safari:automaticProfiling: false, safari:diagnose: false, safari:platformBuildVersion: 19H15, safari:platformVersion: 10.15.7, safari:useSimulator: false, setWindowRect: true, strictFileInteractability: false, webdriver.remote.sessionid: ab46c66fd055673dad01188e433..., webkit:WebRTC: {DisableICECandidateFiltering: false, DisableInsecureMediaCapture: false}}&#10;Element: [[ChromeDriver: Safari on mac (ab46c66fd055673dad01188e433e5811101b1a05)] -&gt; xpath: //div[contains(@class, &apos;profile&apos;)]//button[@class=&apos;btn btn-primary&apos;]]&#10;Session ID: ab46c66fd055673dad01188e433e5811101b1a05" type="org.openqa.selenium.ElementNotInteractableException">org.openqa.selenium.ElementNotInteractableException: 
Build info: version: '4.10.0', revision: 'c14d967899'
System info: os.name: 'Windows 10', os.arch: 'amd64', os.version: '10.0', java.version: '11.0.11'
Driver info: org.openqa.selenium.chrome.ChromeDriver
Command: [ab46c66fd055673dad01188e433e5811101b1a05, clickElement {id=node-19B0BE4E-2E10-4CF0-9B55-5EF2313B9706}]
Capabilities {acceptInsecureCerts: false, browserName: Safari, browserVersion: 13.1.3, optimalHubUrl: hub-aps.browserstack.com, platformName: mac, safari:automaticInspection: false, safari:automaticProfiling: false, safari:diagnose: false, safari:platformBuildVersion: 19H15, safari:platformVersion: 10.15.7, safari:useSimulator: false, setWindowRect: true, strictFileInteractability: false, webdriver.remote.sessionid: ab46c66fd055673dad01188e433..., webkit:WebRTC: {DisableICECandidateFiltering: false, DisableInsecureMediaCapture: false}}
Element: [[ChromeDriver: Safari on mac (ab46c66fd055673dad01188e433e5811101b1a05)] -> xpath: //div[contains(@class, 'profile')]//button[@class='btn btn-primary']]
Session ID: ab46c66fd055673dad01188e433e5811101b1a05
	at Unifyed.Unifyed_Engage.LoginLogoutTest.LoginLogoutMethod(LoginLogoutTest.java:20)
</failure>
  </testcase>
  <testcase name="LoginLogoutMethod" classname="Unifyed.Unifyed_Engage.LoginLogoutTest" time="0">
    <skipped message="Element &lt;button class=&quot;btn btn-primary&quot; type=&quot;button&quot;&gt; could not be scrolled into view&#10;Build info: version: &apos;4.10.0&apos;, revision: &apos;c14d967899&apos;&#10;System info: os.name: &apos;Windows 10&apos;, os.arch: &apos;amd64&apos;, os.version: &apos;10.0&apos;, java.version: &apos;11.0.11&apos;&#10;Driver info: org.openqa.selenium.chrome.ChromeDriver&#10;Command: [76dbb1d1fb352a4a0bdf2b6b3a9f99ae18dd293b, clickElement {id=a583563a-4c6a-43cc-b38c-6eaa7a851d01}]&#10;Capabilities {acceptInsecureCerts: true, browserName: firefox, browserVersion: 99.0, moz:accessibilityChecks: false, moz:buildID: 20220330194208, moz:geckodriverVersion: 0.31.0, moz:headless: false, moz:processID: 4776, moz:profile: C:\Windows\proxy\rust_mozpr..., moz:shutdownTimeout: 60000, moz:useNonSpecCompliantPointerOrigin: false, moz:webdriverClick: true, optimalHubUrl: hub-aps.browserstack.com, pageLoadStrategy: normal, platformName: windows, platformVersion: 10.0, proxy: Proxy(), setWindowRect: true, strictFileInteractability: false, timeouts: {implicit: 0, pageLoad: 300000, script: 30000}, unhandledPromptBehavior: dismiss and notify, webdriver.remote.sessionid: 76dbb1d1fb352a4a0bdf2b6b3a9...}&#10;Element: [[ChromeDriver: firefox on windows (76dbb1d1fb352a4a0bdf2b6b3a9f99ae18dd293b)] -&gt; xpath: //div[contains(@class, &apos;profile&apos;)]//button[@class=&apos;btn btn-primary&apos;]]&#10;Session ID: 76dbb1d1fb352a4a0bdf2b6b3a9f99ae18dd293b"/>
  </testcase>
  <testcase name="LoginLogoutMethod" classname="Unifyed.Unifyed_Engage.LoginLogoutTest" time="0">
    <skipped message="Element &lt;button class=&quot;btn btn-primary&quot; type=&quot;button&quot;&gt; could not be scrolled into view&#10;Build info: version: &apos;4.10.0&apos;, revision: &apos;c14d967899&apos;&#10;System info: os.name: &apos;Windows 10&apos;, os.arch: &apos;amd64&apos;, os.version: &apos;10.0&apos;, java.version: &apos;11.0.11&apos;&#10;Driver info: org.openqa.selenium.chrome.ChromeDriver&#10;Command: [76dbb1d1fb352a4a0bdf2b6b3a9f99ae18dd293b, clickElement {id=a583563a-4c6a-43cc-b38c-6eaa7a851d01}]&#10;Capabilities {acceptInsecureCerts: true, browserName: firefox, browserVersion: 99.0, moz:accessibilityChecks: false, moz:buildID: 20220330194208, moz:geckodriverVersion: 0.31.0, moz:headless: false, moz:processID: 4776, moz:profile: C:\Windows\proxy\rust_mozpr..., moz:shutdownTimeout: 60000, moz:useNonSpecCompliantPointerOrigin: false, moz:webdriverClick: true, optimalHubUrl: hub-aps.browserstack.com, pageLoadStrategy: normal, platformName: windows, platformVersion: 10.0, proxy: Proxy(), setWindowRect: true, strictFileInteractability: false, timeouts: {implicit: 0, pageLoad: 300000, script: 30000}, unhandledPromptBehavior: dismiss and notify, webdriver.remote.sessionid: 76dbb1d1fb352a4a0bdf2b6b3a9...}&#10;Element: [[ChromeDriver: firefox on windows (76dbb1d1fb352a4a0bdf2b6b3a9f99ae18dd293b)] -&gt; xpath: //div[contains(@class, &apos;profile&apos;)]//button[@class=&apos;btn btn-primary&apos;]]&#10;Session ID: 76dbb1d1fb352a4a0bdf2b6b3a9f99ae18dd293b"/>
  </testcase>
  <testcase name="LoginLogoutMethod" classname="Unifyed.Unifyed_Engage.LoginLogoutTest" time="2.544">
    <failure message="Element &lt;button class=&quot;btn btn-primary&quot; type=&quot;button&quot;&gt; could not be scrolled into view&#10;Build info: version: &apos;4.10.0&apos;, revision: &apos;c14d967899&apos;&#10;System info: os.name: &apos;Windows 10&apos;, os.arch: &apos;amd64&apos;, os.version: &apos;10.0&apos;, java.version: &apos;11.0.11&apos;&#10;Driver info: org.openqa.selenium.chrome.ChromeDriver&#10;Command: [76dbb1d1fb352a4a0bdf2b6b3a9f99ae18dd293b, clickElement {id=a583563a-4c6a-43cc-b38c-6eaa7a851d01}]&#10;Capabilities {acceptInsecureCerts: true, browserName: firefox, browserVersion: 99.0, moz:accessibilityChecks: false, moz:buildID: 20220330194208, moz:geckodriverVersion: 0.31.0, moz:headless: false, moz:processID: 4776, moz:profile: C:\Windows\proxy\rust_mozpr..., moz:shutdownTimeout: 60000, moz:useNonSpecCompliantPointerOrigin: false, moz:webdriverClick: true, optimalHubUrl: hub-aps.browserstack.com, pageLoadStrategy: normal, platformName: windows, platformVersion: 10.0, proxy: Proxy(), setWindowRect: true, strictFileInteractability: false, timeouts: {implicit: 0, pageLoad: 300000, script: 30000}, unhandledPromptBehavior: dismiss and notify, webdriver.remote.sessionid: 76dbb1d1fb352a4a0bdf2b6b3a9...}&#10;Element: [[ChromeDriver: firefox on windows (76dbb1d1fb352a4a0bdf2b6b3a9f99ae18dd293b)] -&gt; xpath: //div[contains(@class, &apos;profile&apos;)]//button[@class=&apos;btn btn-primary&apos;]]&#10;Session ID: 76dbb1d1fb352a4a0bdf2b6b3a9f99ae18dd293b" type="org.openqa.selenium.ElementNotInteractableException"><![CDATA[org.openqa.selenium.ElementNotInteractableException: 
Element <button class="btn btn-primary" type="button"> could not be scrolled into view
Build info: version: '4.10.0', revision: 'c14d967899'
System info: os.name: 'Windows 10', os.arch: 'amd64', os.version: '10.0', java.version: '11.0.11'
Driver info: org.openqa.selenium.chrome.ChromeDriver
Command: [76dbb1d1fb352a4a0bdf2b6b3a9f99ae18dd293b, clickElement {id=a583563a-4c6a-43cc-b38c-6eaa7a851d01}]
Capabilities {acceptInsecureCerts: true, browserName: firefox, browserVersion: 99.0, moz:accessibilityChecks: false, moz:buildID: 20220330194208, moz:geckodriverVersion: 0.31.0, moz:headless: false, moz:processID: 4776, moz:profile: C:\Windows\proxy\rust_mozpr..., moz:shutdownTimeout: 60000, moz:useNonSpecCompliantPointerOrigin: false, moz:webdriverClick: true, optimalHubUrl: hub-aps.browserstack.com, pageLoadStrategy: normal, platformName: windows, platformVersion: 10.0, proxy: Proxy(), setWindowRect: true, strictFileInteractability: false, timeouts: {implicit: 0, pageLoad: 300000, script: 30000}, unhandledPromptBehavior: dismiss and notify, webdriver.remote.sessionid: 76dbb1d1fb352a4a0bdf2b6b3a9...}
Element: [[ChromeDriver: firefox on windows (76dbb1d1fb352a4a0bdf2b6b3a9f99ae18dd293b)] -> xpath: //div[contains(@class, 'profile')]//button[@class='btn btn-primary']]
Session ID: 76dbb1d1fb352a4a0bdf2b6b3a9f99ae18dd293b
	at Unifyed.Unifyed_Engage.LoginLogoutTest.LoginLogoutMethod(LoginLogoutTest.java:20)
]]></failure>
  </testcase>
  <testcase name="LoginLogoutMethod" classname="Unifyed.Unifyed_Engage.LoginLogoutTest" time="0">
    <skipped message="Element &lt;button class=&quot;btn btn-primary&quot; type=&quot;button&quot;&gt; could not be scrolled into view&#10;Build info: version: &apos;4.10.0&apos;, revision: &apos;c14d967899&apos;&#10;System info: os.name: &apos;Windows 10&apos;, os.arch: &apos;amd64&apos;, os.version: &apos;10.0&apos;, java.version: &apos;11.0.11&apos;&#10;Driver info: org.openqa.selenium.chrome.ChromeDriver&#10;Command: [76dbb1d1fb352a4a0bdf2b6b3a9f99ae18dd293b, clickElement {id=a583563a-4c6a-43cc-b38c-6eaa7a851d01}]&#10;Capabilities {acceptInsecureCerts: true, browserName: firefox, browserVersion: 99.0, moz:accessibilityChecks: false, moz:buildID: 20220330194208, moz:geckodriverVersion: 0.31.0, moz:headless: false, moz:processID: 4776, moz:profile: C:\Windows\proxy\rust_mozpr..., moz:shutdownTimeout: 60000, moz:useNonSpecCompliantPointerOrigin: false, moz:webdriverClick: true, optimalHubUrl: hub-aps.browserstack.com, pageLoadStrategy: normal, platformName: windows, platformVersion: 10.0, proxy: Proxy(), setWindowRect: true, strictFileInteractability: false, timeouts: {implicit: 0, pageLoad: 300000, script: 30000}, unhandledPromptBehavior: dismiss and notify, webdriver.remote.sessionid: 76dbb1d1fb352a4a0bdf2b6b3a9...}&#10;Element: [[ChromeDriver: firefox on windows (76dbb1d1fb352a4a0bdf2b6b3a9f99ae18dd293b)] -&gt; xpath: //div[contains(@class, &apos;profile&apos;)]//button[@class=&apos;btn btn-primary&apos;]]&#10;Session ID: 76dbb1d1fb352a4a0bdf2b6b3a9f99ae18dd293b"/>
  </testcase>
  <testcase name="LoginLogoutMethod" classname="Unifyed.Unifyed_Engage.LoginLogoutTest" time="0">
    <skipped message="Element &lt;button class=&quot;btn btn-primary&quot; type=&quot;button&quot;&gt; could not be scrolled into view&#10;Build info: version: &apos;4.10.0&apos;, revision: &apos;c14d967899&apos;&#10;System info: os.name: &apos;Windows 10&apos;, os.arch: &apos;amd64&apos;, os.version: &apos;10.0&apos;, java.version: &apos;11.0.11&apos;&#10;Driver info: org.openqa.selenium.chrome.ChromeDriver&#10;Command: [76dbb1d1fb352a4a0bdf2b6b3a9f99ae18dd293b, clickElement {id=a583563a-4c6a-43cc-b38c-6eaa7a851d01}]&#10;Capabilities {acceptInsecureCerts: true, browserName: firefox, browserVersion: 99.0, moz:accessibilityChecks: false, moz:buildID: 20220330194208, moz:geckodriverVersion: 0.31.0, moz:headless: false, moz:processID: 4776, moz:profile: C:\Windows\proxy\rust_mozpr..., moz:shutdownTimeout: 60000, moz:useNonSpecCompliantPointerOrigin: false, moz:webdriverClick: true, optimalHubUrl: hub-aps.browserstack.com, pageLoadStrategy: normal, platformName: windows, platformVersion: 10.0, proxy: Proxy(), setWindowRect: true, strictFileInteractability: false, timeouts: {implicit: 0, pageLoad: 300000, script: 30000}, unhandledPromptBehavior: dismiss and notify, webdriver.remote.sessionid: 76dbb1d1fb352a4a0bdf2b6b3a9...}&#10;Element: [[ChromeDriver: firefox on windows (76dbb1d1fb352a4a0bdf2b6b3a9f99ae18dd293b)] -&gt; xpath: //div[contains(@class, &apos;profile&apos;)]//button[@class=&apos;btn btn-primary&apos;]]&#10;Session ID: 76dbb1d1fb352a4a0bdf2b6b3a9f99ae18dd293b"/>
  </testcase>
  <testcase name="LoginLogoutMethod" classname="Unifyed.Unifyed_Engage.LoginLogoutTest" time="4.38">
    <failure message="Element &lt;button class=&quot;btn btn-primary&quot; type=&quot;button&quot;&gt; could not be scrolled into view&#10;Build info: version: &apos;4.10.0&apos;, revision: &apos;c14d967899&apos;&#10;System info: os.name: &apos;Windows 10&apos;, os.arch: &apos;amd64&apos;, os.version: &apos;10.0&apos;, java.version: &apos;11.0.11&apos;&#10;Driver info: org.openqa.selenium.chrome.ChromeDriver&#10;Command: [76dbb1d1fb352a4a0bdf2b6b3a9f99ae18dd293b, clickElement {id=a583563a-4c6a-43cc-b38c-6eaa7a851d01}]&#10;Capabilities {acceptInsecureCerts: true, browserName: firefox, browserVersion: 99.0, moz:accessibilityChecks: false, moz:buildID: 20220330194208, moz:geckodriverVersion: 0.31.0, moz:headless: false, moz:processID: 4776, moz:profile: C:\Windows\proxy\rust_mozpr..., moz:shutdownTimeout: 60000, moz:useNonSpecCompliantPointerOrigin: false, moz:webdriverClick: true, optimalHubUrl: hub-aps.browserstack.com, pageLoadStrategy: normal, platformName: windows, platformVersion: 10.0, proxy: Proxy(), setWindowRect: true, strictFileInteractability: false, timeouts: {implicit: 0, pageLoad: 300000, script: 30000}, unhandledPromptBehavior: dismiss and notify, webdriver.remote.sessionid: 76dbb1d1fb352a4a0bdf2b6b3a9...}&#10;Element: [[ChromeDriver: firefox on windows (76dbb1d1fb352a4a0bdf2b6b3a9f99ae18dd293b)] -&gt; xpath: //div[contains(@class, &apos;profile&apos;)]//button[@class=&apos;btn btn-primary&apos;]]&#10;Session ID: 76dbb1d1fb352a4a0bdf2b6b3a9f99ae18dd293b" type="org.openqa.selenium.ElementNotInteractableException"><![CDATA[org.openqa.selenium.ElementNotInteractableException: 
Element <button class="btn btn-primary" type="button"> could not be scrolled into view
Build info: version: '4.10.0', revision: 'c14d967899'
System info: os.name: 'Windows 10', os.arch: 'amd64', os.version: '10.0', java.version: '11.0.11'
Driver info: org.openqa.selenium.chrome.ChromeDriver
Command: [76dbb1d1fb352a4a0bdf2b6b3a9f99ae18dd293b, clickElement {id=a583563a-4c6a-43cc-b38c-6eaa7a851d01}]
Capabilities {acceptInsecureCerts: true, browserName: firefox, browserVersion: 99.0, moz:accessibilityChecks: false, moz:buildID: 20220330194208, moz:geckodriverVersion: 0.31.0, moz:headless: false, moz:processID: 4776, moz:profile: C:\Windows\proxy\rust_mozpr..., moz:shutdownTimeout: 60000, moz:useNonSpecCompliantPointerOrigin: false, moz:webdriverClick: true, optimalHubUrl: hub-aps.browserstack.com, pageLoadStrategy: normal, platformName: windows, platformVersion: 10.0, proxy: Proxy(), setWindowRect: true, strictFileInteractability: false, timeouts: {implicit: 0, pageLoad: 300000, script: 30000}, unhandledPromptBehavior: dismiss and notify, webdriver.remote.sessionid: 76dbb1d1fb352a4a0bdf2b6b3a9...}
Element: [[ChromeDriver: firefox on windows (76dbb1d1fb352a4a0bdf2b6b3a9f99ae18dd293b)] -> xpath: //div[contains(@class, 'profile')]//button[@class='btn btn-primary']]
Session ID: 76dbb1d1fb352a4a0bdf2b6b3a9f99ae18dd293b
	at Unifyed.Unifyed_Engage.LoginLogoutTest.LoginLogoutMethod(LoginLogoutTest.java:20)
]]></failure>
  </testcase>
  <testcase name="LoginLogoutMethod" classname="Unifyed.Unifyed_Engage.LoginLogoutTest" time="0">
    <skipped message="no such element: Unable to locate element: {&quot;method&quot;:&quot;xpath&quot;,&quot;selector&quot;:&quot;//div[contains(@class, &apos;profile&apos;)]//button[@class=&apos;btn btn-primary&apos;]&quot;}&#10;  (Session info: chrome=103.0.5060.114)&#10;For documentation on this error, please visit: https://www.selenium.dev/documentation/webdriver/troubleshooting/errors#no-such-element-exception&#10;Build info: version: &apos;4.10.0&apos;, revision: &apos;c14d967899&apos;&#10;System info: os.name: &apos;Windows 10&apos;, os.arch: &apos;amd64&apos;, os.version: &apos;10.0&apos;, java.version: &apos;11.0.11&apos;&#10;Driver info: org.openqa.selenium.chrome.ChromeDriver&#10;Command: [c638ea1174f2dff40a4cd5da50f9d9e159d189c0, findElement {using=xpath, value=//div[contains(@class, &apos;profile&apos;)]//button[@class=&apos;btn btn-primary&apos;]}]&#10;Capabilities {acceptInsecureCerts: true, browserName: chrome, browserVersion: 103.0.5060.114, chrome: {chromedriverVersion: 103.0.5060.24 (e47b049c438c..., userDataDir: C:\Windows\proxy\scoped_dir...}, goog:chromeOptions: {debuggerAddress: localhost:9222}, networkConnectionEnabled: false, optimalHubUrl: hub-aps.browserstack.com, pageLoadStrategy: normal, platformName: windows, proxy: Proxy(), setWindowRect: true, strictFileInteractability: false, timeouts: {implicit: 0, pageLoad: 300000, script: 30000}, unhandledPromptBehavior: dismiss and notify, webauthn:extension:credBlob: true, webauthn:extension:largeBlob: true, webauthn:virtualAuthenticators: true, webdriver.remote.sessionid: c638ea1174f2dff40a4cd5da50f...}&#10;Session ID: c638ea1174f2dff40a4cd5da50f9d9e159d189c0"/>
  </testcase>
  <testcase name="LoginLogoutMethod" classname="Unifyed.Unifyed_Engage.LoginLogoutTest" time="0">
    <skipped message="no such element: Unable to locate element: {&quot;method&quot;:&quot;xpath&quot;,&quot;selector&quot;:&quot;//div[contains(@class, &apos;profile&apos;)]//button[@class=&apos;btn btn-primary&apos;]&quot;}&#10;  (Session info: chrome=103.0.5060.114)&#10;For documentation on this error, please visit: https://www.selenium.dev/documentation/webdriver/troubleshooting/errors#no-such-element-exception&#10;Build info: version: &apos;4.10.0&apos;, revision: &apos;c14d967899&apos;&#10;System info: os.name: &apos;Windows 10&apos;, os.arch: &apos;amd64&apos;, os.version: &apos;10.0&apos;, java.version: &apos;11.0.11&apos;&#10;Driver info: org.openqa.selenium.chrome.ChromeDriver&#10;Command: [c638ea1174f2dff40a4cd5da50f9d9e159d189c0, findElement {using=xpath, value=//div[contains(@class, &apos;profile&apos;)]//button[@class=&apos;btn btn-primary&apos;]}]&#10;Capabilities {acceptInsecureCerts: true, browserName: chrome, browserVersion: 103.0.5060.114, chrome: {chromedriverVersion: 103.0.5060.24 (e47b049c438c..., userDataDir: C:\Windows\proxy\scoped_dir...}, goog:chromeOptions: {debuggerAddress: localhost:9222}, networkConnectionEnabled: false, optimalHubUrl: hub-aps.browserstack.com, pageLoadStrategy: normal, platformName: windows, proxy: Proxy(), setWindowRect: true, strictFileInteractability: false, timeouts: {implicit: 0, pageLoad: 300000, script: 30000}, unhandledPromptBehavior: dismiss and notify, webauthn:extension:credBlob: true, webauthn:extension:largeBlob: true, webauthn:virtualAuthenticators: true, webdriver.remote.sessionid: c638ea1174f2dff40a4cd5da50f...}&#10;Session ID: c638ea1174f2dff40a4cd5da50f9d9e159d189c0"/>
  </testcase>
  <testcase name="LoginLogoutMethod" classname="Unifyed.Unifyed_Engage.LoginLogoutTest" time="13.586">
    <failure message="no such element: Unable to locate element: {&quot;method&quot;:&quot;xpath&quot;,&quot;selector&quot;:&quot;//div[contains(@class, &apos;profile&apos;)]//button[@class=&apos;btn btn-primary&apos;]&quot;}&#10;  (Session info: chrome=103.0.5060.114)&#10;For documentation on this error, please visit: https://www.selenium.dev/documentation/webdriver/troubleshooting/errors#no-such-element-exception&#10;Build info: version: &apos;4.10.0&apos;, revision: &apos;c14d967899&apos;&#10;System info: os.name: &apos;Windows 10&apos;, os.arch: &apos;amd64&apos;, os.version: &apos;10.0&apos;, java.version: &apos;11.0.11&apos;&#10;Driver info: org.openqa.selenium.chrome.ChromeDriver&#10;Command: [c638ea1174f2dff40a4cd5da50f9d9e159d189c0, findElement {using=xpath, value=//div[contains(@class, &apos;profile&apos;)]//button[@class=&apos;btn btn-primary&apos;]}]&#10;Capabilities {acceptInsecureCerts: true, browserName: chrome, browserVersion: 103.0.5060.114, chrome: {chromedriverVersion: 103.0.5060.24 (e47b049c438c..., userDataDir: C:\Windows\proxy\scoped_dir...}, goog:chromeOptions: {debuggerAddress: localhost:9222}, networkConnectionEnabled: false, optimalHubUrl: hub-aps.browserstack.com, pageLoadStrategy: normal, platformName: windows, proxy: Proxy(), setWindowRect: true, strictFileInteractability: false, timeouts: {implicit: 0, pageLoad: 300000, script: 30000}, unhandledPromptBehavior: dismiss and notify, webauthn:extension:credBlob: true, webauthn:extension:largeBlob: true, webauthn:virtualAuthenticators: true, webdriver.remote.sessionid: c638ea1174f2dff40a4cd5da50f...}&#10;Session ID: c638ea1174f2dff40a4cd5da50f9d9e159d189c0" type="org.openqa.selenium.NoSuchElementException">org.openqa.selenium.NoSuchElementException: 
no such element: Unable to locate element: {"method":"xpath","selector":"//div[contains(@class, 'profile')]//button[@class='btn btn-primary']"}
  (Session info: chrome=103.0.5060.114)
For documentation on this error, please visit: https://www.selenium.dev/documentation/webdriver/troubleshooting/errors#no-such-element-exception
Build info: version: '4.10.0', revision: 'c14d967899'
System info: os.name: 'Windows 10', os.arch: 'amd64', os.version: '10.0', java.version: '11.0.11'
Driver info: org.openqa.selenium.chrome.ChromeDriver
Command: [c638ea1174f2dff40a4cd5da50f9d9e159d189c0, findElement {using=xpath, value=//div[contains(@class, 'profile')]//button[@class='btn btn-primary']}]
Capabilities {acceptInsecureCerts: true, browserName: chrome, browserVersion: 103.0.5060.114, chrome: {chromedriverVersion: 103.0.5060.24 (e47b049c438c..., userDataDir: C:\Windows\proxy\scoped_dir...}, goog:chromeOptions: {debuggerAddress: localhost:9222}, networkConnectionEnabled: false, optimalHubUrl: hub-aps.browserstack.com, pageLoadStrategy: normal, platformName: windows, proxy: Proxy(), setWindowRect: true, strictFileInteractability: false, timeouts: {implicit: 0, pageLoad: 300000, script: 30000}, unhandledPromptBehavior: dismiss and notify, webauthn:extension:credBlob: true, webauthn:extension:largeBlob: true, webauthn:virtualAuthenticators: true, webdriver.remote.sessionid: c638ea1174f2dff40a4cd5da50f...}
Session ID: c638ea1174f2dff40a4cd5da50f9d9e159d189c0
	at Unifyed.Unifyed_Engage.LoginLogoutTest.LoginLogoutMethod(LoginLogoutTest.java:20)
</failure>
  </testcase>
  <testcase name="LoginLogoutMethod" classname="Unifyed.Unifyed_Engage.LoginLogoutTest" time="0">
    <skipped message="no such element: Unable to locate element: {&quot;method&quot;:&quot;xpath&quot;,&quot;selector&quot;:&quot;//div[contains(@class, &apos;profile&apos;)]//button[@class=&apos;btn btn-primary&apos;]&quot;}&#10;  (Session info: chrome=103.0.5060.114)&#10;For documentation on this error, please visit: https://www.selenium.dev/documentation/webdriver/troubleshooting/errors#no-such-element-exception&#10;Build info: version: &apos;4.10.0&apos;, revision: &apos;c14d967899&apos;&#10;System info: os.name: &apos;Windows 10&apos;, os.arch: &apos;amd64&apos;, os.version: &apos;10.0&apos;, java.version: &apos;11.0.11&apos;&#10;Driver info: org.openqa.selenium.chrome.ChromeDriver&#10;Command: [c638ea1174f2dff40a4cd5da50f9d9e159d189c0, findElement {using=xpath, value=//div[contains(@class, &apos;profile&apos;)]//button[@class=&apos;btn btn-primary&apos;]}]&#10;Capabilities {acceptInsecureCerts: true, browserName: chrome, browserVersion: 103.0.5060.114, chrome: {chromedriverVersion: 103.0.5060.24 (e47b049c438c..., userDataDir: C:\Windows\proxy\scoped_dir...}, goog:chromeOptions: {debuggerAddress: localhost:9222}, networkConnectionEnabled: false, optimalHubUrl: hub-aps.browserstack.com, pageLoadStrategy: normal, platformName: windows, proxy: Proxy(), setWindowRect: true, strictFileInteractability: false, timeouts: {implicit: 0, pageLoad: 300000, script: 30000}, unhandledPromptBehavior: dismiss and notify, webauthn:extension:credBlob: true, webauthn:extension:largeBlob: true, webauthn:virtualAuthenticators: true, webdriver.remote.sessionid: c638ea1174f2dff40a4cd5da50f...}&#10;Session ID: c638ea1174f2dff40a4cd5da50f9d9e159d189c0"/>
  </testcase>
  <testcase name="LoginLogoutMethod" classname="Unifyed.Unifyed_Engage.LoginLogoutTest" time="0">
    <skipped message="no such element: Unable to locate element: {&quot;method&quot;:&quot;xpath&quot;,&quot;selector&quot;:&quot;//div[contains(@class, &apos;profile&apos;)]//button[@class=&apos;btn btn-primary&apos;]&quot;}&#10;  (Session info: chrome=103.0.5060.114)&#10;For documentation on this error, please visit: https://www.selenium.dev/documentation/webdriver/troubleshooting/errors#no-such-element-exception&#10;Build info: version: &apos;4.10.0&apos;, revision: &apos;c14d967899&apos;&#10;System info: os.name: &apos;Windows 10&apos;, os.arch: &apos;amd64&apos;, os.version: &apos;10.0&apos;, java.version: &apos;11.0.11&apos;&#10;Driver info: org.openqa.selenium.chrome.ChromeDriver&#10;Command: [c638ea1174f2dff40a4cd5da50f9d9e159d189c0, findElement {using=xpath, value=//div[contains(@class, &apos;profile&apos;)]//button[@class=&apos;btn btn-primary&apos;]}]&#10;Capabilities {acceptInsecureCerts: true, browserName: chrome, browserVersion: 103.0.5060.114, chrome: {chromedriverVersion: 103.0.5060.24 (e47b049c438c..., userDataDir: C:\Windows\proxy\scoped_dir...}, goog:chromeOptions: {debuggerAddress: localhost:9222}, networkConnectionEnabled: false, optimalHubUrl: hub-aps.browserstack.com, pageLoadStrategy: normal, platformName: windows, proxy: Proxy(), setWindowRect: true, strictFileInteractability: false, timeouts: {implicit: 0, pageLoad: 300000, script: 30000}, unhandledPromptBehavior: dismiss and notify, webauthn:extension:credBlob: true, webauthn:extension:largeBlob: true, webauthn:virtualAuthenticators: true, webdriver.remote.sessionid: c638ea1174f2dff40a4cd5da50f...}&#10;Session ID: c638ea1174f2dff40a4cd5da50f9d9e159d189c0"/>
  </testcase>
  <testcase name="LoginLogoutMethod" classname="Unifyed.Unifyed_Engage.LoginLogoutTest" time="14.86">
    <failure message="no such element: Unable to locate element: {&quot;method&quot;:&quot;xpath&quot;,&quot;selector&quot;:&quot;//div[contains(@class, &apos;profile&apos;)]//button[@class=&apos;btn btn-primary&apos;]&quot;}&#10;  (Session info: chrome=103.0.5060.114)&#10;For documentation on this error, please visit: https://www.selenium.dev/documentation/webdriver/troubleshooting/errors#no-such-element-exception&#10;Build info: version: &apos;4.10.0&apos;, revision: &apos;c14d967899&apos;&#10;System info: os.name: &apos;Windows 10&apos;, os.arch: &apos;amd64&apos;, os.version: &apos;10.0&apos;, java.version: &apos;11.0.11&apos;&#10;Driver info: org.openqa.selenium.chrome.ChromeDriver&#10;Command: [c638ea1174f2dff40a4cd5da50f9d9e159d189c0, findElement {using=xpath, value=//div[contains(@class, &apos;profile&apos;)]//button[@class=&apos;btn btn-primary&apos;]}]&#10;Capabilities {acceptInsecureCerts: true, browserName: chrome, browserVersion: 103.0.5060.114, chrome: {chromedriverVersion: 103.0.5060.24 (e47b049c438c..., userDataDir: C:\Windows\proxy\scoped_dir...}, goog:chromeOptions: {debuggerAddress: localhost:9222}, networkConnectionEnabled: false, optimalHubUrl: hub-aps.browserstack.com, pageLoadStrategy: normal, platformName: windows, proxy: Proxy(), setWindowRect: true, strictFileInteractability: false, timeouts: {implicit: 0, pageLoad: 300000, script: 30000}, unhandledPromptBehavior: dismiss and notify, webauthn:extension:credBlob: true, webauthn:extension:largeBlob: true, webauthn:virtualAuthenticators: true, webdriver.remote.sessionid: c638ea1174f2dff40a4cd5da50f...}&#10;Session ID: c638ea1174f2dff40a4cd5da50f9d9e159d189c0" type="org.openqa.selenium.NoSuchElementException">org.openqa.selenium.NoSuchElementException: 
no such element: Unable to locate element: {"method":"xpath","selector":"//div[contains(@class, 'profile')]//button[@class='btn btn-primary']"}
  (Session info: chrome=103.0.5060.114)
For documentation on this error, please visit: https://www.selenium.dev/documentation/webdriver/troubleshooting/errors#no-such-element-exception
Build info: version: '4.10.0', revision: 'c14d967899'
System info: os.name: 'Windows 10', os.arch: 'amd64', os.version: '10.0', java.version: '11.0.11'
Driver info: org.openqa.selenium.chrome.ChromeDriver
Command: [c638ea1174f2dff40a4cd5da50f9d9e159d189c0, findElement {using=xpath, value=//div[contains(@class, 'profile')]//button[@class='btn btn-primary']}]
Capabilities {acceptInsecureCerts: true, browserName: chrome, browserVersion: 103.0.5060.114, chrome: {chromedriverVersion: 103.0.5060.24 (e47b049c438c..., userDataDir: C:\Windows\proxy\scoped_dir...}, goog:chromeOptions: {debuggerAddress: localhost:9222}, networkConnectionEnabled: false, optimalHubUrl: hub-aps.browserstack.com, pageLoadStrategy: normal, platformName: windows, proxy: Proxy(), setWindowRect: true, strictFileInteractability: false, timeouts: {implicit: 0, pageLoad: 300000, script: 30000}, unhandledPromptBehavior: dismiss and notify, webauthn:extension:credBlob: true, webauthn:extension:largeBlob: true, webauthn:virtualAuthenticators: true, webdriver.remote.sessionid: c638ea1174f2dff40a4cd5da50f...}
Session ID: c638ea1174f2dff40a4cd5da50f9d9e159d189c0
	at Unifyed.Unifyed_Engage.LoginLogoutTest.LoginLogoutMethod(LoginLogoutTest.java:20)
</failure>
  </testcase>
  <testcase name="loginAdminside" classname="Unifyed.Unifyed_Engage.MyDrive_Test" time="0">
    <skipped message="Build info: version: &apos;4.10.0&apos;, revision: &apos;c14d967899&apos;&#10;System info: os.name: &apos;Windows 10&apos;, os.arch: &apos;amd64&apos;, os.version: &apos;10.0&apos;, java.version: &apos;11.0.11&apos;&#10;Driver info: org.openqa.selenium.chrome.ChromeDriver&#10;Command: [ab46c66fd055673dad01188e433e5811101b1a05, clickElement {id=node-19B0BE4E-2E10-4CF0-9B55-5EF2313B9706}]&#10;Capabilities {acceptInsecureCerts: false, browserName: Safari, browserVersion: 13.1.3, optimalHubUrl: hub-aps.browserstack.com, platformName: mac, safari:automaticInspection: false, safari:automaticProfiling: false, safari:diagnose: false, safari:platformBuildVersion: 19H15, safari:platformVersion: 10.15.7, safari:useSimulator: false, setWindowRect: true, strictFileInteractability: false, webdriver.remote.sessionid: ab46c66fd055673dad01188e433..., webkit:WebRTC: {DisableICECandidateFiltering: false, DisableInsecureMediaCapture: false}}&#10;Element: [[ChromeDriver: Safari on mac (ab46c66fd055673dad01188e433e5811101b1a05)] -&gt; xpath: //div[contains(@class, &apos;profile&apos;)]//button[@class=&apos;btn btn-primary&apos;]]&#10;Session ID: ab46c66fd055673dad01188e433e5811101b1a05"/>
  </testcase>
  <testcase name="loginAdminside" classname="Unifyed.Unifyed_Engage.MyDrive_Test" time="0">
    <skipped message="Build info: version: &apos;4.10.0&apos;, revision: &apos;c14d967899&apos;&#10;System info: os.name: &apos;Windows 10&apos;, os.arch: &apos;amd64&apos;, os.version: &apos;10.0&apos;, java.version: &apos;11.0.11&apos;&#10;Driver info: org.openqa.selenium.chrome.ChromeDriver&#10;Command: [ab46c66fd055673dad01188e433e5811101b1a05, clickElement {id=node-19B0BE4E-2E10-4CF0-9B55-5EF2313B9706}]&#10;Capabilities {acceptInsecureCerts: false, browserName: Safari, browserVersion: 13.1.3, optimalHubUrl: hub-aps.browserstack.com, platformName: mac, safari:automaticInspection: false, safari:automaticProfiling: false, safari:diagnose: false, safari:platformBuildVersion: 19H15, safari:platformVersion: 10.15.7, safari:useSimulator: false, setWindowRect: true, strictFileInteractability: false, webdriver.remote.sessionid: ab46c66fd055673dad01188e433..., webkit:WebRTC: {DisableICECandidateFiltering: false, DisableInsecureMediaCapture: false}}&#10;Element: [[ChromeDriver: Safari on mac (ab46c66fd055673dad01188e433e5811101b1a05)] -&gt; xpath: //div[contains(@class, &apos;profile&apos;)]//button[@class=&apos;btn btn-primary&apos;]]&#10;Session ID: ab46c66fd055673dad01188e433e5811101b1a05"/>
  </testcase>
  <testcase name="loginAdminside" classname="Unifyed.Unifyed_Engage.MyDrive_Test" time="0.373">
    <failure message="Build info: version: &apos;4.10.0&apos;, revision: &apos;c14d967899&apos;&#10;System info: os.name: &apos;Windows 10&apos;, os.arch: &apos;amd64&apos;, os.version: &apos;10.0&apos;, java.version: &apos;11.0.11&apos;&#10;Driver info: org.openqa.selenium.chrome.ChromeDriver&#10;Command: [ab46c66fd055673dad01188e433e5811101b1a05, clickElement {id=node-19B0BE4E-2E10-4CF0-9B55-5EF2313B9706}]&#10;Capabilities {acceptInsecureCerts: false, browserName: Safari, browserVersion: 13.1.3, optimalHubUrl: hub-aps.browserstack.com, platformName: mac, safari:automaticInspection: false, safari:automaticProfiling: false, safari:diagnose: false, safari:platformBuildVersion: 19H15, safari:platformVersion: 10.15.7, safari:useSimulator: false, setWindowRect: true, strictFileInteractability: false, webdriver.remote.sessionid: ab46c66fd055673dad01188e433..., webkit:WebRTC: {DisableICECandidateFiltering: false, DisableInsecureMediaCapture: false}}&#10;Element: [[ChromeDriver: Safari on mac (ab46c66fd055673dad01188e433e5811101b1a05)] -&gt; xpath: //div[contains(@class, &apos;profile&apos;)]//button[@class=&apos;btn btn-primary&apos;]]&#10;Session ID: ab46c66fd055673dad01188e433e5811101b1a05" type="org.openqa.selenium.ElementNotInteractableException">org.openqa.selenium.ElementNotInteractableException: 
Build info: version: '4.10.0', revision: 'c14d967899'
System info: os.name: 'Windows 10', os.arch: 'amd64', os.version: '10.0', java.version: '11.0.11'
Driver info: org.openqa.selenium.chrome.ChromeDriver
Command: [ab46c66fd055673dad01188e433e5811101b1a05, clickElement {id=node-19B0BE4E-2E10-4CF0-9B55-5EF2313B9706}]
Capabilities {acceptInsecureCerts: false, browserName: Safari, browserVersion: 13.1.3, optimalHubUrl: hub-aps.browserstack.com, platformName: mac, safari:automaticInspection: false, safari:automaticProfiling: false, safari:diagnose: false, safari:platformBuildVersion: 19H15, safari:platformVersion: 10.15.7, safari:useSimulator: false, setWindowRect: true, strictFileInteractability: false, webdriver.remote.sessionid: ab46c66fd055673dad01188e433..., webkit:WebRTC: {DisableICECandidateFiltering: false, DisableInsecureMediaCapture: false}}
Element: [[ChromeDriver: Safari on mac (ab46c66fd055673dad01188e433e5811101b1a05)] -> xpath: //div[contains(@class, 'profile')]//button[@class='btn btn-primary']]
Session ID: ab46c66fd055673dad01188e433e5811101b1a05
	at Unifyed.Unifyed_Engage.MyDrive_Test.loginAdminside(MyDrive_Test.java:22)
</failure>
  </testcase>
  <testcase name="loginAdminside" classname="Unifyed.Unifyed_Engage.MyDrive_Test" time="0">
    <skipped message="Element &lt;button class=&quot;btn btn-primary&quot; type=&quot;button&quot;&gt; could not be scrolled into view&#10;Build info: version: &apos;4.10.0&apos;, revision: &apos;c14d967899&apos;&#10;System info: os.name: &apos;Windows 10&apos;, os.arch: &apos;amd64&apos;, os.version: &apos;10.0&apos;, java.version: &apos;11.0.11&apos;&#10;Driver info: org.openqa.selenium.chrome.ChromeDriver&#10;Command: [76dbb1d1fb352a4a0bdf2b6b3a9f99ae18dd293b, clickElement {id=a583563a-4c6a-43cc-b38c-6eaa7a851d01}]&#10;Capabilities {acceptInsecureCerts: true, browserName: firefox, browserVersion: 99.0, moz:accessibilityChecks: false, moz:buildID: 20220330194208, moz:geckodriverVersion: 0.31.0, moz:headless: false, moz:processID: 4776, moz:profile: C:\Windows\proxy\rust_mozpr..., moz:shutdownTimeout: 60000, moz:useNonSpecCompliantPointerOrigin: false, moz:webdriverClick: true, optimalHubUrl: hub-aps.browserstack.com, pageLoadStrategy: normal, platformName: windows, platformVersion: 10.0, proxy: Proxy(), setWindowRect: true, strictFileInteractability: false, timeouts: {implicit: 0, pageLoad: 300000, script: 30000}, unhandledPromptBehavior: dismiss and notify, webdriver.remote.sessionid: 76dbb1d1fb352a4a0bdf2b6b3a9...}&#10;Element: [[ChromeDriver: firefox on windows (76dbb1d1fb352a4a0bdf2b6b3a9f99ae18dd293b)] -&gt; xpath: //div[contains(@class, &apos;profile&apos;)]//button[@class=&apos;btn btn-primary&apos;]]&#10;Session ID: 76dbb1d1fb352a4a0bdf2b6b3a9f99ae18dd293b"/>
  </testcase>
  <testcase name="loginAdminside" classname="Unifyed.Unifyed_Engage.MyDrive_Test" time="0">
    <skipped message="Element &lt;button class=&quot;btn btn-primary&quot; type=&quot;button&quot;&gt; could not be scrolled into view&#10;Build info: version: &apos;4.10.0&apos;, revision: &apos;c14d967899&apos;&#10;System info: os.name: &apos;Windows 10&apos;, os.arch: &apos;amd64&apos;, os.version: &apos;10.0&apos;, java.version: &apos;11.0.11&apos;&#10;Driver info: org.openqa.selenium.chrome.ChromeDriver&#10;Command: [76dbb1d1fb352a4a0bdf2b6b3a9f99ae18dd293b, clickElement {id=a583563a-4c6a-43cc-b38c-6eaa7a851d01}]&#10;Capabilities {acceptInsecureCerts: true, browserName: firefox, browserVersion: 99.0, moz:accessibilityChecks: false, moz:buildID: 20220330194208, moz:geckodriverVersion: 0.31.0, moz:headless: false, moz:processID: 4776, moz:profile: C:\Windows\proxy\rust_mozpr..., moz:shutdownTimeout: 60000, moz:useNonSpecCompliantPointerOrigin: false, moz:webdriverClick: true, optimalHubUrl: hub-aps.browserstack.com, pageLoadStrategy: normal, platformName: windows, platformVersion: 10.0, proxy: Proxy(), setWindowRect: true, strictFileInteractability: false, timeouts: {implicit: 0, pageLoad: 300000, script: 30000}, unhandledPromptBehavior: dismiss and notify, webdriver.remote.sessionid: 76dbb1d1fb352a4a0bdf2b6b3a9...}&#10;Element: [[ChromeDriver: firefox on windows (76dbb1d1fb352a4a0bdf2b6b3a9f99ae18dd293b)] -&gt; xpath: //div[contains(@class, &apos;profile&apos;)]//button[@class=&apos;btn btn-primary&apos;]]&#10;Session ID: 76dbb1d1fb352a4a0bdf2b6b3a9f99ae18dd293b"/>
  </testcase>
  <testcase name="loginAdminside" classname="Unifyed.Unifyed_Engage.MyDrive_Test" time="3.622">
    <failure message="Element &lt;button class=&quot;btn btn-primary&quot; type=&quot;button&quot;&gt; could not be scrolled into view&#10;Build info: version: &apos;4.10.0&apos;, revision: &apos;c14d967899&apos;&#10;System info: os.name: &apos;Windows 10&apos;, os.arch: &apos;amd64&apos;, os.version: &apos;10.0&apos;, java.version: &apos;11.0.11&apos;&#10;Driver info: org.openqa.selenium.chrome.ChromeDriver&#10;Command: [76dbb1d1fb352a4a0bdf2b6b3a9f99ae18dd293b, clickElement {id=a583563a-4c6a-43cc-b38c-6eaa7a851d01}]&#10;Capabilities {acceptInsecureCerts: true, browserName: firefox, browserVersion: 99.0, moz:accessibilityChecks: false, moz:buildID: 20220330194208, moz:geckodriverVersion: 0.31.0, moz:headless: false, moz:processID: 4776, moz:profile: C:\Windows\proxy\rust_mozpr..., moz:shutdownTimeout: 60000, moz:useNonSpecCompliantPointerOrigin: false, moz:webdriverClick: true, optimalHubUrl: hub-aps.browserstack.com, pageLoadStrategy: normal, platformName: windows, platformVersion: 10.0, proxy: Proxy(), setWindowRect: true, strictFileInteractability: false, timeouts: {implicit: 0, pageLoad: 300000, script: 30000}, unhandledPromptBehavior: dismiss and notify, webdriver.remote.sessionid: 76dbb1d1fb352a4a0bdf2b6b3a9...}&#10;Element: [[ChromeDriver: firefox on windows (76dbb1d1fb352a4a0bdf2b6b3a9f99ae18dd293b)] -&gt; xpath: //div[contains(@class, &apos;profile&apos;)]//button[@class=&apos;btn btn-primary&apos;]]&#10;Session ID: 76dbb1d1fb352a4a0bdf2b6b3a9f99ae18dd293b" type="org.openqa.selenium.ElementNotInteractableException"><![CDATA[org.openqa.selenium.ElementNotInteractableException: 
Element <button class="btn btn-primary" type="button"> could not be scrolled into view
Build info: version: '4.10.0', revision: 'c14d967899'
System info: os.name: 'Windows 10', os.arch: 'amd64', os.version: '10.0', java.version: '11.0.11'
Driver info: org.openqa.selenium.chrome.ChromeDriver
Command: [76dbb1d1fb352a4a0bdf2b6b3a9f99ae18dd293b, clickElement {id=a583563a-4c6a-43cc-b38c-6eaa7a851d01}]
Capabilities {acceptInsecureCerts: true, browserName: firefox, browserVersion: 99.0, moz:accessibilityChecks: false, moz:buildID: 20220330194208, moz:geckodriverVersion: 0.31.0, moz:headless: false, moz:processID: 4776, moz:profile: C:\Windows\proxy\rust_mozpr..., moz:shutdownTimeout: 60000, moz:useNonSpecCompliantPointerOrigin: false, moz:webdriverClick: true, optimalHubUrl: hub-aps.browserstack.com, pageLoadStrategy: normal, platformName: windows, platformVersion: 10.0, proxy: Proxy(), setWindowRect: true, strictFileInteractability: false, timeouts: {implicit: 0, pageLoad: 300000, script: 30000}, unhandledPromptBehavior: dismiss and notify, webdriver.remote.sessionid: 76dbb1d1fb352a4a0bdf2b6b3a9...}
Element: [[ChromeDriver: firefox on windows (76dbb1d1fb352a4a0bdf2b6b3a9f99ae18dd293b)] -> xpath: //div[contains(@class, 'profile')]//button[@class='btn btn-primary']]
Session ID: 76dbb1d1fb352a4a0bdf2b6b3a9f99ae18dd293b
	at Unifyed.Unifyed_Engage.MyDrive_Test.loginAdminside(MyDrive_Test.java:22)
]]></failure>
  </testcase>
  <testcase name="loginAdminside" classname="Unifyed.Unifyed_Engage.MyDrive_Test" time="0">
    <skipped message="no such element: Unable to locate element: {&quot;method&quot;:&quot;xpath&quot;,&quot;selector&quot;:&quot;//div[contains(@class, &apos;profile&apos;)]//button[@class=&apos;btn btn-primary&apos;]&quot;}&#10;  (Session info: chrome=103.0.5060.114)&#10;For documentation on this error, please visit: https://www.selenium.dev/documentation/webdriver/troubleshooting/errors#no-such-element-exception&#10;Build info: version: &apos;4.10.0&apos;, revision: &apos;c14d967899&apos;&#10;System info: os.name: &apos;Windows 10&apos;, os.arch: &apos;amd64&apos;, os.version: &apos;10.0&apos;, java.version: &apos;11.0.11&apos;&#10;Driver info: org.openqa.selenium.chrome.ChromeDriver&#10;Command: [c638ea1174f2dff40a4cd5da50f9d9e159d189c0, findElement {using=xpath, value=//div[contains(@class, &apos;profile&apos;)]//button[@class=&apos;btn btn-primary&apos;]}]&#10;Capabilities {acceptInsecureCerts: true, browserName: chrome, browserVersion: 103.0.5060.114, chrome: {chromedriverVersion: 103.0.5060.24 (e47b049c438c..., userDataDir: C:\Windows\proxy\scoped_dir...}, goog:chromeOptions: {debuggerAddress: localhost:9222}, networkConnectionEnabled: false, optimalHubUrl: hub-aps.browserstack.com, pageLoadStrategy: normal, platformName: windows, proxy: Proxy(), setWindowRect: true, strictFileInteractability: false, timeouts: {implicit: 0, pageLoad: 300000, script: 30000}, unhandledPromptBehavior: dismiss and notify, webauthn:extension:credBlob: true, webauthn:extension:largeBlob: true, webauthn:virtualAuthenticators: true, webdriver.remote.sessionid: c638ea1174f2dff40a4cd5da50f...}&#10;Session ID: c638ea1174f2dff40a4cd5da50f9d9e159d189c0"/>
  </testcase>
  <testcase name="loginAdminside" classname="Unifyed.Unifyed_Engage.MyDrive_Test" time="0">
    <skipped message="no such element: Unable to locate element: {&quot;method&quot;:&quot;xpath&quot;,&quot;selector&quot;:&quot;//div[contains(@class, &apos;profile&apos;)]//button[@class=&apos;btn btn-primary&apos;]&quot;}&#10;  (Session info: chrome=103.0.5060.114)&#10;For documentation on this error, please visit: https://www.selenium.dev/documentation/webdriver/troubleshooting/errors#no-such-element-exception&#10;Build info: version: &apos;4.10.0&apos;, revision: &apos;c14d967899&apos;&#10;System info: os.name: &apos;Windows 10&apos;, os.arch: &apos;amd64&apos;, os.version: &apos;10.0&apos;, java.version: &apos;11.0.11&apos;&#10;Driver info: org.openqa.selenium.chrome.ChromeDriver&#10;Command: [c638ea1174f2dff40a4cd5da50f9d9e159d189c0, findElement {using=xpath, value=//div[contains(@class, &apos;profile&apos;)]//button[@class=&apos;btn btn-primary&apos;]}]&#10;Capabilities {acceptInsecureCerts: true, browserName: chrome, browserVersion: 103.0.5060.114, chrome: {chromedriverVersion: 103.0.5060.24 (e47b049c438c..., userDataDir: C:\Windows\proxy\scoped_dir...}, goog:chromeOptions: {debuggerAddress: localhost:9222}, networkConnectionEnabled: false, optimalHubUrl: hub-aps.browserstack.com, pageLoadStrategy: normal, platformName: windows, proxy: Proxy(), setWindowRect: true, strictFileInteractability: false, timeouts: {implicit: 0, pageLoad: 300000, script: 30000}, unhandledPromptBehavior: dismiss and notify, webauthn:extension:credBlob: true, webauthn:extension:largeBlob: true, webauthn:virtualAuthenticators: true, webdriver.remote.sessionid: c638ea1174f2dff40a4cd5da50f...}&#10;Session ID: c638ea1174f2dff40a4cd5da50f9d9e159d189c0"/>
  </testcase>
  <testcase name="loginAdminside" classname="Unifyed.Unifyed_Engage.MyDrive_Test" time="13.734">
    <failure message="no such element: Unable to locate element: {&quot;method&quot;:&quot;xpath&quot;,&quot;selector&quot;:&quot;//div[contains(@class, &apos;profile&apos;)]//button[@class=&apos;btn btn-primary&apos;]&quot;}&#10;  (Session info: chrome=103.0.5060.114)&#10;For documentation on this error, please visit: https://www.selenium.dev/documentation/webdriver/troubleshooting/errors#no-such-element-exception&#10;Build info: version: &apos;4.10.0&apos;, revision: &apos;c14d967899&apos;&#10;System info: os.name: &apos;Windows 10&apos;, os.arch: &apos;amd64&apos;, os.version: &apos;10.0&apos;, java.version: &apos;11.0.11&apos;&#10;Driver info: org.openqa.selenium.chrome.ChromeDriver&#10;Command: [c638ea1174f2dff40a4cd5da50f9d9e159d189c0, findElement {using=xpath, value=//div[contains(@class, &apos;profile&apos;)]//button[@class=&apos;btn btn-primary&apos;]}]&#10;Capabilities {acceptInsecureCerts: true, browserName: chrome, browserVersion: 103.0.5060.114, chrome: {chromedriverVersion: 103.0.5060.24 (e47b049c438c..., userDataDir: C:\Windows\proxy\scoped_dir...}, goog:chromeOptions: {debuggerAddress: localhost:9222}, networkConnectionEnabled: false, optimalHubUrl: hub-aps.browserstack.com, pageLoadStrategy: normal, platformName: windows, proxy: Proxy(), setWindowRect: true, strictFileInteractability: false, timeouts: {implicit: 0, pageLoad: 300000, script: 30000}, unhandledPromptBehavior: dismiss and notify, webauthn:extension:credBlob: true, webauthn:extension:largeBlob: true, webauthn:virtualAuthenticators: true, webdriver.remote.sessionid: c638ea1174f2dff40a4cd5da50f...}&#10;Session ID: c638ea1174f2dff40a4cd5da50f9d9e159d189c0" type="org.openqa.selenium.NoSuchElementException">org.openqa.selenium.NoSuchElementException: 
no such element: Unable to locate element: {"method":"xpath","selector":"//div[contains(@class, 'profile')]//button[@class='btn btn-primary']"}
  (Session info: chrome=103.0.5060.114)
For documentation on this error, please visit: https://www.selenium.dev/documentation/webdriver/troubleshooting/errors#no-such-element-exception
Build info: version: '4.10.0', revision: 'c14d967899'
System info: os.name: 'Windows 10', os.arch: 'amd64', os.version: '10.0', java.version: '11.0.11'
Driver info: org.openqa.selenium.chrome.ChromeDriver
Command: [c638ea1174f2dff40a4cd5da50f9d9e159d189c0, findElement {using=xpath, value=//div[contains(@class, 'profile')]//button[@class='btn btn-primary']}]
Capabilities {acceptInsecureCerts: true, browserName: chrome, browserVersion: 103.0.5060.114, chrome: {chromedriverVersion: 103.0.5060.24 (e47b049c438c..., userDataDir: C:\Windows\proxy\scoped_dir...}, goog:chromeOptions: {debuggerAddress: localhost:9222}, networkConnectionEnabled: false, optimalHubUrl: hub-aps.browserstack.com, pageLoadStrategy: normal, platformName: windows, proxy: Proxy(), setWindowRect: true, strictFileInteractability: false, timeouts: {implicit: 0, pageLoad: 300000, script: 30000}, unhandledPromptBehavior: dismiss and notify, webauthn:extension:credBlob: true, webauthn:extension:largeBlob: true, webauthn:virtualAuthenticators: true, webdriver.remote.sessionid: c638ea1174f2dff40a4cd5da50f...}
Session ID: c638ea1174f2dff40a4cd5da50f9d9e159d189c0
	at Unifyed.Unifyed_Engage.MyDrive_Test.loginAdminside(MyDrive_Test.java:22)
</failure>
  </testcase>
  <testcase name="myDriveFileUpload" classname="Unifyed.Unifyed_Engage.MyDrive_Test" time="0">
    <skipped message="Build info: version: &apos;4.10.0&apos;, revision: &apos;c14d967899&apos;&#10;System info: os.name: &apos;Windows 10&apos;, os.arch: &apos;amd64&apos;, os.version: &apos;10.0&apos;, java.version: &apos;11.0.11&apos;&#10;Driver info: org.openqa.selenium.chrome.ChromeDriver&#10;Command: [ab46c66fd055673dad01188e433e5811101b1a05, clickElement {id=node-AE730BE4-7CCF-4AB6-B0D0-02DED23D4D45}]&#10;Capabilities {acceptInsecureCerts: false, browserName: Safari, browserVersion: 13.1.3, optimalHubUrl: hub-aps.browserstack.com, platformName: mac, safari:automaticInspection: false, safari:automaticProfiling: false, safari:diagnose: false, safari:platformBuildVersion: 19H15, safari:platformVersion: 10.15.7, safari:useSimulator: false, setWindowRect: true, strictFileInteractability: false, webdriver.remote.sessionid: ab46c66fd055673dad01188e433..., webkit:WebRTC: {DisableICECandidateFiltering: false, DisableInsecureMediaCapture: false}}&#10;Element: [[ChromeDriver: Safari on mac (ab46c66fd055673dad01188e433e5811101b1a05)] -&gt; xpath: //a[@id=&apos;d714f79a30d7e033&apos;]/span]&#10;Session ID: ab46c66fd055673dad01188e433e5811101b1a05"/>
  </testcase>
  <testcase name="myDriveFileUpload" classname="Unifyed.Unifyed_Engage.MyDrive_Test" time="0">
    <skipped message="Build info: version: &apos;4.10.0&apos;, revision: &apos;c14d967899&apos;&#10;System info: os.name: &apos;Windows 10&apos;, os.arch: &apos;amd64&apos;, os.version: &apos;10.0&apos;, java.version: &apos;11.0.11&apos;&#10;Driver info: org.openqa.selenium.chrome.ChromeDriver&#10;Command: [ab46c66fd055673dad01188e433e5811101b1a05, clickElement {id=node-AE730BE4-7CCF-4AB6-B0D0-02DED23D4D45}]&#10;Capabilities {acceptInsecureCerts: false, browserName: Safari, browserVersion: 13.1.3, optimalHubUrl: hub-aps.browserstack.com, platformName: mac, safari:automaticInspection: false, safari:automaticProfiling: false, safari:diagnose: false, safari:platformBuildVersion: 19H15, safari:platformVersion: 10.15.7, safari:useSimulator: false, setWindowRect: true, strictFileInteractability: false, webdriver.remote.sessionid: ab46c66fd055673dad01188e433..., webkit:WebRTC: {DisableICECandidateFiltering: false, DisableInsecureMediaCapture: false}}&#10;Element: [[ChromeDriver: Safari on mac (ab46c66fd055673dad01188e433e5811101b1a05)] -&gt; xpath: //a[@id=&apos;d714f79a30d7e033&apos;]/span]&#10;Session ID: ab46c66fd055673dad01188e433e5811101b1a05"/>
  </testcase>
  <testcase name="myDriveFileUpload" classname="Unifyed.Unifyed_Engage.MyDrive_Test" time="0.457">
    <failure message="Build info: version: &apos;4.10.0&apos;, revision: &apos;c14d967899&apos;&#10;System info: os.name: &apos;Windows 10&apos;, os.arch: &apos;amd64&apos;, os.version: &apos;10.0&apos;, java.version: &apos;11.0.11&apos;&#10;Driver info: org.openqa.selenium.chrome.ChromeDriver&#10;Command: [ab46c66fd055673dad01188e433e5811101b1a05, clickElement {id=node-AE730BE4-7CCF-4AB6-B0D0-02DED23D4D45}]&#10;Capabilities {acceptInsecureCerts: false, browserName: Safari, browserVersion: 13.1.3, optimalHubUrl: hub-aps.browserstack.com, platformName: mac, safari:automaticInspection: false, safari:automaticProfiling: false, safari:diagnose: false, safari:platformBuildVersion: 19H15, safari:platformVersion: 10.15.7, safari:useSimulator: false, setWindowRect: true, strictFileInteractability: false, webdriver.remote.sessionid: ab46c66fd055673dad01188e433..., webkit:WebRTC: {DisableICECandidateFiltering: false, DisableInsecureMediaCapture: false}}&#10;Element: [[ChromeDriver: Safari on mac (ab46c66fd055673dad01188e433e5811101b1a05)] -&gt; xpath: //a[@id=&apos;d714f79a30d7e033&apos;]/span]&#10;Session ID: ab46c66fd055673dad01188e433e5811101b1a05" type="org.openqa.selenium.ElementNotInteractableException">org.openqa.selenium.ElementNotInteractableException: 
Build info: version: '4.10.0', revision: 'c14d967899'
System info: os.name: 'Windows 10', os.arch: 'amd64', os.version: '10.0', java.version: '11.0.11'
Driver info: org.openqa.selenium.chrome.ChromeDriver
Command: [ab46c66fd055673dad01188e433e5811101b1a05, clickElement {id=node-AE730BE4-7CCF-4AB6-B0D0-02DED23D4D45}]
Capabilities {acceptInsecureCerts: false, browserName: Safari, browserVersion: 13.1.3, optimalHubUrl: hub-aps.browserstack.com, platformName: mac, safari:automaticInspection: false, safari:automaticProfiling: false, safari:diagnose: false, safari:platformBuildVersion: 19H15, safari:platformVersion: 10.15.7, safari:useSimulator: false, setWindowRect: true, strictFileInteractability: false, webdriver.remote.sessionid: ab46c66fd055673dad01188e433..., webkit:WebRTC: {DisableICECandidateFiltering: false, DisableInsecureMediaCapture: false}}
Element: [[ChromeDriver: Safari on mac (ab46c66fd055673dad01188e433e5811101b1a05)] -> xpath: //a[@id='d714f79a30d7e033']/span]
Session ID: ab46c66fd055673dad01188e433e5811101b1a05
	at Unifyed.Unifyed_Engage.MyDrive_Test.myDriveFileUpload(MyDrive_Test.java:29)
</failure>
  </testcase>
  <testcase name="myDriveFileUpload" classname="Unifyed.Unifyed_Engage.MyDrive_Test" time="0">
    <skipped message="Element &lt;span class=&quot;innertitle&quot;&gt; could not be scrolled into view&#10;Build info: version: &apos;4.10.0&apos;, revision: &apos;c14d967899&apos;&#10;System info: os.name: &apos;Windows 10&apos;, os.arch: &apos;amd64&apos;, os.version: &apos;10.0&apos;, java.version: &apos;11.0.11&apos;&#10;Driver info: org.openqa.selenium.chrome.ChromeDriver&#10;Command: [76dbb1d1fb352a4a0bdf2b6b3a9f99ae18dd293b, clickElement {id=eaadb58a-9baf-4ef6-8e16-d3eadce10015}]&#10;Capabilities {acceptInsecureCerts: true, browserName: firefox, browserVersion: 99.0, moz:accessibilityChecks: false, moz:buildID: 20220330194208, moz:geckodriverVersion: 0.31.0, moz:headless: false, moz:processID: 4776, moz:profile: C:\Windows\proxy\rust_mozpr..., moz:shutdownTimeout: 60000, moz:useNonSpecCompliantPointerOrigin: false, moz:webdriverClick: true, optimalHubUrl: hub-aps.browserstack.com, pageLoadStrategy: normal, platformName: windows, platformVersion: 10.0, proxy: Proxy(), setWindowRect: true, strictFileInteractability: false, timeouts: {implicit: 0, pageLoad: 300000, script: 30000}, unhandledPromptBehavior: dismiss and notify, webdriver.remote.sessionid: 76dbb1d1fb352a4a0bdf2b6b3a9...}&#10;Element: [[ChromeDriver: firefox on windows (76dbb1d1fb352a4a0bdf2b6b3a9f99ae18dd293b)] -&gt; xpath: //a[@id=&apos;d714f79a30d7e033&apos;]/span]&#10;Session ID: 76dbb1d1fb352a4a0bdf2b6b3a9f99ae18dd293b"/>
  </testcase>
  <testcase name="myDriveFileUpload" classname="Unifyed.Unifyed_Engage.MyDrive_Test" time="0">
    <skipped message="Element &lt;span class=&quot;innertitle&quot;&gt; could not be scrolled into view&#10;Build info: version: &apos;4.10.0&apos;, revision: &apos;c14d967899&apos;&#10;System info: os.name: &apos;Windows 10&apos;, os.arch: &apos;amd64&apos;, os.version: &apos;10.0&apos;, java.version: &apos;11.0.11&apos;&#10;Driver info: org.openqa.selenium.chrome.ChromeDriver&#10;Command: [76dbb1d1fb352a4a0bdf2b6b3a9f99ae18dd293b, clickElement {id=eaadb58a-9baf-4ef6-8e16-d3eadce10015}]&#10;Capabilities {acceptInsecureCerts: true, browserName: firefox, browserVersion: 99.0, moz:accessibilityChecks: false, moz:buildID: 20220330194208, moz:geckodriverVersion: 0.31.0, moz:headless: false, moz:processID: 4776, moz:profile: C:\Windows\proxy\rust_mozpr..., moz:shutdownTimeout: 60000, moz:useNonSpecCompliantPointerOrigin: false, moz:webdriverClick: true, optimalHubUrl: hub-aps.browserstack.com, pageLoadStrategy: normal, platformName: windows, platformVersion: 10.0, proxy: Proxy(), setWindowRect: true, strictFileInteractability: false, timeouts: {implicit: 0, pageLoad: 300000, script: 30000}, unhandledPromptBehavior: dismiss and notify, webdriver.remote.sessionid: 76dbb1d1fb352a4a0bdf2b6b3a9...}&#10;Element: [[ChromeDriver: firefox on windows (76dbb1d1fb352a4a0bdf2b6b3a9f99ae18dd293b)] -&gt; xpath: //a[@id=&apos;d714f79a30d7e033&apos;]/span]&#10;Session ID: 76dbb1d1fb352a4a0bdf2b6b3a9f99ae18dd293b"/>
  </testcase>
  <testcase name="myDriveFileUpload" classname="Unifyed.Unifyed_Engage.MyDrive_Test" time="3.579">
    <failure message="Element &lt;span class=&quot;innertitle&quot;&gt; could not be scrolled into view&#10;Build info: version: &apos;4.10.0&apos;, revision: &apos;c14d967899&apos;&#10;System info: os.name: &apos;Windows 10&apos;, os.arch: &apos;amd64&apos;, os.version: &apos;10.0&apos;, java.version: &apos;11.0.11&apos;&#10;Driver info: org.openqa.selenium.chrome.ChromeDriver&#10;Command: [76dbb1d1fb352a4a0bdf2b6b3a9f99ae18dd293b, clickElement {id=eaadb58a-9baf-4ef6-8e16-d3eadce10015}]&#10;Capabilities {acceptInsecureCerts: true, browserName: firefox, browserVersion: 99.0, moz:accessibilityChecks: false, moz:buildID: 20220330194208, moz:geckodriverVersion: 0.31.0, moz:headless: false, moz:processID: 4776, moz:profile: C:\Windows\proxy\rust_mozpr..., moz:shutdownTimeout: 60000, moz:useNonSpecCompliantPointerOrigin: false, moz:webdriverClick: true, optimalHubUrl: hub-aps.browserstack.com, pageLoadStrategy: normal, platformName: windows, platformVersion: 10.0, proxy: Proxy(), setWindowRect: true, strictFileInteractability: false, timeouts: {implicit: 0, pageLoad: 300000, script: 30000}, unhandledPromptBehavior: dismiss and notify, webdriver.remote.sessionid: 76dbb1d1fb352a4a0bdf2b6b3a9...}&#10;Element: [[ChromeDriver: firefox on windows (76dbb1d1fb352a4a0bdf2b6b3a9f99ae18dd293b)] -&gt; xpath: //a[@id=&apos;d714f79a30d7e033&apos;]/span]&#10;Session ID: 76dbb1d1fb352a4a0bdf2b6b3a9f99ae18dd293b" type="org.openqa.selenium.ElementNotInteractableException"><![CDATA[org.openqa.selenium.ElementNotInteractableException: 
Element <span class="innertitle"> could not be scrolled into view
Build info: version: '4.10.0', revision: 'c14d967899'
System info: os.name: 'Windows 10', os.arch: 'amd64', os.version: '10.0', java.version: '11.0.11'
Driver info: org.openqa.selenium.chrome.ChromeDriver
Command: [76dbb1d1fb352a4a0bdf2b6b3a9f99ae18dd293b, clickElement {id=eaadb58a-9baf-4ef6-8e16-d3eadce10015}]
Capabilities {acceptInsecureCerts: true, browserName: firefox, browserVersion: 99.0, moz:accessibilityChecks: false, moz:buildID: 20220330194208, moz:geckodriverVersion: 0.31.0, moz:headless: false, moz:processID: 4776, moz:profile: C:\Windows\proxy\rust_mozpr..., moz:shutdownTimeout: 60000, moz:useNonSpecCompliantPointerOrigin: false, moz:webdriverClick: true, optimalHubUrl: hub-aps.browserstack.com, pageLoadStrategy: normal, platformName: windows, platformVersion: 10.0, proxy: Proxy(), setWindowRect: true, strictFileInteractability: false, timeouts: {implicit: 0, pageLoad: 300000, script: 30000}, unhandledPromptBehavior: dismiss and notify, webdriver.remote.sessionid: 76dbb1d1fb352a4a0bdf2b6b3a9...}
Element: [[ChromeDriver: firefox on windows (76dbb1d1fb352a4a0bdf2b6b3a9f99ae18dd293b)] -> xpath: //a[@id='d714f79a30d7e033']/span]
Session ID: 76dbb1d1fb352a4a0bdf2b6b3a9f99ae18dd293b
	at Unifyed.Unifyed_Engage.MyDrive_Test.myDriveFileUpload(MyDrive_Test.java:29)
]]></failure>
  </testcase>
  <testcase name="myDriveFileUpload" classname="Unifyed.Unifyed_Engage.MyDrive_Test" time="0">
    <skipped message="element not interactable&#10;  (Session info: chrome=103.0.5060.114)&#10;Build info: version: &apos;4.10.0&apos;, revision: &apos;c14d967899&apos;&#10;System info: os.name: &apos;Windows 10&apos;, os.arch: &apos;amd64&apos;, os.version: &apos;10.0&apos;, java.version: &apos;11.0.11&apos;&#10;Driver info: org.openqa.selenium.chrome.ChromeDriver&#10;Command: [c638ea1174f2dff40a4cd5da50f9d9e159d189c0, clickElement {id=e5664e27-a79e-46f8-98f4-45f54c0686d7}]&#10;Capabilities {acceptInsecureCerts: true, browserName: chrome, browserVersion: 103.0.5060.114, chrome: {chromedriverVersion: 103.0.5060.24 (e47b049c438c..., userDataDir: C:\Windows\proxy\scoped_dir...}, goog:chromeOptions: {debuggerAddress: localhost:9222}, networkConnectionEnabled: false, optimalHubUrl: hub-aps.browserstack.com, pageLoadStrategy: normal, platformName: windows, proxy: Proxy(), setWindowRect: true, strictFileInteractability: false, timeouts: {implicit: 0, pageLoad: 300000, script: 30000}, unhandledPromptBehavior: dismiss and notify, webauthn:extension:credBlob: true, webauthn:extension:largeBlob: true, webauthn:virtualAuthenticators: true, webdriver.remote.sessionid: c638ea1174f2dff40a4cd5da50f...}&#10;Element: [[ChromeDriver: chrome on windows (c638ea1174f2dff40a4cd5da50f9d9e159d189c0)] -&gt; xpath: //div[@id=&apos;newFile&apos;]//div[@class=&apos;modal-header&apos;]/button]&#10;Session ID: c638ea1174f2dff40a4cd5da50f9d9e159d189c0"/>
    <system-err><![CDATA[Jan 11, 2024 10:00:48 AM okhttp3.internal.platform.Platform log
WARNING: A connection to https://hub-aps.browserstack.com/ was leaked. Did you forget to close a response body? To see where this was allocated, set the OkHttpClient logger level to FINE: Logger.getLogger(OkHttpClient.class.getName()).setLevel(Level.FINE);
Jan 11, 2024 10:00:49 AM okhttp3.internal.platform.Platform log
WARNING: A connection to https://hub-euw.browserstack.com/ was leaked. Did you forget to close a response body? To see where this was allocated, set the OkHttpClient logger level to FINE: Logger.getLogger(OkHttpClient.class.getName()).setLevel(Level.FINE);
Jan 11, 2024 10:00:51 AM okhttp3.internal.platform.Platform log
WARNING: A connection to https://hub-apse.browserstack.com/ was leaked. Did you forget to close a response body? To see where this was allocated, set the OkHttpClient logger level to FINE: Logger.getLogger(OkHttpClient.class.getName()).setLevel(Level.FINE);
]]></system-err>
  </testcase>
  <testcase name="myDriveFileUpload" classname="Unifyed.Unifyed_Engage.MyDrive_Test" time="0">
    <skipped message="element click intercepted: Element &lt;span class=&quot;innertitle&quot;&gt;...&lt;/span&gt; is not clickable at point (134, 432). Other element would receive the click: &lt;div id=&quot;newFile&quot; class=&quot;modal fade u8PopupBg in&quot; role=&quot;newFile&quot; style=&quot;display: block;&quot;&gt;...&lt;/div&gt;&#10;  (Session info: chrome=103.0.5060.114)&#10;Build info: version: &apos;4.10.0&apos;, revision: &apos;c14d967899&apos;&#10;System info: os.name: &apos;Windows 10&apos;, os.arch: &apos;amd64&apos;, os.version: &apos;10.0&apos;, java.version: &apos;11.0.11&apos;&#10;Driver info: org.openqa.selenium.chrome.ChromeDriver&#10;Command: [c638ea1174f2dff40a4cd5da50f9d9e159d189c0, clickElement {id=3c4a9286-069d-492e-9821-df7a1e40ebe5}]&#10;Capabilities {acceptInsecureCerts: true, browserName: chrome, browserVersion: 103.0.5060.114, chrome: {chromedriverVersion: 103.0.5060.24 (e47b049c438c..., userDataDir: C:\Windows\proxy\scoped_dir...}, goog:chromeOptions: {debuggerAddress: localhost:9222}, networkConnectionEnabled: false, optimalHubUrl: hub-aps.browserstack.com, pageLoadStrategy: normal, platformName: windows, proxy: Proxy(), setWindowRect: true, strictFileInteractability: false, timeouts: {implicit: 0, pageLoad: 300000, script: 30000}, unhandledPromptBehavior: dismiss and notify, webauthn:extension:credBlob: true, webauthn:extension:largeBlob: true, webauthn:virtualAuthenticators: true, webdriver.remote.sessionid: c638ea1174f2dff40a4cd5da50f...}&#10;Element: [[ChromeDriver: chrome on windows (c638ea1174f2dff40a4cd5da50f9d9e159d189c0)] -&gt; xpath: //a[@id=&apos;d714f79a30d7e033&apos;]/span]&#10;Session ID: c638ea1174f2dff40a4cd5da50f9d9e159d189c0"/>
  </testcase>
  <testcase name="myDriveFileUpload" classname="Unifyed.Unifyed_Engage.MyDrive_Test" time="4.811">
    <failure message="element click intercepted: Element &lt;span class=&quot;innertitle&quot;&gt;...&lt;/span&gt; is not clickable at point (134, 432). Other element would receive the click: &lt;div id=&quot;newFile&quot; class=&quot;modal fade u8PopupBg in&quot; role=&quot;newFile&quot; style=&quot;display: block;&quot;&gt;...&lt;/div&gt;&#10;  (Session info: chrome=103.0.5060.114)&#10;Build info: version: &apos;4.10.0&apos;, revision: &apos;c14d967899&apos;&#10;System info: os.name: &apos;Windows 10&apos;, os.arch: &apos;amd64&apos;, os.version: &apos;10.0&apos;, java.version: &apos;11.0.11&apos;&#10;Driver info: org.openqa.selenium.chrome.ChromeDriver&#10;Command: [c638ea1174f2dff40a4cd5da50f9d9e159d189c0, clickElement {id=3c4a9286-069d-492e-9821-df7a1e40ebe5}]&#10;Capabilities {acceptInsecureCerts: true, browserName: chrome, browserVersion: 103.0.5060.114, chrome: {chromedriverVersion: 103.0.5060.24 (e47b049c438c..., userDataDir: C:\Windows\proxy\scoped_dir...}, goog:chromeOptions: {debuggerAddress: localhost:9222}, networkConnectionEnabled: false, optimalHubUrl: hub-aps.browserstack.com, pageLoadStrategy: normal, platformName: windows, proxy: Proxy(), setWindowRect: true, strictFileInteractability: false, timeouts: {implicit: 0, pageLoad: 300000, script: 30000}, unhandledPromptBehavior: dismiss and notify, webauthn:extension:credBlob: true, webauthn:extension:largeBlob: true, webauthn:virtualAuthenticators: true, webdriver.remote.sessionid: c638ea1174f2dff40a4cd5da50f...}&#10;Element: [[ChromeDriver: chrome on windows (c638ea1174f2dff40a4cd5da50f9d9e159d189c0)] -&gt; xpath: //a[@id=&apos;d714f79a30d7e033&apos;]/span]&#10;Session ID: c638ea1174f2dff40a4cd5da50f9d9e159d189c0" type="org.openqa.selenium.ElementClickInterceptedException"><![CDATA[org.openqa.selenium.ElementClickInterceptedException: 
element click intercepted: Element <span class="innertitle">...</span> is not clickable at point (134, 432). Other element would receive the click: <div id="newFile" class="modal fade u8PopupBg in" role="newFile" style="display: block;">...</div>
  (Session info: chrome=103.0.5060.114)
Build info: version: '4.10.0', revision: 'c14d967899'
System info: os.name: 'Windows 10', os.arch: 'amd64', os.version: '10.0', java.version: '11.0.11'
Driver info: org.openqa.selenium.chrome.ChromeDriver
Command: [c638ea1174f2dff40a4cd5da50f9d9e159d189c0, clickElement {id=3c4a9286-069d-492e-9821-df7a1e40ebe5}]
Capabilities {acceptInsecureCerts: true, browserName: chrome, browserVersion: 103.0.5060.114, chrome: {chromedriverVersion: 103.0.5060.24 (e47b049c438c..., userDataDir: C:\Windows\proxy\scoped_dir...}, goog:chromeOptions: {debuggerAddress: localhost:9222}, networkConnectionEnabled: false, optimalHubUrl: hub-aps.browserstack.com, pageLoadStrategy: normal, platformName: windows, proxy: Proxy(), setWindowRect: true, strictFileInteractability: false, timeouts: {implicit: 0, pageLoad: 300000, script: 30000}, unhandledPromptBehavior: dismiss and notify, webauthn:extension:credBlob: true, webauthn:extension:largeBlob: true, webauthn:virtualAuthenticators: true, webdriver.remote.sessionid: c638ea1174f2dff40a4cd5da50f...}
Element: [[ChromeDriver: chrome on windows (c638ea1174f2dff40a4cd5da50f9d9e159d189c0)] -> xpath: //a[@id='d714f79a30d7e033']/span]
Session ID: c638ea1174f2dff40a4cd5da50f9d9e159d189c0
	at Unifyed.Unifyed_Engage.MyDrive_Test.myDriveFileUpload(MyDrive_Test.java:29)
]]></failure>
  </testcase>
</testsuite>