<!DOCTYPE html PUBLIC "-//W3C//DTD XHTML 1.1//EN" "https://www.w3.org/TR/xhtml11/DTD/xhtml11.dtd">
<html xmlns="https://www.w3.org/1999/xhtml">
<head>
<meta http-equiv="content-type" content="text/html; charset=UTF-8"/>
<title>TestNG Report</title>
<style type="text/css">table {margin-bottom:10px;border-collapse:collapse;empty-cells:show}th,td {border:1px solid #009;padding:.25em .5em}th {vertical-align:bottom}td {vertical-align:top}table a {font-weight:bold}.stripe td {background-color: #E6EBF9}.num {text-align:right}.passedodd td {background-color: #3F3}.passedeven td {background-color: #0A0}.skippedodd td {background-color: #DDD}.skippedeven td {background-color: #CCC}.failedodd td,.attn {background-color: #F33}.failedeven td,.stripe .attn {background-color: #D00}.stacktrace {white-space:pre;font-family:monospace}.totop {font-size:85%;text-align:center;border-bottom:2px solid #000}.invisible {display:none}</style>
</head>
<body>
<table>
<tr><th>Test</th><th># Passed</th><th># Skipped</th><th># Retried</th><th># Failed</th><th>Time (ms)</th><th>Included Groups</th><th>Excluded Groups</th></tr>
<tr><th colspan="8">LoginLogoutSuite</th></tr>
<tr><td><a href="#t0">CategoryTest-2</a></td><td class="num">0</td><td class="num">0</td><td class="num attn">4</td><td class="num attn">2</td><td class="num">102,069</td><td></td><td></td></tr>
<tr class="stripe"><td><a href="#t1">CategoryTest-0</a></td><td class="num">1</td><td class="num">0</td><td class="num attn">2</td><td class="num attn">1</td><td class="num">123,557</td><td></td><td></td></tr>
<tr><td><a href="#t2">CategoryTest-1</a></td><td class="num">0</td><td class="num">0</td><td class="num attn">4</td><td class="num attn">2</td><td class="num">133,924</td><td></td><td></td></tr>
<tr><th>Total</th><th class="num">1</th><th class="num">0</th><th class="num attn">10</th><th class="num attn">5</th><th class="num">359,550</th><th colspan="2"></th></tr>
</table>
<table id='summary'><thead><tr><th>Class</th><th>Method</th><th>Start</th><th>Time (ms)</th></tr></thead><tbody><tr><th colspan="4">LoginLogoutSuite</th></tr></tbody><tbody id="t0"><tr><th colspan="4">CategoryTest-2 &#8212; failed</th></tr><tr class="failedeven"><td rowspan="2">Unifyed.Unifyed_Engage.LoginLogoutTest</td><td><a href="#m0">LoginLogoutMethod</a></td><td rowspan="2">1704985818468</td><td rowspan="2">5339</td></tr><tr class="failedeven"><td><a href="#m1">LoginLogoutMethod</a></td></tr><tr><th colspan="4">CategoryTest-2 &#8212; retried</th></tr><tr class="retriedeven"><td rowspan="4">Unifyed.Unifyed_Engage.LoginLogoutTest</td><td><a href="#m2">LoginLogoutMethod</a></td><td rowspan="4">1704985804039</td><td rowspan="4">8682</td></tr><tr class="retriedeven"><td><a href="#m3">LoginLogoutMethod</a></td></tr><tr class="retriedeven"><td><a href="#m4">LoginLogoutMethod</a></td></tr><tr class="retriedeven"><td><a href="#m5">LoginLogoutMethod</a></td></tr></tbody>
<tbody id="t1"><tr><th colspan="4">CategoryTest-0 &#8212; failed</th></tr><tr class="failedeven"><td rowspan="1">Unifyed.Unifyed_Engage.LoginLogoutTest</td><td><a href="#m6">LoginLogoutMethod</a></td><td rowspan="1">1704985873900</td><td rowspan="1">11817</td></tr><tr><th colspan="4">CategoryTest-0 &#8212; retried</th></tr><tr class="retriedeven"><td rowspan="2">Unifyed.Unifyed_Engage.LoginLogoutTest</td><td><a href="#m7">LoginLogoutMethod</a></td><td rowspan="2">1704985830722</td><td rowspan="2">27500</td></tr><tr class="retriedeven"><td><a href="#m8">LoginLogoutMethod</a></td></tr><tr><th colspan="4">CategoryTest-0 &#8212; passed</th></tr><tr class="passedeven"><td rowspan="1">Unifyed.Unifyed_Engage.LoginLogoutTest</td><td><a href="#m9">LoginLogoutMethod</a></td><td rowspan="1">1704985795423</td><td rowspan="1">33407</td></tr></tbody>
<tbody id="t2"><tr><th colspan="4">CategoryTest-1 &#8212; failed</th></tr><tr class="failedeven"><td rowspan="2">Unifyed.Unifyed_Engage.LoginLogoutTest</td><td><a href="#m10">LoginLogoutMethod</a></td><td rowspan="2">1704985832043</td><td rowspan="2">3344</td></tr><tr class="failedeven"><td><a href="#m11">LoginLogoutMethod</a></td></tr><tr><th colspan="4">CategoryTest-1 &#8212; retried</th></tr><tr class="retriedeven"><td rowspan="4">Unifyed.Unifyed_Engage.LoginLogoutTest</td><td><a href="#m12">LoginLogoutMethod</a></td><td rowspan="4">1704985826346</td><td rowspan="4">3882</td></tr><tr class="retriedeven"><td><a href="#m13">LoginLogoutMethod</a></td></tr><tr class="retriedeven"><td><a href="#m14">LoginLogoutMethod</a></td></tr><tr class="retriedeven"><td><a href="#m15">LoginLogoutMethod</a></td></tr></tbody>
</table>
<h2>CategoryTest-2</h2><h3 id="m0">Unifyed.Unifyed_Engage.LoginLogoutTest#LoginLogoutMethod</h3><table class="result"><tr class="param"><th>Parameter #1</th><th>Parameter #2</th></tr><tr class="param stripe"><td>pankaj_kalra@unifyedqa.edu</td><td>Admin@2008s</td></tr><tr><th colspan="2">Exception</th></tr><tr><td colspan="2"><div class="stacktrace">java.lang.ClassCastException: class com.google.common.collect.Maps$TransformedEntriesMap cannot be cast to class org.openqa.selenium.WebElement (com.google.common.collect.Maps$TransformedEntriesMap and org.openqa.selenium.WebElement are in unnamed module of loader &apos;app&apos;)
	at org.openqa.selenium.remote.ElementLocation$ElementFinder$2.findElement(ElementLocation.java:166)
	at org.openqa.selenium.remote.ElementLocation.findElement(ElementLocation.java:59)
	at org.openqa.selenium.remote.RemoteWebDriver.findElement(RemoteWebDriver.java:350)
	at org.openqa.selenium.remote.RemoteWebDriver.findElement(RemoteWebDriver.java:344)
	at org.openqa.selenium.remote.RemoteWebDriver.findElement(RemoteWebDriver.java)
	at org.openqa.selenium.support.pagefactory.DefaultElementLocator.findElement(DefaultElementLocator.java:68)
	at org.openqa.selenium.support.pagefactory.internal.LocatingElementHandler.invoke(LocatingElementHandler.java:38)
	at com.sun.proxy.$Proxy14.click(Unknown Source)
	at Unifyed.Unifyed_Engage.AdminPages.AdminLoginPageClass.loginMethodMethod(AdminLoginPageClass.java:33)
	at Unifyed.Unifyed_Engage.LoginLogoutTest.LoginLogoutMethod(LoginLogoutTest.java:20)
	at java.base/java.util.ArrayList.forEach(ArrayList.java:1541)
	at java.base/java.util.concurrent.FutureTask.run(FutureTask.java:264)
	at java.base/java.util.concurrent.ThreadPoolExecutor.runWorker(ThreadPoolExecutor.java:1128)
	at java.base/java.util.concurrent.ThreadPoolExecutor$Worker.run(ThreadPoolExecutor.java:628)
	at java.base/java.lang.Thread.run(Thread.java:834)
... Removed 17 stack frames</div></td></tr></table><p class="totop"><a href="#summary">back to summary</a></p>
<h3 id="m1">Unifyed.Unifyed_Engage.LoginLogoutTest#LoginLogoutMethod</h3><table class="result"><tr class="param"><th>Parameter #1</th><th>Parameter #2</th></tr><tr class="param stripe"><td>philip_parker@unifyedqa.edu</td><td>Admin@2008</td></tr><tr><th colspan="2">Exception</th></tr><tr><td colspan="2"><div class="stacktrace">org.openqa.selenium.NoSuchElementException: For documentation on this error, please visit: https://www.selenium.dev/documentation/webdriver/troubleshooting/errors#no-such-element-exception
Build info: version: &apos;4.10.0&apos;, revision: &apos;c14d967899&apos;
System info: os.name: &apos;Windows 10&apos;, os.arch: &apos;amd64&apos;, os.version: &apos;10.0&apos;, java.version: &apos;11.0.11&apos;
Driver info: org.openqa.selenium.chrome.ChromeDriver
Command: [0a66b8bbd61cf0246756f23f8fdbcd7990a404b6, findElement {using=xpath, value=//div[contains(@class, &apos;profile&apos;)]//button[@class=&apos;btn btn-primary&apos;]}]
Capabilities {acceptInsecureCerts: false, browserName: Safari, browserVersion: 13.1.3, optimalHubUrl: hub-aps.browserstack.com, platformName: mac, safari:automaticInspection: false, safari:automaticProfiling: false, safari:diagnose: false, safari:platformBuildVersion: 19H15, safari:platformVersion: 10.15.7, safari:useSimulator: false, setWindowRect: true, strictFileInteractability: false, webdriver.remote.sessionid: 0a66b8bbd61cf0246756f23f8fd..., webkit:WebRTC: {DisableICECandidateFiltering: false, DisableInsecureMediaCapture: false}}
Session ID: 0a66b8bbd61cf0246756f23f8fdbcd7990a404b6
	at org.openqa.selenium.remote.codec.w3c.W3CHttpResponseCodec.createException(W3CHttpResponseCodec.java:199)
	at org.openqa.selenium.remote.codec.w3c.W3CHttpResponseCodec.decode(W3CHttpResponseCodec.java:132)
	at org.openqa.selenium.remote.codec.w3c.W3CHttpResponseCodec.decode(W3CHttpResponseCodec.java:51)
	at org.openqa.selenium.remote.HttpCommandExecutor.execute(HttpCommandExecutor.java:191)
	at org.openqa.selenium.remote.RemoteWebDriver.execute(RemoteWebDriver.java:531)
	at org.openqa.selenium.remote.ElementLocation$ElementFinder$2.findElement(ElementLocation.java:165)
	at org.openqa.selenium.remote.ElementLocation.findElement(ElementLocation.java:59)
	at org.openqa.selenium.remote.RemoteWebDriver.findElement(RemoteWebDriver.java:350)
	at org.openqa.selenium.remote.RemoteWebDriver.findElement(RemoteWebDriver.java:344)
	at org.openqa.selenium.remote.RemoteWebDriver.findElement(RemoteWebDriver.java)
	at org.openqa.selenium.support.pagefactory.DefaultElementLocator.findElement(DefaultElementLocator.java:68)
	at org.openqa.selenium.support.pagefactory.internal.LocatingElementHandler.invoke(LocatingElementHandler.java:38)
	at com.sun.proxy.$Proxy14.click(Unknown Source)
	at Unifyed.Unifyed_Engage.AdminPages.AdminLoginPageClass.loginMethodMethod(AdminLoginPageClass.java:33)
	at Unifyed.Unifyed_Engage.LoginLogoutTest.LoginLogoutMethod(LoginLogoutTest.java:20)
	at java.base/java.util.ArrayList.forEach(ArrayList.java:1541)
	at java.base/java.util.concurrent.FutureTask.run(FutureTask.java:264)
	at java.base/java.util.concurrent.ThreadPoolExecutor.runWorker(ThreadPoolExecutor.java:1128)
	at java.base/java.util.concurrent.ThreadPoolExecutor$Worker.run(ThreadPoolExecutor.java:628)
	at java.base/java.lang.Thread.run(Thread.java:834)
... Removed 21 stack frames</div></td></tr></table><p class="totop"><a href="#summary">back to summary</a></p>
<h3 id="m2">Unifyed.Unifyed_Engage.LoginLogoutTest#LoginLogoutMethod</h3><table class="result"><tr class="param"><th>Parameter #1</th><th>Parameter #2</th></tr><tr class="param stripe"><td>pankaj_kalra@unifyedqa.edu</td><td>Admin@2008s</td></tr><tr><th colspan="2">Exception</th></tr><tr><td colspan="2"><div class="stacktrace">java.lang.ClassCastException: class com.google.common.collect.Maps$TransformedEntriesMap cannot be cast to class org.openqa.selenium.WebElement (com.google.common.collect.Maps$TransformedEntriesMap and org.openqa.selenium.WebElement are in unnamed module of loader &apos;app&apos;)
	at org.openqa.selenium.remote.ElementLocation$ElementFinder$2.findElement(ElementLocation.java:166)
	at org.openqa.selenium.remote.ElementLocation.findElement(ElementLocation.java:59)
	at org.openqa.selenium.remote.RemoteWebDriver.findElement(RemoteWebDriver.java:350)
	at org.openqa.selenium.remote.RemoteWebDriver.findElement(RemoteWebDriver.java:344)
	at org.openqa.selenium.remote.RemoteWebDriver.findElement(RemoteWebDriver.java)
	at org.openqa.selenium.support.pagefactory.DefaultElementLocator.findElement(DefaultElementLocator.java:68)
	at org.openqa.selenium.support.pagefactory.internal.LocatingElementHandler.invoke(LocatingElementHandler.java:38)
	at com.sun.proxy.$Proxy14.sendKeys(Unknown Source)
	at Unifyed.Unifyed_Engage.AdminPages.AdminLoginPageClass.loginMethodMethod(AdminLoginPageClass.java:35)
	at Unifyed.Unifyed_Engage.LoginLogoutTest.LoginLogoutMethod(LoginLogoutTest.java:20)
	at java.base/java.util.ArrayList.forEach(ArrayList.java:1541)
	at java.base/java.util.concurrent.FutureTask.run(FutureTask.java:264)
	at java.base/java.util.concurrent.ThreadPoolExecutor.runWorker(ThreadPoolExecutor.java:1128)
	at java.base/java.util.concurrent.ThreadPoolExecutor$Worker.run(ThreadPoolExecutor.java:628)
	at java.base/java.lang.Thread.run(Thread.java:834)
... Removed 17 stack frames</div></td></tr></table><p class="totop"><a href="#summary">back to summary</a></p>
<h3 id="m3">Unifyed.Unifyed_Engage.LoginLogoutTest#LoginLogoutMethod</h3><table class="result"><tr class="param"><th>Parameter #1</th><th>Parameter #2</th></tr><tr class="param stripe"><td>philip_parker@unifyedqa.edu</td><td>Admin@2008</td></tr><tr><th colspan="2">Exception</th></tr><tr><td colspan="2"><div class="stacktrace">org.openqa.selenium.NoSuchElementException: For documentation on this error, please visit: https://www.selenium.dev/documentation/webdriver/troubleshooting/errors#no-such-element-exception
Build info: version: &apos;4.10.0&apos;, revision: &apos;c14d967899&apos;
System info: os.name: &apos;Windows 10&apos;, os.arch: &apos;amd64&apos;, os.version: &apos;10.0&apos;, java.version: &apos;11.0.11&apos;
Driver info: org.openqa.selenium.chrome.ChromeDriver
Command: [0a66b8bbd61cf0246756f23f8fdbcd7990a404b6, findElement {using=xpath, value=//div[contains(@class, &apos;profile&apos;)]//button[@class=&apos;btn btn-primary&apos;]}]
Capabilities {acceptInsecureCerts: false, browserName: Safari, browserVersion: 13.1.3, optimalHubUrl: hub-aps.browserstack.com, platformName: mac, safari:automaticInspection: false, safari:automaticProfiling: false, safari:diagnose: false, safari:platformBuildVersion: 19H15, safari:platformVersion: 10.15.7, safari:useSimulator: false, setWindowRect: true, strictFileInteractability: false, webdriver.remote.sessionid: 0a66b8bbd61cf0246756f23f8fd..., webkit:WebRTC: {DisableICECandidateFiltering: false, DisableInsecureMediaCapture: false}}
Session ID: 0a66b8bbd61cf0246756f23f8fdbcd7990a404b6
	at org.openqa.selenium.remote.codec.w3c.W3CHttpResponseCodec.createException(W3CHttpResponseCodec.java:199)
	at org.openqa.selenium.remote.codec.w3c.W3CHttpResponseCodec.decode(W3CHttpResponseCodec.java:132)
	at org.openqa.selenium.remote.codec.w3c.W3CHttpResponseCodec.decode(W3CHttpResponseCodec.java:51)
	at org.openqa.selenium.remote.HttpCommandExecutor.execute(HttpCommandExecutor.java:191)
	at org.openqa.selenium.remote.RemoteWebDriver.execute(RemoteWebDriver.java:531)
	at org.openqa.selenium.remote.ElementLocation$ElementFinder$2.findElement(ElementLocation.java:165)
	at org.openqa.selenium.remote.ElementLocation.findElement(ElementLocation.java:59)
	at org.openqa.selenium.remote.RemoteWebDriver.findElement(RemoteWebDriver.java:350)
	at org.openqa.selenium.remote.RemoteWebDriver.findElement(RemoteWebDriver.java:344)
	at org.openqa.selenium.remote.RemoteWebDriver.findElement(RemoteWebDriver.java)
	at org.openqa.selenium.support.pagefactory.DefaultElementLocator.findElement(DefaultElementLocator.java:68)
	at org.openqa.selenium.support.pagefactory.internal.LocatingElementHandler.invoke(LocatingElementHandler.java:38)
	at com.sun.proxy.$Proxy14.click(Unknown Source)
	at Unifyed.Unifyed_Engage.AdminPages.AdminLoginPageClass.loginMethodMethod(AdminLoginPageClass.java:33)
	at Unifyed.Unifyed_Engage.LoginLogoutTest.LoginLogoutMethod(LoginLogoutTest.java:20)
	at java.base/java.util.ArrayList.forEach(ArrayList.java:1541)
	at java.base/java.util.concurrent.FutureTask.run(FutureTask.java:264)
	at java.base/java.util.concurrent.ThreadPoolExecutor.runWorker(ThreadPoolExecutor.java:1128)
	at java.base/java.util.concurrent.ThreadPoolExecutor$Worker.run(ThreadPoolExecutor.java:628)
	at java.base/java.lang.Thread.run(Thread.java:834)
... Removed 21 stack frames</div></td></tr></table><p class="totop"><a href="#summary">back to summary</a></p>
<h3 id="m4">Unifyed.Unifyed_Engage.LoginLogoutTest#LoginLogoutMethod</h3><table class="result"><tr class="param"><th>Parameter #1</th><th>Parameter #2</th></tr><tr class="param stripe"><td>pankaj_kalra@unifyedqa.edu</td><td>Admin@2008s</td></tr><tr><th colspan="2">Exception</th></tr><tr><td colspan="2"><div class="stacktrace">java.lang.ClassCastException: class com.google.common.collect.Maps$TransformedEntriesMap cannot be cast to class org.openqa.selenium.WebElement (com.google.common.collect.Maps$TransformedEntriesMap and org.openqa.selenium.WebElement are in unnamed module of loader &apos;app&apos;)
	at org.openqa.selenium.remote.ElementLocation$ElementFinder$2.findElement(ElementLocation.java:166)
	at org.openqa.selenium.remote.ElementLocation.findElement(ElementLocation.java:59)
	at org.openqa.selenium.remote.RemoteWebDriver.findElement(RemoteWebDriver.java:350)
	at org.openqa.selenium.remote.RemoteWebDriver.findElement(RemoteWebDriver.java:344)
	at org.openqa.selenium.remote.RemoteWebDriver.findElement(RemoteWebDriver.java)
	at org.openqa.selenium.support.pagefactory.DefaultElementLocator.findElement(DefaultElementLocator.java:68)
	at org.openqa.selenium.support.pagefactory.internal.LocatingElementHandler.invoke(LocatingElementHandler.java:38)
	at com.sun.proxy.$Proxy14.click(Unknown Source)
	at Unifyed.Unifyed_Engage.AdminPages.AdminLoginPageClass.loginMethodMethod(AdminLoginPageClass.java:33)
	at Unifyed.Unifyed_Engage.LoginLogoutTest.LoginLogoutMethod(LoginLogoutTest.java:20)
	at java.base/java.util.ArrayList.forEach(ArrayList.java:1541)
	at java.base/java.util.concurrent.FutureTask.run(FutureTask.java:264)
	at java.base/java.util.concurrent.ThreadPoolExecutor.runWorker(ThreadPoolExecutor.java:1128)
	at java.base/java.util.concurrent.ThreadPoolExecutor$Worker.run(ThreadPoolExecutor.java:628)
	at java.base/java.lang.Thread.run(Thread.java:834)
... Removed 17 stack frames</div></td></tr></table><p class="totop"><a href="#summary">back to summary</a></p>
<h3 id="m5">Unifyed.Unifyed_Engage.LoginLogoutTest#LoginLogoutMethod</h3><table class="result"><tr class="param"><th>Parameter #1</th><th>Parameter #2</th></tr><tr class="param stripe"><td>philip_parker@unifyedqa.edu</td><td>Admin@2008</td></tr><tr><th colspan="2">Exception</th></tr><tr><td colspan="2"><div class="stacktrace">org.openqa.selenium.NoSuchElementException: For documentation on this error, please visit: https://www.selenium.dev/documentation/webdriver/troubleshooting/errors#no-such-element-exception
Build info: version: &apos;4.10.0&apos;, revision: &apos;c14d967899&apos;
System info: os.name: &apos;Windows 10&apos;, os.arch: &apos;amd64&apos;, os.version: &apos;10.0&apos;, java.version: &apos;11.0.11&apos;
Driver info: org.openqa.selenium.chrome.ChromeDriver
Command: [0a66b8bbd61cf0246756f23f8fdbcd7990a404b6, findElement {using=xpath, value=//div[contains(@class, &apos;profile&apos;)]//button[@class=&apos;btn btn-primary&apos;]}]
Capabilities {acceptInsecureCerts: false, browserName: Safari, browserVersion: 13.1.3, optimalHubUrl: hub-aps.browserstack.com, platformName: mac, safari:automaticInspection: false, safari:automaticProfiling: false, safari:diagnose: false, safari:platformBuildVersion: 19H15, safari:platformVersion: 10.15.7, safari:useSimulator: false, setWindowRect: true, strictFileInteractability: false, webdriver.remote.sessionid: 0a66b8bbd61cf0246756f23f8fd..., webkit:WebRTC: {DisableICECandidateFiltering: false, DisableInsecureMediaCapture: false}}
Session ID: 0a66b8bbd61cf0246756f23f8fdbcd7990a404b6
	at org.openqa.selenium.remote.codec.w3c.W3CHttpResponseCodec.createException(W3CHttpResponseCodec.java:199)
	at org.openqa.selenium.remote.codec.w3c.W3CHttpResponseCodec.decode(W3CHttpResponseCodec.java:132)
	at org.openqa.selenium.remote.codec.w3c.W3CHttpResponseCodec.decode(W3CHttpResponseCodec.java:51)
	at org.openqa.selenium.remote.HttpCommandExecutor.execute(HttpCommandExecutor.java:191)
	at org.openqa.selenium.remote.RemoteWebDriver.execute(RemoteWebDriver.java:531)
	at org.openqa.selenium.remote.ElementLocation$ElementFinder$2.findElement(ElementLocation.java:165)
	at org.openqa.selenium.remote.ElementLocation.findElement(ElementLocation.java:59)
	at org.openqa.selenium.remote.RemoteWebDriver.findElement(RemoteWebDriver.java:350)
	at org.openqa.selenium.remote.RemoteWebDriver.findElement(RemoteWebDriver.java:344)
	at org.openqa.selenium.remote.RemoteWebDriver.findElement(RemoteWebDriver.java)
	at org.openqa.selenium.support.pagefactory.DefaultElementLocator.findElement(DefaultElementLocator.java:68)
	at org.openqa.selenium.support.pagefactory.internal.LocatingElementHandler.invoke(LocatingElementHandler.java:38)
	at com.sun.proxy.$Proxy14.click(Unknown Source)
	at Unifyed.Unifyed_Engage.AdminPages.AdminLoginPageClass.loginMethodMethod(AdminLoginPageClass.java:33)
	at Unifyed.Unifyed_Engage.LoginLogoutTest.LoginLogoutMethod(LoginLogoutTest.java:20)
	at java.base/java.util.ArrayList.forEach(ArrayList.java:1541)
	at java.base/java.util.concurrent.FutureTask.run(FutureTask.java:264)
	at java.base/java.util.concurrent.ThreadPoolExecutor.runWorker(ThreadPoolExecutor.java:1128)
	at java.base/java.util.concurrent.ThreadPoolExecutor$Worker.run(ThreadPoolExecutor.java:628)
	at java.base/java.lang.Thread.run(Thread.java:834)
... Removed 21 stack frames</div></td></tr></table><p class="totop"><a href="#summary">back to summary</a></p>
<h2>CategoryTest-0</h2><h3 id="m6">Unifyed.Unifyed_Engage.LoginLogoutTest#LoginLogoutMethod</h3><table class="result"><tr class="param"><th>Parameter #1</th><th>Parameter #2</th></tr><tr class="param stripe"><td>philip_parker@unifyedqa.edu</td><td>Admin@2008</td></tr><tr><th colspan="2">Exception</th></tr><tr><td colspan="2"><div class="stacktrace">org.openqa.selenium.NoSuchElementException: no such element: Unable to locate element: {&quot;method&quot;:&quot;xpath&quot;,&quot;selector&quot;:&quot;//div[contains(@class, &apos;profile&apos;)]//button[@class=&apos;btn btn-primary&apos;]&quot;}
  (Session info: chrome=103.0.5060.114)
For documentation on this error, please visit: https://www.selenium.dev/documentation/webdriver/troubleshooting/errors#no-such-element-exception
Build info: version: &apos;4.10.0&apos;, revision: &apos;c14d967899&apos;
System info: os.name: &apos;Windows 10&apos;, os.arch: &apos;amd64&apos;, os.version: &apos;10.0&apos;, java.version: &apos;11.0.11&apos;
Driver info: org.openqa.selenium.chrome.ChromeDriver
Command: [2612b1cf5c4e9448cd7b00711add9b192879ae6e, findElement {using=xpath, value=//div[contains(@class, &apos;profile&apos;)]//button[@class=&apos;btn btn-primary&apos;]}]
Capabilities {acceptInsecureCerts: true, browserName: chrome, browserVersion: 103.0.5060.114, chrome: {chromedriverVersion: 103.0.5060.24 (e47b049c438c..., userDataDir: C:\Windows\proxy\scoped_dir...}, goog:chromeOptions: {debuggerAddress: localhost:9222}, networkConnectionEnabled: false, optimalHubUrl: hub-aps.browserstack.com, pageLoadStrategy: normal, platformName: windows, proxy: Proxy(), setWindowRect: true, strictFileInteractability: false, timeouts: {implicit: 0, pageLoad: 300000, script: 30000}, unhandledPromptBehavior: dismiss and notify, webauthn:extension:credBlob: true, webauthn:extension:largeBlob: true, webauthn:virtualAuthenticators: true, webdriver.remote.sessionid: 2612b1cf5c4e9448cd7b00711ad...}
Session ID: 2612b1cf5c4e9448cd7b00711add9b192879ae6e
	at org.openqa.selenium.remote.codec.w3c.W3CHttpResponseCodec.createException(W3CHttpResponseCodec.java:199)
	at org.openqa.selenium.remote.codec.w3c.W3CHttpResponseCodec.decode(W3CHttpResponseCodec.java:132)
	at org.openqa.selenium.remote.codec.w3c.W3CHttpResponseCodec.decode(W3CHttpResponseCodec.java:51)
	at org.openqa.selenium.remote.HttpCommandExecutor.execute(HttpCommandExecutor.java:191)
	at org.openqa.selenium.remote.RemoteWebDriver.execute(RemoteWebDriver.java:531)
	at org.openqa.selenium.remote.ElementLocation$ElementFinder$2.findElement(ElementLocation.java:165)
	at org.openqa.selenium.remote.ElementLocation.findElement(ElementLocation.java:59)
	at org.openqa.selenium.remote.RemoteWebDriver.findElement(RemoteWebDriver.java:350)
	at org.openqa.selenium.remote.RemoteWebDriver.findElement(RemoteWebDriver.java:344)
	at org.openqa.selenium.remote.RemoteWebDriver.findElement(RemoteWebDriver.java)
	at org.openqa.selenium.support.pagefactory.DefaultElementLocator.findElement(DefaultElementLocator.java:68)
	at org.openqa.selenium.support.pagefactory.internal.LocatingElementHandler.invoke(LocatingElementHandler.java:38)
	at com.sun.proxy.$Proxy14.click(Unknown Source)
	at Unifyed.Unifyed_Engage.AdminPages.AdminLoginPageClass.loginMethodMethod(AdminLoginPageClass.java:33)
	at Unifyed.Unifyed_Engage.LoginLogoutTest.LoginLogoutMethod(LoginLogoutTest.java:20)
	at java.base/java.util.ArrayList.forEach(ArrayList.java:1541)
	at java.base/java.util.concurrent.FutureTask.run(FutureTask.java:264)
	at java.base/java.util.concurrent.ThreadPoolExecutor.runWorker(ThreadPoolExecutor.java:1128)
	at java.base/java.util.concurrent.ThreadPoolExecutor$Worker.run(ThreadPoolExecutor.java:628)
	at java.base/java.lang.Thread.run(Thread.java:834)
... Removed 21 stack frames</div></td></tr></table><p class="totop"><a href="#summary">back to summary</a></p>
<h3 id="m7">Unifyed.Unifyed_Engage.LoginLogoutTest#LoginLogoutMethod</h3><table class="result"><tr class="param"><th>Parameter #1</th><th>Parameter #2</th></tr><tr class="param stripe"><td>philip_parker@unifyedqa.edu</td><td>Admin@2008</td></tr><tr><th colspan="2">Exception</th></tr><tr><td colspan="2"><div class="stacktrace">org.openqa.selenium.NoSuchElementException: no such element: Unable to locate element: {&quot;method&quot;:&quot;xpath&quot;,&quot;selector&quot;:&quot;//div[@id=&apos;addToggleMode&apos;]/img&quot;}
  (Session info: chrome=103.0.5060.114)
For documentation on this error, please visit: https://www.selenium.dev/documentation/webdriver/troubleshooting/errors#no-such-element-exception
Build info: version: &apos;4.10.0&apos;, revision: &apos;c14d967899&apos;
System info: os.name: &apos;Windows 10&apos;, os.arch: &apos;amd64&apos;, os.version: &apos;10.0&apos;, java.version: &apos;11.0.11&apos;
Driver info: org.openqa.selenium.chrome.ChromeDriver
Command: [2612b1cf5c4e9448cd7b00711add9b192879ae6e, findElement {using=xpath, value=//div[@id=&apos;addToggleMode&apos;]/img}]
Capabilities {acceptInsecureCerts: true, browserName: chrome, browserVersion: 103.0.5060.114, chrome: {chromedriverVersion: 103.0.5060.24 (e47b049c438c..., userDataDir: C:\Windows\proxy\scoped_dir...}, goog:chromeOptions: {debuggerAddress: localhost:9222}, networkConnectionEnabled: false, optimalHubUrl: hub-aps.browserstack.com, pageLoadStrategy: normal, platformName: windows, proxy: Proxy(), setWindowRect: true, strictFileInteractability: false, timeouts: {implicit: 0, pageLoad: 300000, script: 30000}, unhandledPromptBehavior: dismiss and notify, webauthn:extension:credBlob: true, webauthn:extension:largeBlob: true, webauthn:virtualAuthenticators: true, webdriver.remote.sessionid: 2612b1cf5c4e9448cd7b00711ad...}
Session ID: 2612b1cf5c4e9448cd7b00711add9b192879ae6e
	at org.openqa.selenium.remote.codec.w3c.W3CHttpResponseCodec.createException(W3CHttpResponseCodec.java:199)
	at org.openqa.selenium.remote.codec.w3c.W3CHttpResponseCodec.decode(W3CHttpResponseCodec.java:132)
	at org.openqa.selenium.remote.codec.w3c.W3CHttpResponseCodec.decode(W3CHttpResponseCodec.java:51)
	at org.openqa.selenium.remote.HttpCommandExecutor.execute(HttpCommandExecutor.java:191)
	at org.openqa.selenium.remote.RemoteWebDriver.execute(RemoteWebDriver.java:531)
	at org.openqa.selenium.remote.ElementLocation$ElementFinder$2.findElement(ElementLocation.java:165)
	at org.openqa.selenium.remote.ElementLocation.findElement(ElementLocation.java:59)
	at org.openqa.selenium.remote.RemoteWebDriver.findElement(RemoteWebDriver.java:350)
	at org.openqa.selenium.remote.RemoteWebDriver.findElement(RemoteWebDriver.java:344)
	at org.openqa.selenium.remote.RemoteWebDriver.findElement(RemoteWebDriver.java)
	at org.openqa.selenium.support.pagefactory.DefaultElementLocator.findElement(DefaultElementLocator.java:68)
	at org.openqa.selenium.support.pagefactory.internal.LocatingElementHandler.invoke(LocatingElementHandler.java:38)
	at com.sun.proxy.$Proxy14.click(Unknown Source)
	at Unifyed.Unifyed_Engage.AdminPages.AdminLandingPageClass.landingHamburgerMethod(AdminLandingPageClass.java:49)
	at Unifyed.Unifyed_Engage.LoginLogoutTest.LoginLogoutMethod(LoginLogoutTest.java:22)
	at java.base/java.util.ArrayList.forEach(ArrayList.java:1541)
	at java.base/java.util.concurrent.FutureTask.run(FutureTask.java:264)
	at java.base/java.util.concurrent.ThreadPoolExecutor.runWorker(ThreadPoolExecutor.java:1128)
	at java.base/java.util.concurrent.ThreadPoolExecutor$Worker.run(ThreadPoolExecutor.java:628)
	at java.base/java.lang.Thread.run(Thread.java:834)
... Removed 21 stack frames</div></td></tr></table><p class="totop"><a href="#summary">back to summary</a></p>
<h3 id="m8">Unifyed.Unifyed_Engage.LoginLogoutTest#LoginLogoutMethod</h3><table class="result"><tr class="param"><th>Parameter #1</th><th>Parameter #2</th></tr><tr class="param stripe"><td>philip_parker@unifyedqa.edu</td><td>Admin@2008</td></tr><tr><th colspan="2">Exception</th></tr><tr><td colspan="2"><div class="stacktrace">org.openqa.selenium.NoSuchElementException: no such element: Unable to locate element: {&quot;method&quot;:&quot;xpath&quot;,&quot;selector&quot;:&quot;//div[contains(@class, &apos;profile&apos;)]//button[@class=&apos;btn btn-primary&apos;]&quot;}
  (Session info: chrome=103.0.5060.114)
For documentation on this error, please visit: https://www.selenium.dev/documentation/webdriver/troubleshooting/errors#no-such-element-exception
Build info: version: &apos;4.10.0&apos;, revision: &apos;c14d967899&apos;
System info: os.name: &apos;Windows 10&apos;, os.arch: &apos;amd64&apos;, os.version: &apos;10.0&apos;, java.version: &apos;11.0.11&apos;
Driver info: org.openqa.selenium.chrome.ChromeDriver
Command: [2612b1cf5c4e9448cd7b00711add9b192879ae6e, findElement {using=xpath, value=//div[contains(@class, &apos;profile&apos;)]//button[@class=&apos;btn btn-primary&apos;]}]
Capabilities {acceptInsecureCerts: true, browserName: chrome, browserVersion: 103.0.5060.114, chrome: {chromedriverVersion: 103.0.5060.24 (e47b049c438c..., userDataDir: C:\Windows\proxy\scoped_dir...}, goog:chromeOptions: {debuggerAddress: localhost:9222}, networkConnectionEnabled: false, optimalHubUrl: hub-aps.browserstack.com, pageLoadStrategy: normal, platformName: windows, proxy: Proxy(), setWindowRect: true, strictFileInteractability: false, timeouts: {implicit: 0, pageLoad: 300000, script: 30000}, unhandledPromptBehavior: dismiss and notify, webauthn:extension:credBlob: true, webauthn:extension:largeBlob: true, webauthn:virtualAuthenticators: true, webdriver.remote.sessionid: 2612b1cf5c4e9448cd7b00711ad...}
Session ID: 2612b1cf5c4e9448cd7b00711add9b192879ae6e
	at org.openqa.selenium.remote.codec.w3c.W3CHttpResponseCodec.createException(W3CHttpResponseCodec.java:199)
	at org.openqa.selenium.remote.codec.w3c.W3CHttpResponseCodec.decode(W3CHttpResponseCodec.java:132)
	at org.openqa.selenium.remote.codec.w3c.W3CHttpResponseCodec.decode(W3CHttpResponseCodec.java:51)
	at org.openqa.selenium.remote.HttpCommandExecutor.execute(HttpCommandExecutor.java:191)
	at org.openqa.selenium.remote.RemoteWebDriver.execute(RemoteWebDriver.java:531)
	at org.openqa.selenium.remote.ElementLocation$ElementFinder$2.findElement(ElementLocation.java:165)
	at org.openqa.selenium.remote.ElementLocation.findElement(ElementLocation.java:59)
	at org.openqa.selenium.remote.RemoteWebDriver.findElement(RemoteWebDriver.java:350)
	at org.openqa.selenium.remote.RemoteWebDriver.findElement(RemoteWebDriver.java:344)
	at org.openqa.selenium.remote.RemoteWebDriver.findElement(RemoteWebDriver.java)
	at org.openqa.selenium.support.pagefactory.DefaultElementLocator.findElement(DefaultElementLocator.java:68)
	at org.openqa.selenium.support.pagefactory.internal.LocatingElementHandler.invoke(LocatingElementHandler.java:38)
	at com.sun.proxy.$Proxy14.click(Unknown Source)
	at Unifyed.Unifyed_Engage.AdminPages.AdminLoginPageClass.loginMethodMethod(AdminLoginPageClass.java:33)
	at Unifyed.Unifyed_Engage.LoginLogoutTest.LoginLogoutMethod(LoginLogoutTest.java:20)
	at java.base/java.util.ArrayList.forEach(ArrayList.java:1541)
	at java.base/java.util.concurrent.FutureTask.run(FutureTask.java:264)
	at java.base/java.util.concurrent.ThreadPoolExecutor.runWorker(ThreadPoolExecutor.java:1128)
	at java.base/java.util.concurrent.ThreadPoolExecutor$Worker.run(ThreadPoolExecutor.java:628)
	at java.base/java.lang.Thread.run(Thread.java:834)
... Removed 21 stack frames</div></td></tr></table><p class="totop"><a href="#summary">back to summary</a></p>
<h3 id="m9">Unifyed.Unifyed_Engage.LoginLogoutTest#LoginLogoutMethod</h3><table class="result"><tr class="param"><th>Parameter #1</th><th>Parameter #2</th></tr><tr class="param stripe"><td>pankaj_kalra@unifyedqa.edu</td><td>Admin@2008s</td></tr></table><p class="totop"><a href="#summary">back to summary</a></p>
<h2>CategoryTest-1</h2><h3 id="m10">Unifyed.Unifyed_Engage.LoginLogoutTest#LoginLogoutMethod</h3><table class="result"><tr class="param"><th>Parameter #1</th><th>Parameter #2</th></tr><tr class="param stripe"><td>pankaj_kalra@unifyedqa.edu</td><td>Admin@2008s</td></tr><tr><th colspan="2">Exception</th></tr><tr><td colspan="2"><div class="stacktrace">org.openqa.selenium.ElementNotInteractableException: Element &lt;button class=&quot;btn btn-primary&quot;&gt; could not be scrolled into view
Build info: version: &apos;4.10.0&apos;, revision: &apos;c14d967899&apos;
System info: os.name: &apos;Windows 10&apos;, os.arch: &apos;amd64&apos;, os.version: &apos;10.0&apos;, java.version: &apos;11.0.11&apos;
Driver info: org.openqa.selenium.chrome.ChromeDriver
Command: [e66844dd0ece9ba912a5a5e6a8497d74fcb5ef8e, clickElement {id=39fa012e-eaae-4bf9-bd9f-92c08006b9a8}]
Capabilities {acceptInsecureCerts: true, browserName: firefox, browserVersion: 99.0, moz:accessibilityChecks: false, moz:buildID: 20220330194208, moz:geckodriverVersion: 0.31.0, moz:headless: false, moz:processID: 9300, moz:profile: C:\Windows\proxy\rust_mozpr..., moz:shutdownTimeout: 60000, moz:useNonSpecCompliantPointerOrigin: false, moz:webdriverClick: true, optimalHubUrl: hub-aps.browserstack.com, pageLoadStrategy: normal, platformName: windows, platformVersion: 10.0, proxy: Proxy(), setWindowRect: true, strictFileInteractability: false, timeouts: {implicit: 0, pageLoad: 300000, script: 30000}, unhandledPromptBehavior: dismiss and notify, webdriver.remote.sessionid: e66844dd0ece9ba912a5a5e6a84...}
Element: [[ChromeDriver: firefox on windows (e66844dd0ece9ba912a5a5e6a8497d74fcb5ef8e)] -&gt; xpath: //div[contains(@class, &apos;profile&apos;)]//button[@class=&apos;btn btn-primary&apos;]]
Session ID: e66844dd0ece9ba912a5a5e6a8497d74fcb5ef8e
	at org.openqa.selenium.remote.codec.w3c.W3CHttpResponseCodec.createException(W3CHttpResponseCodec.java:199)
	at org.openqa.selenium.remote.codec.w3c.W3CHttpResponseCodec.decode(W3CHttpResponseCodec.java:132)
	at org.openqa.selenium.remote.codec.w3c.W3CHttpResponseCodec.decode(W3CHttpResponseCodec.java:51)
	at org.openqa.selenium.remote.HttpCommandExecutor.execute(HttpCommandExecutor.java:191)
	at org.openqa.selenium.remote.RemoteWebDriver.execute(RemoteWebDriver.java:531)
	at org.openqa.selenium.remote.RemoteWebElement.execute(RemoteWebElement.java:242)
	at org.openqa.selenium.remote.RemoteWebElement.click(RemoteWebElement.java:77)
	at org.openqa.selenium.support.pagefactory.internal.LocatingElementHandler.invoke(LocatingElementHandler.java:51)
	at com.sun.proxy.$Proxy14.click(Unknown Source)
	at Unifyed.Unifyed_Engage.AdminPages.AdminLoginPageClass.loginMethodMethod(AdminLoginPageClass.java:33)
	at Unifyed.Unifyed_Engage.LoginLogoutTest.LoginLogoutMethod(LoginLogoutTest.java:20)
	at java.base/java.util.ArrayList.forEach(ArrayList.java:1541)
	at java.base/java.util.concurrent.FutureTask.run(FutureTask.java:264)
	at java.base/java.util.concurrent.ThreadPoolExecutor.runWorker(ThreadPoolExecutor.java:1128)
	at java.base/java.util.concurrent.ThreadPoolExecutor$Worker.run(ThreadPoolExecutor.java:628)
	at java.base/java.lang.Thread.run(Thread.java:834)
... Removed 25 stack frames</div></td></tr></table><p class="totop"><a href="#summary">back to summary</a></p>
<h3 id="m11">Unifyed.Unifyed_Engage.LoginLogoutTest#LoginLogoutMethod</h3><table class="result"><tr class="param"><th>Parameter #1</th><th>Parameter #2</th></tr><tr class="param stripe"><td>philip_parker@unifyedqa.edu</td><td>Admin@2008</td></tr><tr><th colspan="2">Exception</th></tr><tr><td colspan="2"><div class="stacktrace">org.openqa.selenium.NoSuchElementException: Unable to locate element: //div[contains(@class, &apos;profile&apos;)]//button[@class=&apos;btn btn-primary&apos;]
For documentation on this error, please visit: https://www.selenium.dev/documentation/webdriver/troubleshooting/errors#no-such-element-exception
Build info: version: &apos;4.10.0&apos;, revision: &apos;c14d967899&apos;
System info: os.name: &apos;Windows 10&apos;, os.arch: &apos;amd64&apos;, os.version: &apos;10.0&apos;, java.version: &apos;11.0.11&apos;
Driver info: org.openqa.selenium.chrome.ChromeDriver
Command: [e66844dd0ece9ba912a5a5e6a8497d74fcb5ef8e, findElement {using=xpath, value=//div[contains(@class, &apos;profile&apos;)]//button[@class=&apos;btn btn-primary&apos;]}]
Capabilities {acceptInsecureCerts: true, browserName: firefox, browserVersion: 99.0, moz:accessibilityChecks: false, moz:buildID: 20220330194208, moz:geckodriverVersion: 0.31.0, moz:headless: false, moz:processID: 9300, moz:profile: C:\Windows\proxy\rust_mozpr..., moz:shutdownTimeout: 60000, moz:useNonSpecCompliantPointerOrigin: false, moz:webdriverClick: true, optimalHubUrl: hub-aps.browserstack.com, pageLoadStrategy: normal, platformName: windows, platformVersion: 10.0, proxy: Proxy(), setWindowRect: true, strictFileInteractability: false, timeouts: {implicit: 0, pageLoad: 300000, script: 30000}, unhandledPromptBehavior: dismiss and notify, webdriver.remote.sessionid: e66844dd0ece9ba912a5a5e6a84...}
Session ID: e66844dd0ece9ba912a5a5e6a8497d74fcb5ef8e
	at org.openqa.selenium.remote.codec.w3c.W3CHttpResponseCodec.createException(W3CHttpResponseCodec.java:199)
	at org.openqa.selenium.remote.codec.w3c.W3CHttpResponseCodec.decode(W3CHttpResponseCodec.java:132)
	at org.openqa.selenium.remote.codec.w3c.W3CHttpResponseCodec.decode(W3CHttpResponseCodec.java:51)
	at org.openqa.selenium.remote.HttpCommandExecutor.execute(HttpCommandExecutor.java:191)
	at org.openqa.selenium.remote.RemoteWebDriver.execute(RemoteWebDriver.java:531)
	at org.openqa.selenium.remote.ElementLocation$ElementFinder$2.findElement(ElementLocation.java:165)
	at org.openqa.selenium.remote.ElementLocation.findElement(ElementLocation.java:59)
	at org.openqa.selenium.remote.RemoteWebDriver.findElement(RemoteWebDriver.java:350)
	at org.openqa.selenium.remote.RemoteWebDriver.findElement(RemoteWebDriver.java:344)
	at org.openqa.selenium.support.pagefactory.DefaultElementLocator.findElement(DefaultElementLocator.java:68)
	at org.openqa.selenium.support.pagefactory.internal.LocatingElementHandler.invoke(LocatingElementHandler.java:38)
	at com.sun.proxy.$Proxy14.click(Unknown Source)
	at Unifyed.Unifyed_Engage.AdminPages.AdminLoginPageClass.loginMethodMethod(AdminLoginPageClass.java:33)
	at Unifyed.Unifyed_Engage.LoginLogoutTest.LoginLogoutMethod(LoginLogoutTest.java:20)
	at java.base/java.util.ArrayList.forEach(ArrayList.java:1541)
	at java.base/java.util.concurrent.FutureTask.run(FutureTask.java:264)
	at java.base/java.util.concurrent.ThreadPoolExecutor.runWorker(ThreadPoolExecutor.java:1128)
	at java.base/java.util.concurrent.ThreadPoolExecutor$Worker.run(ThreadPoolExecutor.java:628)
	at java.base/java.lang.Thread.run(Thread.java:834)
... Removed 21 stack frames</div></td></tr></table><p class="totop"><a href="#summary">back to summary</a></p>
<h3 id="m12">Unifyed.Unifyed_Engage.LoginLogoutTest#LoginLogoutMethod</h3><table class="result"><tr class="param"><th>Parameter #1</th><th>Parameter #2</th></tr><tr class="param stripe"><td>pankaj_kalra@unifyedqa.edu</td><td>Admin@2008s</td></tr><tr><th colspan="2">Exception</th></tr><tr><td colspan="2"><div class="stacktrace">org.openqa.selenium.StaleElementReferenceException: The element reference of &lt;button class=&quot;btn btn-primary&quot; type=&quot;button&quot;&gt; is stale; either the element is no longer attached to the DOM, it is not in the current frame context, or the document has been refreshed
For documentation on this error, please visit: https://www.selenium.dev/documentation/webdriver/troubleshooting/errors#stale-element-reference-exception
Build info: version: &apos;4.10.0&apos;, revision: &apos;c14d967899&apos;
System info: os.name: &apos;Windows 10&apos;, os.arch: &apos;amd64&apos;, os.version: &apos;10.0&apos;, java.version: &apos;11.0.11&apos;
Driver info: org.openqa.selenium.chrome.ChromeDriver
Command: [e66844dd0ece9ba912a5a5e6a8497d74fcb5ef8e, clickElement {id=8b4de33d-99b7-4ddb-bea0-aa92cdba44f1}]
Capabilities {acceptInsecureCerts: true, browserName: firefox, browserVersion: 99.0, moz:accessibilityChecks: false, moz:buildID: 20220330194208, moz:geckodriverVersion: 0.31.0, moz:headless: false, moz:processID: 9300, moz:profile: C:\Windows\proxy\rust_mozpr..., moz:shutdownTimeout: 60000, moz:useNonSpecCompliantPointerOrigin: false, moz:webdriverClick: true, optimalHubUrl: hub-aps.browserstack.com, pageLoadStrategy: normal, platformName: windows, platformVersion: 10.0, proxy: Proxy(), setWindowRect: true, strictFileInteractability: false, timeouts: {implicit: 0, pageLoad: 300000, script: 30000}, unhandledPromptBehavior: dismiss and notify, webdriver.remote.sessionid: e66844dd0ece9ba912a5a5e6a84...}
Element: [[ChromeDriver: firefox on windows (e66844dd0ece9ba912a5a5e6a8497d74fcb5ef8e)] -&gt; xpath: //div[contains(@class, &apos;profile&apos;)]//button[@class=&apos;btn btn-primary&apos;]]
Session ID: e66844dd0ece9ba912a5a5e6a8497d74fcb5ef8e
	at org.openqa.selenium.remote.codec.w3c.W3CHttpResponseCodec.createException(W3CHttpResponseCodec.java:199)
	at org.openqa.selenium.remote.codec.w3c.W3CHttpResponseCodec.decode(W3CHttpResponseCodec.java:132)
	at org.openqa.selenium.remote.codec.w3c.W3CHttpResponseCodec.decode(W3CHttpResponseCodec.java:51)
	at org.openqa.selenium.remote.HttpCommandExecutor.execute(HttpCommandExecutor.java:191)
	at org.openqa.selenium.remote.RemoteWebDriver.execute(RemoteWebDriver.java:531)
	at org.openqa.selenium.remote.RemoteWebElement.execute(RemoteWebElement.java:242)
	at org.openqa.selenium.remote.RemoteWebElement.click(RemoteWebElement.java:77)
	at org.openqa.selenium.support.pagefactory.internal.LocatingElementHandler.invoke(LocatingElementHandler.java:51)
	at com.sun.proxy.$Proxy14.click(Unknown Source)
	at Unifyed.Unifyed_Engage.AdminPages.AdminLoginPageClass.loginMethodMethod(AdminLoginPageClass.java:33)
	at Unifyed.Unifyed_Engage.LoginLogoutTest.LoginLogoutMethod(LoginLogoutTest.java:20)
	at java.base/java.util.ArrayList.forEach(ArrayList.java:1541)
	at java.base/java.util.concurrent.FutureTask.run(FutureTask.java:264)
	at java.base/java.util.concurrent.ThreadPoolExecutor.runWorker(ThreadPoolExecutor.java:1128)
	at java.base/java.util.concurrent.ThreadPoolExecutor$Worker.run(ThreadPoolExecutor.java:628)
	at java.base/java.lang.Thread.run(Thread.java:834)
... Removed 25 stack frames</div></td></tr></table><p class="totop"><a href="#summary">back to summary</a></p>
<h3 id="m13">Unifyed.Unifyed_Engage.LoginLogoutTest#LoginLogoutMethod</h3><table class="result"><tr class="param"><th>Parameter #1</th><th>Parameter #2</th></tr><tr class="param stripe"><td>philip_parker@unifyedqa.edu</td><td>Admin@2008</td></tr><tr><th colspan="2">Exception</th></tr><tr><td colspan="2"><div class="stacktrace">org.openqa.selenium.NoSuchElementException: Unable to locate element: //div[@id=&apos;addToggleMode&apos;]/img
For documentation on this error, please visit: https://www.selenium.dev/documentation/webdriver/troubleshooting/errors#no-such-element-exception
Build info: version: &apos;4.10.0&apos;, revision: &apos;c14d967899&apos;
System info: os.name: &apos;Windows 10&apos;, os.arch: &apos;amd64&apos;, os.version: &apos;10.0&apos;, java.version: &apos;11.0.11&apos;
Driver info: org.openqa.selenium.chrome.ChromeDriver
Command: [e66844dd0ece9ba912a5a5e6a8497d74fcb5ef8e, findElement {using=xpath, value=//div[@id=&apos;addToggleMode&apos;]/img}]
Capabilities {acceptInsecureCerts: true, browserName: firefox, browserVersion: 99.0, moz:accessibilityChecks: false, moz:buildID: 20220330194208, moz:geckodriverVersion: 0.31.0, moz:headless: false, moz:processID: 9300, moz:profile: C:\Windows\proxy\rust_mozpr..., moz:shutdownTimeout: 60000, moz:useNonSpecCompliantPointerOrigin: false, moz:webdriverClick: true, optimalHubUrl: hub-aps.browserstack.com, pageLoadStrategy: normal, platformName: windows, platformVersion: 10.0, proxy: Proxy(), setWindowRect: true, strictFileInteractability: false, timeouts: {implicit: 0, pageLoad: 300000, script: 30000}, unhandledPromptBehavior: dismiss and notify, webdriver.remote.sessionid: e66844dd0ece9ba912a5a5e6a84...}
Session ID: e66844dd0ece9ba912a5a5e6a8497d74fcb5ef8e
	at org.openqa.selenium.remote.codec.w3c.W3CHttpResponseCodec.createException(W3CHttpResponseCodec.java:199)
	at org.openqa.selenium.remote.codec.w3c.W3CHttpResponseCodec.decode(W3CHttpResponseCodec.java:132)
	at org.openqa.selenium.remote.codec.w3c.W3CHttpResponseCodec.decode(W3CHttpResponseCodec.java:51)
	at org.openqa.selenium.remote.HttpCommandExecutor.execute(HttpCommandExecutor.java:191)
	at org.openqa.selenium.remote.RemoteWebDriver.execute(RemoteWebDriver.java:531)
	at org.openqa.selenium.remote.ElementLocation$ElementFinder$2.findElement(ElementLocation.java:165)
	at org.openqa.selenium.remote.ElementLocation.findElement(ElementLocation.java:59)
	at org.openqa.selenium.remote.RemoteWebDriver.findElement(RemoteWebDriver.java:350)
	at org.openqa.selenium.remote.RemoteWebDriver.findElement(RemoteWebDriver.java:344)
	at org.openqa.selenium.support.pagefactory.DefaultElementLocator.findElement(DefaultElementLocator.java:68)
	at org.openqa.selenium.support.pagefactory.internal.LocatingElementHandler.invoke(LocatingElementHandler.java:38)
	at com.sun.proxy.$Proxy14.click(Unknown Source)
	at Unifyed.Unifyed_Engage.AdminPages.AdminLandingPageClass.landingHamburgerMethod(AdminLandingPageClass.java:49)
	at Unifyed.Unifyed_Engage.LoginLogoutTest.LoginLogoutMethod(LoginLogoutTest.java:22)
	at java.base/java.util.ArrayList.forEach(ArrayList.java:1541)
	at java.base/java.util.concurrent.FutureTask.run(FutureTask.java:264)
	at java.base/java.util.concurrent.ThreadPoolExecutor.runWorker(ThreadPoolExecutor.java:1128)
	at java.base/java.util.concurrent.ThreadPoolExecutor$Worker.run(ThreadPoolExecutor.java:628)
	at java.base/java.lang.Thread.run(Thread.java:834)
... Removed 21 stack frames</div></td></tr></table><p class="totop"><a href="#summary">back to summary</a></p>
<h3 id="m14">Unifyed.Unifyed_Engage.LoginLogoutTest#LoginLogoutMethod</h3><table class="result"><tr class="param"><th>Parameter #1</th><th>Parameter #2</th></tr><tr class="param stripe"><td>philip_parker@unifyedqa.edu</td><td>Admin@2008</td></tr><tr><th colspan="2">Exception</th></tr><tr><td colspan="2"><div class="stacktrace">org.openqa.selenium.NoSuchElementException: Unable to locate element: //div[contains(@class, &apos;profile&apos;)]//button[@class=&apos;btn btn-primary&apos;]
For documentation on this error, please visit: https://www.selenium.dev/documentation/webdriver/troubleshooting/errors#no-such-element-exception
Build info: version: &apos;4.10.0&apos;, revision: &apos;c14d967899&apos;
System info: os.name: &apos;Windows 10&apos;, os.arch: &apos;amd64&apos;, os.version: &apos;10.0&apos;, java.version: &apos;11.0.11&apos;
Driver info: org.openqa.selenium.chrome.ChromeDriver
Command: [e66844dd0ece9ba912a5a5e6a8497d74fcb5ef8e, findElement {using=xpath, value=//div[contains(@class, &apos;profile&apos;)]//button[@class=&apos;btn btn-primary&apos;]}]
Capabilities {acceptInsecureCerts: true, browserName: firefox, browserVersion: 99.0, moz:accessibilityChecks: false, moz:buildID: 20220330194208, moz:geckodriverVersion: 0.31.0, moz:headless: false, moz:processID: 9300, moz:profile: C:\Windows\proxy\rust_mozpr..., moz:shutdownTimeout: 60000, moz:useNonSpecCompliantPointerOrigin: false, moz:webdriverClick: true, optimalHubUrl: hub-aps.browserstack.com, pageLoadStrategy: normal, platformName: windows, platformVersion: 10.0, proxy: Proxy(), setWindowRect: true, strictFileInteractability: false, timeouts: {implicit: 0, pageLoad: 300000, script: 30000}, unhandledPromptBehavior: dismiss and notify, webdriver.remote.sessionid: e66844dd0ece9ba912a5a5e6a84...}
Session ID: e66844dd0ece9ba912a5a5e6a8497d74fcb5ef8e
	at org.openqa.selenium.remote.codec.w3c.W3CHttpResponseCodec.createException(W3CHttpResponseCodec.java:199)
	at org.openqa.selenium.remote.codec.w3c.W3CHttpResponseCodec.decode(W3CHttpResponseCodec.java:132)
	at org.openqa.selenium.remote.codec.w3c.W3CHttpResponseCodec.decode(W3CHttpResponseCodec.java:51)
	at org.openqa.selenium.remote.HttpCommandExecutor.execute(HttpCommandExecutor.java:191)
	at org.openqa.selenium.remote.RemoteWebDriver.execute(RemoteWebDriver.java:531)
	at org.openqa.selenium.remote.ElementLocation$ElementFinder$2.findElement(ElementLocation.java:165)
	at org.openqa.selenium.remote.ElementLocation.findElement(ElementLocation.java:59)
	at org.openqa.selenium.remote.RemoteWebDriver.findElement(RemoteWebDriver.java:350)
	at org.openqa.selenium.remote.RemoteWebDriver.findElement(RemoteWebDriver.java:344)
	at org.openqa.selenium.support.pagefactory.DefaultElementLocator.findElement(DefaultElementLocator.java:68)
	at org.openqa.selenium.support.pagefactory.internal.LocatingElementHandler.invoke(LocatingElementHandler.java:38)
	at com.sun.proxy.$Proxy14.click(Unknown Source)
	at Unifyed.Unifyed_Engage.AdminPages.AdminLoginPageClass.loginMethodMethod(AdminLoginPageClass.java:33)
	at Unifyed.Unifyed_Engage.LoginLogoutTest.LoginLogoutMethod(LoginLogoutTest.java:20)
	at java.base/java.util.ArrayList.forEach(ArrayList.java:1541)
	at java.base/java.util.concurrent.FutureTask.run(FutureTask.java:264)
	at java.base/java.util.concurrent.ThreadPoolExecutor.runWorker(ThreadPoolExecutor.java:1128)
	at java.base/java.util.concurrent.ThreadPoolExecutor$Worker.run(ThreadPoolExecutor.java:628)
	at java.base/java.lang.Thread.run(Thread.java:834)
... Removed 21 stack frames</div></td></tr></table><p class="totop"><a href="#summary">back to summary</a></p>
<h3 id="m15">Unifyed.Unifyed_Engage.LoginLogoutTest#LoginLogoutMethod</h3><table class="result"><tr class="param"><th>Parameter #1</th><th>Parameter #2</th></tr><tr class="param stripe"><td>pankaj_kalra@unifyedqa.edu</td><td>Admin@2008s</td></tr><tr><th colspan="2">Exception</th></tr><tr><td colspan="2"><div class="stacktrace">org.openqa.selenium.ElementNotInteractableException: Element &lt;img src=&quot;https://staticfiles.unifyed.com/images/menu.png&quot;&gt; could not be scrolled into view
Build info: version: &apos;4.10.0&apos;, revision: &apos;c14d967899&apos;
System info: os.name: &apos;Windows 10&apos;, os.arch: &apos;amd64&apos;, os.version: &apos;10.0&apos;, java.version: &apos;11.0.11&apos;
Driver info: org.openqa.selenium.chrome.ChromeDriver
Command: [e66844dd0ece9ba912a5a5e6a8497d74fcb5ef8e, clickElement {id=7a1e4666-45cc-4cb3-b819-594e037a4120}]
Capabilities {acceptInsecureCerts: true, browserName: firefox, browserVersion: 99.0, moz:accessibilityChecks: false, moz:buildID: 20220330194208, moz:geckodriverVersion: 0.31.0, moz:headless: false, moz:processID: 9300, moz:profile: C:\Windows\proxy\rust_mozpr..., moz:shutdownTimeout: 60000, moz:useNonSpecCompliantPointerOrigin: false, moz:webdriverClick: true, optimalHubUrl: hub-aps.browserstack.com, pageLoadStrategy: normal, platformName: windows, platformVersion: 10.0, proxy: Proxy(), setWindowRect: true, strictFileInteractability: false, timeouts: {implicit: 0, pageLoad: 300000, script: 30000}, unhandledPromptBehavior: dismiss and notify, webdriver.remote.sessionid: e66844dd0ece9ba912a5a5e6a84...}
Element: [[ChromeDriver: firefox on windows (e66844dd0ece9ba912a5a5e6a8497d74fcb5ef8e)] -&gt; xpath: //div[@id=&apos;addToggleMode&apos;]/img]
Session ID: e66844dd0ece9ba912a5a5e6a8497d74fcb5ef8e
	at org.openqa.selenium.remote.codec.w3c.W3CHttpResponseCodec.createException(W3CHttpResponseCodec.java:199)
	at org.openqa.selenium.remote.codec.w3c.W3CHttpResponseCodec.decode(W3CHttpResponseCodec.java:132)
	at org.openqa.selenium.remote.codec.w3c.W3CHttpResponseCodec.decode(W3CHttpResponseCodec.java:51)
	at org.openqa.selenium.remote.HttpCommandExecutor.execute(HttpCommandExecutor.java:191)
	at org.openqa.selenium.remote.RemoteWebDriver.execute(RemoteWebDriver.java:531)
	at org.openqa.selenium.remote.RemoteWebElement.execute(RemoteWebElement.java:242)
	at org.openqa.selenium.remote.RemoteWebElement.click(RemoteWebElement.java:77)
	at org.openqa.selenium.support.pagefactory.internal.LocatingElementHandler.invoke(LocatingElementHandler.java:51)
	at com.sun.proxy.$Proxy14.click(Unknown Source)
	at Unifyed.Unifyed_Engage.AdminPages.AdminLandingPageClass.landingHamburgerMethod(AdminLandingPageClass.java:49)
	at Unifyed.Unifyed_Engage.LoginLogoutTest.LoginLogoutMethod(LoginLogoutTest.java:22)
	at java.base/java.util.ArrayList.forEach(ArrayList.java:1541)
	at java.base/java.util.concurrent.FutureTask.run(FutureTask.java:264)
	at java.base/java.util.concurrent.ThreadPoolExecutor.runWorker(ThreadPoolExecutor.java:1128)
	at java.base/java.util.concurrent.ThreadPoolExecutor$Worker.run(ThreadPoolExecutor.java:628)
	at java.base/java.lang.Thread.run(Thread.java:834)
... Removed 25 stack frames</div></td></tr></table><p class="totop"><a href="#summary">back to summary</a></p>
</body>
</html>
